<?xml version="1.0" encoding="UTF-8"?>
<testng-results skipped="0" failed="0" total="1" passed="1">
  <reporter-output>
  </reporter-output>
  <suite name="Command line suite" duration-ms="202" started-at="2014-07-22T15:18:17Z" finished-at="2014-07-22T15:18:17Z">
    <groups>
    </groups>
    <test name="Command line test" duration-ms="202" started-at="2014-07-22T15:18:17Z" finished-at="2014-07-22T15:18:17Z">
      <class name="org.forgerock.openidm.repo.jdbc.impl.GenericTableConfigTest">
        <test-method status="PASS" signature="testIsSearchable()[pri:0, instance:org.forgerock.openidm.repo.jdbc.impl.GenericTableConfigTest@136a2062]" name="testIsSearchable" duration-ms="193" started-at="2014-07-22T17:18:17Z" finished-at="2014-07-22T17:18:17Z">
          <reporter-output>
          </reporter-output>
        </test-method> <!-- testIsSearchable -->
      </class> <!-- org.forgerock.openidm.repo.jdbc.impl.GenericTableConfigTest -->
    </test> <!-- Command line test -->
  </suite> <!-- Command line suite -->
</testng-results>
