<?xml version="1.0" encoding="UTF-8"?>
<testng-results skipped="0" failed="0" total="28" passed="28">
  <reporter-output>
  </reporter-output>
  <suite name="Command line suite" duration-ms="1567" started-at="2014-07-22T15:18:23Z" finished-at="2014-07-22T15:18:24Z">
    <groups>
    </groups>
    <test name="Command line test" duration-ms="1567" started-at="2014-07-22T15:18:23Z" finished-at="2014-07-22T15:18:24Z">
      <class name="org.forgerock.openidm.repo.orientdb.impl.query.TokenHandlerTest">
        <test-method status="PASS" signature="initTokenHandler()[pri:0, instance:org.forgerock.openidm.repo.orientdb.impl.query.TokenHandlerTest@29345550]" name="initTokenHandler" duration-ms="1" started-at="2014-07-22T17:18:24Z" finished-at="2014-07-22T17:18:24Z">
          <reporter-output>
          </reporter-output>
        </test-method> <!-- initTokenHandler -->
        <test-method status="PASS" signature="replaceTokenWithDotNotationAbsolute()[pri:0, instance:org.forgerock.openidm.repo.orientdb.impl.query.TokenHandlerTest@29345550]" name="replaceTokenWithDotNotationAbsolute" duration-ms="0" started-at="2014-07-22T17:18:24Z" depends-on-methods="org.forgerock.openidm.repo.orientdb.impl.query.TokenHandlerTest.initTokenHandler" finished-at="2014-07-22T17:18:24Z">
          <reporter-output>
          </reporter-output>
        </test-method> <!-- replaceTokenWithDotNotationAbsolute -->
        <test-method status="PASS" signature="replaceTokenWithDotNotationRelative()[pri:0, instance:org.forgerock.openidm.repo.orientdb.impl.query.TokenHandlerTest@29345550]" name="replaceTokenWithDotNotationRelative" duration-ms="0" started-at="2014-07-22T17:18:24Z" depends-on-methods="org.forgerock.openidm.repo.orientdb.impl.query.TokenHandlerTest.initTokenHandler" finished-at="2014-07-22T17:18:24Z">
          <reporter-output>
          </reporter-output>
        </test-method> <!-- replaceTokenWithDotNotationRelative -->
        <test-method status="PASS" signature="replaceTokensWithValues()[pri:0, instance:org.forgerock.openidm.repo.orientdb.impl.query.TokenHandlerTest@29345550]" name="replaceTokensWithValues" duration-ms="0" started-at="2014-07-22T17:18:24Z" depends-on-methods="org.forgerock.openidm.repo.orientdb.impl.query.TokenHandlerTest.initTokenHandler" finished-at="2014-07-22T17:18:24Z">
          <reporter-output>
          </reporter-output>
        </test-method> <!-- replaceTokensWithValues -->
        <test-method status="PASS" signature="replaceTokensWithOrientToken()[pri:0, instance:org.forgerock.openidm.repo.orientdb.impl.query.TokenHandlerTest@29345550]" name="replaceTokensWithOrientToken" duration-ms="0" started-at="2014-07-22T17:18:24Z" depends-on-methods="org.forgerock.openidm.repo.orientdb.impl.query.TokenHandlerTest.initTokenHandler" finished-at="2014-07-22T17:18:24Z">
          <reporter-output>
          </reporter-output>
        </test-method> <!-- replaceTokensWithOrientToken -->
        <test-method status="PASS" signature="valueReplaceMissingToken()[pri:0, instance:org.forgerock.openidm.repo.orientdb.impl.query.TokenHandlerTest@29345550]" name="valueReplaceMissingToken" duration-ms="0" started-at="2014-07-22T17:18:24Z" depends-on-methods="org.forgerock.openidm.repo.orientdb.impl.query.TokenHandlerTest.initTokenHandler" finished-at="2014-07-22T17:18:24Z">
          <exception class="org.forgerock.json.resource.BadRequestException">
            <message>
              <![CDATA[Missing entry in params passed to query for token firstname]]>
            </message>
            <full-stacktrace>
              <![CDATA[org.forgerock.json.resource.BadRequestException: Missing entry in params passed to query for token firstname
	at org.forgerock.openidm.repo.orientdb.impl.query.TokenHandler.replaceTokensWithValues(TokenHandler.java:75)
	at org.forgerock.openidm.repo.orientdb.impl.query.TokenHandlerTest.valueReplaceMissingToken(TokenHandlerTest.java:116)
	at sun.reflect.NativeMethodAccessorImpl.invoke0(Native Method)
	at sun.reflect.NativeMethodAccessorImpl.invoke(NativeMethodAccessorImpl.java:57)
	at sun.reflect.DelegatingMethodAccessorImpl.invoke(DelegatingMethodAccessorImpl.java:43)
	at java.lang.reflect.Method.invoke(Method.java:606)
	at org.testng.internal.MethodInvocationHelper.invokeMethod(MethodInvocationHelper.java:84)
	at org.testng.internal.Invoker.invokeMethod(Invoker.java:714)
	at org.testng.internal.Invoker.invokeTestMethod(Invoker.java:901)
	at org.testng.internal.Invoker.invokeTestMethods(Invoker.java:1231)
	at org.testng.internal.TestMethodWorker.invokeTestMethods(TestMethodWorker.java:127)
	at org.testng.internal.TestMethodWorker.run(TestMethodWorker.java:111)
	at org.testng.TestRunner.privateRun(TestRunner.java:767)
	at org.testng.TestRunner.run(TestRunner.java:617)
	at org.testng.SuiteRunner.runTest(SuiteRunner.java:334)
	at org.testng.SuiteRunner.runSequentially(SuiteRunner.java:329)
	at org.testng.SuiteRunner.privateRun(SuiteRunner.java:291)
	at org.testng.SuiteRunner.run(SuiteRunner.java:240)
	at org.testng.SuiteRunnerWorker.runSuite(SuiteRunnerWorker.java:52)
	at org.testng.SuiteRunnerWorker.run(SuiteRunnerWorker.java:86)
	at org.testng.TestNG.runSuitesSequentially(TestNG.java:1224)
	at org.testng.TestNG.runSuitesLocally(TestNG.java:1149)
	at org.testng.TestNG.run(TestNG.java:1057)
	at org.apache.maven.surefire.testng.TestNGExecutor.run(TestNGExecutor.java:77)
	at org.apache.maven.surefire.testng.TestNGDirectoryTestSuite.executeMulti(TestNGDirectoryTestSuite.java:159)
	at org.apache.maven.surefire.testng.TestNGDirectoryTestSuite.execute(TestNGDirectoryTestSuite.java:99)
	at org.apache.maven.surefire.testng.TestNGProvider.invoke(TestNGProvider.java:106)
	at sun.reflect.NativeMethodAccessorImpl.invoke0(Native Method)
	at sun.reflect.NativeMethodAccessorImpl.invoke(NativeMethodAccessorImpl.java:57)
	at sun.reflect.DelegatingMethodAccessorImpl.invoke(DelegatingMethodAccessorImpl.java:43)
	at java.lang.reflect.Method.invoke(Method.java:606)
	at org.apache.maven.surefire.util.ReflectionUtils.invokeMethodWithArray(ReflectionUtils.java:189)
	at org.apache.maven.surefire.booter.ProviderFactory$ProviderProxy.invoke(ProviderFactory.java:165)
	at org.apache.maven.surefire.booter.ProviderFactory.invokeProvider(ProviderFactory.java:85)
	at org.apache.maven.surefire.booter.ForkedBooter.runSuitesInProcess(ForkedBooter.java:115)
	at org.apache.maven.surefire.booter.ForkedBooter.main(ForkedBooter.java:75)
]]>
            </full-stacktrace>
          </exception> <!-- org.forgerock.json.resource.BadRequestException -->
          <reporter-output>
          </reporter-output>
        </test-method> <!-- valueReplaceMissingToken -->
      </class> <!-- org.forgerock.openidm.repo.orientdb.impl.query.TokenHandlerTest -->
      <class name="org.forgerock.openidm.repo.orientdb.impl.DocumentUtilTest">
        <test-method status="PASS" signature="init()[pri:0, instance:org.forgerock.openidm.repo.orientdb.impl.DocumentUtilTest@42ac76c0]" name="init" is-config="true" duration-ms="176" started-at="2014-07-22T17:18:24Z" finished-at="2014-07-22T17:18:24Z">
          <reporter-output>
          </reporter-output>
        </test-method> <!-- init -->
        <test-method status="PASS" signature="mapToExistingEmbeddedDoc()[pri:0, instance:org.forgerock.openidm.repo.orientdb.impl.DocumentUtilTest@42ac76c0]" name="mapToExistingEmbeddedDoc" duration-ms="21" started-at="2014-07-22T17:18:24Z" finished-at="2014-07-22T17:18:24Z">
          <reporter-output>
          </reporter-output>
        </test-method> <!-- mapToExistingEmbeddedDoc -->
        <test-method status="PASS" signature="deepNestingToMap()[pri:0, instance:org.forgerock.openidm.repo.orientdb.impl.DocumentUtilTest@42ac76c0]" name="deepNestingToMap" duration-ms="3" started-at="2014-07-22T17:18:24Z" finished-at="2014-07-22T17:18:24Z">
          <reporter-output>
          </reporter-output>
        </test-method> <!-- deepNestingToMap -->
        <test-method status="PASS" signature="deepNestingWithSetToMap()[pri:0, instance:org.forgerock.openidm.repo.orientdb.impl.DocumentUtilTest@42ac76c0]" name="deepNestingWithSetToMap" duration-ms="1" started-at="2014-07-22T17:18:24Z" finished-at="2014-07-22T17:18:24Z">
          <reporter-output>
          </reporter-output>
        </test-method> <!-- deepNestingWithSetToMap -->
        <test-method status="PASS" signature="docToMapNullTest()[pri:0, instance:org.forgerock.openidm.repo.orientdb.impl.DocumentUtilTest@42ac76c0]" name="docToMapNullTest" duration-ms="0" started-at="2014-07-22T17:18:24Z" finished-at="2014-07-22T17:18:24Z">
          <reporter-output>
          </reporter-output>
        </test-method> <!-- docToMapNullTest -->
        <test-method status="PASS" signature="mapToDocToMap()[pri:0, instance:org.forgerock.openidm.repo.orientdb.impl.DocumentUtilTest@42ac76c0]" name="mapToDocToMap" duration-ms="1" started-at="2014-07-22T17:18:24Z" finished-at="2014-07-22T17:18:24Z">
          <reporter-output>
          </reporter-output>
        </test-method> <!-- mapToDocToMap -->
        <test-method status="PASS" signature="embeddedDocToMap()[pri:0, instance:org.forgerock.openidm.repo.orientdb.impl.DocumentUtilTest@42ac76c0]" name="embeddedDocToMap" duration-ms="1" started-at="2014-07-22T17:18:24Z" finished-at="2014-07-22T17:18:24Z">
          <reporter-output>
          </reporter-output>
        </test-method> <!-- embeddedDocToMap -->
        <test-method status="PASS" signature="mapToDocInvalidRevision()[pri:0, instance:org.forgerock.openidm.repo.orientdb.impl.DocumentUtilTest@42ac76c0]" name="mapToDocInvalidRevision" duration-ms="3" started-at="2014-07-22T17:18:24Z" finished-at="2014-07-22T17:18:24Z">
          <exception class="org.forgerock.json.resource.ConflictException">
            <message>
              <![CDATA[OrientDB repository expects revisions as int, unable to parse passed revision: invalid-version]]>
            </message>
            <full-stacktrace>
              <![CDATA[org.forgerock.json.resource.ConflictException: OrientDB repository expects revisions as int, unable to parse passed revision: invalid-version
	at org.forgerock.openidm.repo.orientdb.impl.DocumentUtil.parseVersion(DocumentUtil.java:346)
	at org.forgerock.openidm.repo.orientdb.impl.DocumentUtil.toDocument(DocumentUtil.java:297)
	at org.forgerock.openidm.repo.orientdb.impl.DocumentUtil.toDocument(DocumentUtil.java:238)
	at org.forgerock.openidm.repo.orientdb.impl.DocumentUtilTest.mapToDocInvalidRevision(DocumentUtilTest.java:502)
	at sun.reflect.NativeMethodAccessorImpl.invoke0(Native Method)
	at sun.reflect.NativeMethodAccessorImpl.invoke(NativeMethodAccessorImpl.java:57)
	at sun.reflect.DelegatingMethodAccessorImpl.invoke(DelegatingMethodAccessorImpl.java:43)
	at java.lang.reflect.Method.invoke(Method.java:606)
	at org.testng.internal.MethodInvocationHelper.invokeMethod(MethodInvocationHelper.java:84)
	at org.testng.internal.Invoker.invokeMethod(Invoker.java:714)
	at org.testng.internal.Invoker.invokeTestMethod(Invoker.java:901)
	at org.testng.internal.Invoker.invokeTestMethods(Invoker.java:1231)
	at org.testng.internal.TestMethodWorker.invokeTestMethods(TestMethodWorker.java:127)
	at org.testng.internal.TestMethodWorker.run(TestMethodWorker.java:111)
	at org.testng.TestRunner.privateRun(TestRunner.java:767)
	at org.testng.TestRunner.run(TestRunner.java:617)
	at org.testng.SuiteRunner.runTest(SuiteRunner.java:334)
	at org.testng.SuiteRunner.runSequentially(SuiteRunner.java:329)
	at org.testng.SuiteRunner.privateRun(SuiteRunner.java:291)
	at org.testng.SuiteRunner.run(SuiteRunner.java:240)
	at org.testng.SuiteRunnerWorker.runSuite(SuiteRunnerWorker.java:52)
	at org.testng.SuiteRunnerWorker.run(SuiteRunnerWorker.java:86)
	at org.testng.TestNG.runSuitesSequentially(TestNG.java:1224)
	at org.testng.TestNG.runSuitesLocally(TestNG.java:1149)
	at org.testng.TestNG.run(TestNG.java:1057)
	at org.apache.maven.surefire.testng.TestNGExecutor.run(TestNGExecutor.java:77)
	at org.apache.maven.surefire.testng.TestNGDirectoryTestSuite.executeMulti(TestNGDirectoryTestSuite.java:159)
	at org.apache.maven.surefire.testng.TestNGDirectoryTestSuite.execute(TestNGDirectoryTestSuite.java:99)
	at org.apache.maven.surefire.testng.TestNGProvider.invoke(TestNGProvider.java:106)
	at sun.reflect.NativeMethodAccessorImpl.invoke0(Native Method)
	at sun.reflect.NativeMethodAccessorImpl.invoke(NativeMethodAccessorImpl.java:57)
	at sun.reflect.DelegatingMethodAccessorImpl.invoke(DelegatingMethodAccessorImpl.java:43)
	at java.lang.reflect.Method.invoke(Method.java:606)
	at org.apache.maven.surefire.util.ReflectionUtils.invokeMethodWithArray(ReflectionUtils.java:189)
	at org.apache.maven.surefire.booter.ProviderFactory$ProviderProxy.invoke(ProviderFactory.java:165)
	at org.apache.maven.surefire.booter.ProviderFactory.invokeProvider(ProviderFactory.java:85)
	at org.apache.maven.surefire.booter.ForkedBooter.runSuitesInProcess(ForkedBooter.java:115)
	at org.apache.maven.surefire.booter.ForkedBooter.main(ForkedBooter.java:75)
]]>
            </full-stacktrace>
          </exception> <!-- org.forgerock.json.resource.ConflictException -->
          <reporter-output>
          </reporter-output>
        </test-method> <!-- mapToDocInvalidRevision -->
        <test-method status="PASS" signature="flatDocToMap()[pri:0, instance:org.forgerock.openidm.repo.orientdb.impl.DocumentUtilTest@42ac76c0]" name="flatDocToMap" duration-ms="0" started-at="2014-07-22T17:18:24Z" finished-at="2014-07-22T17:18:24Z">
          <reporter-output>
          </reporter-output>
        </test-method> <!-- flatDocToMap -->
        <test-method status="PASS" signature="deepNestingMixedODocAndMapToMap()[pri:0, instance:org.forgerock.openidm.repo.orientdb.impl.DocumentUtilTest@42ac76c0]" name="deepNestingMixedODocAndMapToMap" duration-ms="0" started-at="2014-07-22T17:18:24Z" finished-at="2014-07-22T17:18:24Z">
          <reporter-output>
          </reporter-output>
        </test-method> <!-- deepNestingMixedODocAndMapToMap -->
        <test-method status="PASS" signature="parseInvalidRevision()[pri:0, instance:org.forgerock.openidm.repo.orientdb.impl.DocumentUtilTest@42ac76c0]" name="parseInvalidRevision" duration-ms="0" started-at="2014-07-22T17:18:24Z" finished-at="2014-07-22T17:18:24Z">
          <exception class="org.forgerock.json.resource.ConflictException">
            <message>
              <![CDATA[OrientDB repository expects revisions as int, unable to parse passed revision: some-text-98765]]>
            </message>
            <full-stacktrace>
              <![CDATA[org.forgerock.json.resource.ConflictException: OrientDB repository expects revisions as int, unable to parse passed revision: some-text-98765
	at org.forgerock.openidm.repo.orientdb.impl.DocumentUtil.parseVersion(DocumentUtil.java:346)
	at org.forgerock.openidm.repo.orientdb.impl.DocumentUtilTest.parseInvalidRevision(DocumentUtilTest.java:557)
	at sun.reflect.NativeMethodAccessorImpl.invoke0(Native Method)
	at sun.reflect.NativeMethodAccessorImpl.invoke(NativeMethodAccessorImpl.java:57)
	at sun.reflect.DelegatingMethodAccessorImpl.invoke(DelegatingMethodAccessorImpl.java:43)
	at java.lang.reflect.Method.invoke(Method.java:606)
	at org.testng.internal.MethodInvocationHelper.invokeMethod(MethodInvocationHelper.java:84)
	at org.testng.internal.Invoker.invokeMethod(Invoker.java:714)
	at org.testng.internal.Invoker.invokeTestMethod(Invoker.java:901)
	at org.testng.internal.Invoker.invokeTestMethods(Invoker.java:1231)
	at org.testng.internal.TestMethodWorker.invokeTestMethods(TestMethodWorker.java:127)
	at org.testng.internal.TestMethodWorker.run(TestMethodWorker.java:111)
	at org.testng.TestRunner.privateRun(TestRunner.java:767)
	at org.testng.TestRunner.run(TestRunner.java:617)
	at org.testng.SuiteRunner.runTest(SuiteRunner.java:334)
	at org.testng.SuiteRunner.runSequentially(SuiteRunner.java:329)
	at org.testng.SuiteRunner.privateRun(SuiteRunner.java:291)
	at org.testng.SuiteRunner.run(SuiteRunner.java:240)
	at org.testng.SuiteRunnerWorker.runSuite(SuiteRunnerWorker.java:52)
	at org.testng.SuiteRunnerWorker.run(SuiteRunnerWorker.java:86)
	at org.testng.TestNG.runSuitesSequentially(TestNG.java:1224)
	at org.testng.TestNG.runSuitesLocally(TestNG.java:1149)
	at org.testng.TestNG.run(TestNG.java:1057)
	at org.apache.maven.surefire.testng.TestNGExecutor.run(TestNGExecutor.java:77)
	at org.apache.maven.surefire.testng.TestNGDirectoryTestSuite.executeMulti(TestNGDirectoryTestSuite.java:159)
	at org.apache.maven.surefire.testng.TestNGDirectoryTestSuite.execute(TestNGDirectoryTestSuite.java:99)
	at org.apache.maven.surefire.testng.TestNGProvider.invoke(TestNGProvider.java:106)
	at sun.reflect.NativeMethodAccessorImpl.invoke0(Native Method)
	at sun.reflect.NativeMethodAccessorImpl.invoke(NativeMethodAccessorImpl.java:57)
	at sun.reflect.DelegatingMethodAccessorImpl.invoke(DelegatingMethodAccessorImpl.java:43)
	at java.lang.reflect.Method.invoke(Method.java:606)
	at org.apache.maven.surefire.util.ReflectionUtils.invokeMethodWithArray(ReflectionUtils.java:189)
	at org.apache.maven.surefire.booter.ProviderFactory$ProviderProxy.invoke(ProviderFactory.java:165)
	at org.apache.maven.surefire.booter.ProviderFactory.invokeProvider(ProviderFactory.java:85)
	at org.apache.maven.surefire.booter.ForkedBooter.runSuitesInProcess(ForkedBooter.java:115)
	at org.apache.maven.surefire.booter.ForkedBooter.main(ForkedBooter.java:75)
]]>
            </full-stacktrace>
          </exception> <!-- org.forgerock.json.resource.ConflictException -->
          <reporter-output>
          </reporter-output>
        </test-method> <!-- parseInvalidRevision -->
        <test-method status="PASS" signature="embeddedListToMap()[pri:0, instance:org.forgerock.openidm.repo.orientdb.impl.DocumentUtilTest@42ac76c0]" name="embeddedListToMap" duration-ms="1" started-at="2014-07-22T17:18:24Z" finished-at="2014-07-22T17:18:24Z">
          <reporter-output>
          </reporter-output>
        </test-method> <!-- embeddedListToMap -->
        <test-method status="PASS" signature="mapToNewEmbeddedDoc()[pri:0, instance:org.forgerock.openidm.repo.orientdb.impl.DocumentUtilTest@42ac76c0]" name="mapToNewEmbeddedDoc" duration-ms="1" started-at="2014-07-22T17:18:24Z" finished-at="2014-07-22T17:18:24Z">
          <reporter-output>
          </reporter-output>
        </test-method> <!-- mapToNewEmbeddedDoc -->
        <test-method status="PASS" signature="parseValidRevision()[pri:0, instance:org.forgerock.openidm.repo.orientdb.impl.DocumentUtilTest@42ac76c0]" name="parseValidRevision" duration-ms="0" started-at="2014-07-22T17:18:24Z" finished-at="2014-07-22T17:18:24Z">
          <reporter-output>
          </reporter-output>
        </test-method> <!-- parseValidRevision -->
        <test-method status="PASS" signature="mapToNewFlatDoc()[pri:0, instance:org.forgerock.openidm.repo.orientdb.impl.DocumentUtilTest@42ac76c0]" name="mapToNewFlatDoc" duration-ms="0" started-at="2014-07-22T17:18:24Z" finished-at="2014-07-22T17:18:24Z">
          <reporter-output>
          </reporter-output>
        </test-method> <!-- mapToNewFlatDoc -->
        <test-method status="PASS" signature="listToEmbeddedList()[pri:0, instance:org.forgerock.openidm.repo.orientdb.impl.DocumentUtilTest@42ac76c0]" name="listToEmbeddedList" duration-ms="1" started-at="2014-07-22T17:18:24Z" finished-at="2014-07-22T17:18:24Z">
          <reporter-output>
          </reporter-output>
        </test-method> <!-- listToEmbeddedList -->
        <test-method status="PASS" signature="mapToDocNullTest()[pri:0, instance:org.forgerock.openidm.repo.orientdb.impl.DocumentUtilTest@42ac76c0]" name="mapToDocNullTest" duration-ms="0" started-at="2014-07-22T17:18:24Z" finished-at="2014-07-22T17:18:24Z">
          <reporter-output>
          </reporter-output>
        </test-method> <!-- mapToDocNullTest -->
        <test-method status="PASS" signature="mapToExistingFlatDoc()[pri:0, instance:org.forgerock.openidm.repo.orientdb.impl.DocumentUtilTest@42ac76c0]" name="mapToExistingFlatDoc" duration-ms="0" started-at="2014-07-22T17:18:24Z" finished-at="2014-07-22T17:18:24Z">
          <reporter-output>
          </reporter-output>
        </test-method> <!-- mapToExistingFlatDoc -->
        <test-method status="PASS" signature="cleanup()[pri:0, instance:org.forgerock.openidm.repo.orientdb.impl.DocumentUtilTest@42ac76c0]" name="cleanup" is-config="true" duration-ms="14" started-at="2014-07-22T17:18:24Z" finished-at="2014-07-22T17:18:24Z">
          <reporter-output>
          </reporter-output>
        </test-method> <!-- cleanup -->
        <test-method status="PASS" signature="mapToNewDocExistingRevision()[pri:0, instance:org.forgerock.openidm.repo.orientdb.impl.DocumentUtilTest@42ac76c0]" name="mapToNewDocExistingRevision" duration-ms="0" started-at="2014-07-22T17:18:24Z" finished-at="2014-07-22T17:18:24Z">
          <reporter-output>
          </reporter-output>
        </test-method> <!-- mapToNewDocExistingRevision -->
      </class> <!-- org.forgerock.openidm.repo.orientdb.impl.DocumentUtilTest -->
      <class name="org.forgerock.openidm.repo.orientdb.impl.query.QueryInfoTest">
        <test-method status="PASS" signature="fullQueryInfo()[pri:0, instance:org.forgerock.openidm.repo.orientdb.impl.query.QueryInfoTest@79c6cda8]" name="fullQueryInfo" duration-ms="1" started-at="2014-07-22T17:18:24Z" finished-at="2014-07-22T17:18:24Z">
          <reporter-output>
          </reporter-output>
        </test-method> <!-- fullQueryInfo -->
        <test-method status="PASS" signature="partialQueryInfo()[pri:0, instance:org.forgerock.openidm.repo.orientdb.impl.query.QueryInfoTest@79c6cda8]" name="partialQueryInfo" duration-ms="0" started-at="2014-07-22T17:18:24Z" finished-at="2014-07-22T17:18:24Z">
          <reporter-output>
          </reporter-output>
        </test-method> <!-- partialQueryInfo -->
      </class> <!-- org.forgerock.openidm.repo.orientdb.impl.query.QueryInfoTest -->
      <class name="org.forgerock.openidm.repo.orientdb.impl.DBHelperTest">
        <test-method status="PASS" signature="initPoolTest()[pri:0, instance:org.forgerock.openidm.repo.orientdb.impl.DBHelperTest@7be3f171]" name="initPoolTest" duration-ms="851" started-at="2014-07-22T17:18:23Z" finished-at="2014-07-22T17:18:23Z">
          <reporter-output>
          </reporter-output>
        </test-method> <!-- initPoolTest -->
        <test-method status="PASS" signature="updateDbCredentialsTest()[pri:0, instance:org.forgerock.openidm.repo.orientdb.impl.DBHelperTest@7be3f171]" name="updateDbCredentialsTest" duration-ms="277" started-at="2014-07-22T17:18:23Z" finished-at="2014-07-22T17:18:24Z">
          <reporter-output>
          </reporter-output>
        </test-method> <!-- updateDbCredentialsTest -->
      </class> <!-- org.forgerock.openidm.repo.orientdb.impl.DBHelperTest -->
      <class name="org.forgerock.openidm.repo.orientdb.impl.EmbeddedOServerServiceTest">
        <test-method status="PASS" signature="automaticBackupHandlerConfigTest()[pri:0, instance:org.forgerock.openidm.repo.orientdb.impl.EmbeddedOServerServiceTest@21e9c21c]" name="automaticBackupHandlerConfigTest" is-config="true" duration-ms="197" started-at="2014-07-22T17:18:24Z" finished-at="2014-07-22T17:18:24Z">
          <reporter-output>
          </reporter-output>
        </test-method> <!-- automaticBackupHandlerConfigTest -->
      </class> <!-- org.forgerock.openidm.repo.orientdb.impl.EmbeddedOServerServiceTest -->
    </test> <!-- Command line test -->
  </suite> <!-- Command line suite -->
</testng-results>
