<?xml version="1.0" encoding="UTF-8"?>
<!-- Generated by org.testng.reporters.JUnitXMLReporter -->
<testsuite hostname="MacBook-Pro-de-Bruno-2.local" name="Command line test" tests="28" failures="0" timestamp="22 Jul 2014 15:18:24 GMT" time="1.567" errors="0">
  <testcase name="initPoolTest" time="0.851" classname="org.forgerock.openidm.repo.orientdb.impl.DBHelperTest"/>
  <testcase name="updateDbCredentialsTest" time="0.277" classname="org.forgerock.openidm.repo.orientdb.impl.DBHelperTest"/>
  <testcase name="initTokenHandler" time="0.001" classname="org.forgerock.openidm.repo.orientdb.impl.query.TokenHandlerTest"/>
  <testcase name="mapToExistingEmbeddedDoc" time="0.021" classname="org.forgerock.openidm.repo.orientdb.impl.DocumentUtilTest"/>
  <testcase name="deepNestingToMap" time="0.003" classname="org.forgerock.openidm.repo.orientdb.impl.DocumentUtilTest"/>
  <testcase name="deepNestingWithSetToMap" time="0.001" classname="org.forgerock.openidm.repo.orientdb.impl.DocumentUtilTest"/>
  <testcase name="docToMapNullTest" time="0.0" classname="org.forgerock.openidm.repo.orientdb.impl.DocumentUtilTest"/>
  <testcase name="mapToDocToMap" time="0.001" classname="org.forgerock.openidm.repo.orientdb.impl.DocumentUtilTest"/>
  <testcase name="embeddedDocToMap" time="0.001" classname="org.forgerock.openidm.repo.orientdb.impl.DocumentUtilTest"/>
  <testcase name="mapToDocInvalidRevision" time="0.003" classname="org.forgerock.openidm.repo.orientdb.impl.DocumentUtilTest"/>
  <testcase name="flatDocToMap" time="0.0" classname="org.forgerock.openidm.repo.orientdb.impl.DocumentUtilTest"/>
  <testcase name="parseInvalidRevision" time="0.0" classname="org.forgerock.openidm.repo.orientdb.impl.DocumentUtilTest"/>
  <testcase name="deepNestingMixedODocAndMapToMap" time="0.0" classname="org.forgerock.openidm.repo.orientdb.impl.DocumentUtilTest"/>
  <testcase name="embeddedListToMap" time="0.001" classname="org.forgerock.openidm.repo.orientdb.impl.DocumentUtilTest"/>
  <testcase name="mapToNewEmbeddedDoc" time="0.001" classname="org.forgerock.openidm.repo.orientdb.impl.DocumentUtilTest"/>
  <testcase name="mapToNewFlatDoc" time="0.0" classname="org.forgerock.openidm.repo.orientdb.impl.DocumentUtilTest"/>
  <testcase name="parseValidRevision" time="0.0" classname="org.forgerock.openidm.repo.orientdb.impl.DocumentUtilTest"/>
  <testcase name="mapToDocNullTest" time="0.0" classname="org.forgerock.openidm.repo.orientdb.impl.DocumentUtilTest"/>
  <testcase name="listToEmbeddedList" time="0.001" classname="org.forgerock.openidm.repo.orientdb.impl.DocumentUtilTest"/>
  <testcase name="mapToExistingFlatDoc" time="0.0" classname="org.forgerock.openidm.repo.orientdb.impl.DocumentUtilTest"/>
  <testcase name="mapToNewDocExistingRevision" time="0.0" classname="org.forgerock.openidm.repo.orientdb.impl.DocumentUtilTest"/>
  <testcase name="fullQueryInfo" time="0.001" classname="org.forgerock.openidm.repo.orientdb.impl.query.QueryInfoTest"/>
  <testcase name="partialQueryInfo" time="0.0" classname="org.forgerock.openidm.repo.orientdb.impl.query.QueryInfoTest"/>
  <testcase name="replaceTokenWithDotNotationAbsolute" time="0.0" classname="org.forgerock.openidm.repo.orientdb.impl.query.TokenHandlerTest"/>
  <testcase name="replaceTokenWithDotNotationRelative" time="0.0" classname="org.forgerock.openidm.repo.orientdb.impl.query.TokenHandlerTest"/>
  <testcase name="replaceTokensWithOrientToken" time="0.0" classname="org.forgerock.openidm.repo.orientdb.impl.query.TokenHandlerTest"/>
  <testcase name="replaceTokensWithValues" time="0.0" classname="org.forgerock.openidm.repo.orientdb.impl.query.TokenHandlerTest"/>
  <testcase name="valueReplaceMissingToken" time="0.0" classname="org.forgerock.openidm.repo.orientdb.impl.query.TokenHandlerTest"/>
</testsuite> <!-- Command line test -->
