<?xml version="1.0" encoding="UTF-8"?>
<testng-results skipped="0" failed="0" total="1" passed="1">
  <reporter-output>
  </reporter-output>
  <suite name="org.forgerock.openidm.servlet.internal.ServletConnectionFactoryTest" duration-ms="816" started-at="2014-07-22T15:18:37Z" finished-at="2014-07-22T15:18:38Z">
    <groups>
    </groups>
    <test name="Command line test" duration-ms="816" started-at="2014-07-22T15:18:37Z" finished-at="2014-07-22T15:18:38Z">
      <class name="org.forgerock.openidm.servlet.internal.ServletConnectionFactoryTest">
        <test-method status="PASS" signature="BeforeClass()[pri:0, instance:org.forgerock.openidm.servlet.internal.ServletConnectionFactoryTest@43be3ce6]" name="BeforeClass" is-config="true" duration-ms="717" started-at="2014-07-22T17:18:37Z" finished-at="2014-07-22T17:18:38Z">
          <reporter-output>
          </reporter-output>
        </test-method> <!-- BeforeClass -->
        <test-method status="PASS" signature="testActivate()[pri:0, instance:org.forgerock.openidm.servlet.internal.ServletConnectionFactoryTest@43be3ce6]" name="testActivate" duration-ms="90" started-at="2014-07-22T17:18:38Z" finished-at="2014-07-22T17:18:38Z">
          <reporter-output>
          </reporter-output>
        </test-method> <!-- testActivate -->
      </class> <!-- org.forgerock.openidm.servlet.internal.ServletConnectionFactoryTest -->
    </test> <!-- Command line test -->
  </suite> <!-- org.forgerock.openidm.servlet.internal.ServletConnectionFactoryTest -->
</testng-results>
