<?xml version="1.0" encoding="UTF-8"?>
<!-- Generated by org.testng.reporters.JUnitXMLReporter -->
<testsuite hostname="MacBook-Pro-de-Bruno-2.local" name="Command line test" tests="27" failures="0" timestamp="22 Jul 2014 15:18:33 GMT" time="0.336" errors="0">
  <testcase name="shouldSecureResponse" time="0.01" classname="org.forgerock.openidm.jaspi.modules.DelegatedAuthModuleTest"/>
  <testcase name="shouldValidateRequestWhenAuthenticationFailed" time="0.039" classname="org.forgerock.openidm.jaspi.modules.DelegatedAuthModuleTest"/>
  <testcase name="shouldValidateRequestWhenAuthenticationSuccessful" time="0.002" classname="org.forgerock.openidm.jaspi.modules.DelegatedAuthModuleTest"/>
  <testcase name="shouldValidateRequestWhenPasswordHeaderIsEmptyString" time="0.0" classname="org.forgerock.openidm.jaspi.modules.DelegatedAuthModuleTest"/>
  <testcase name="shouldValidateRequestWhenPasswordHeaderIsNull" time="0.001" classname="org.forgerock.openidm.jaspi.modules.DelegatedAuthModuleTest"/>
  <testcase name="shouldValidateRequestWhenUsernameHeaderIsEmptyString" time="0.0" classname="org.forgerock.openidm.jaspi.modules.DelegatedAuthModuleTest"/>
  <testcase name="shouldValidateRequestWhenUsernameHeaderIsNull" time="0.001" classname="org.forgerock.openidm.jaspi.modules.DelegatedAuthModuleTest"/>
  <testcase name="shouldSecureResponse" time="0.009" classname="org.forgerock.openidm.jaspi.modules.IDMJaspiModuleWrapperTest"/>
  <testcase name="shouldSecureResponseIfNoSessionHeaderSetSkipSession" time="0.008" classname="org.forgerock.openidm.jaspi.modules.IDMJaspiModuleWrapperTest"/>
  <testcase name="shouldSecureResponseIfNotNoSessionHeaderSet" time="0.001" classname="org.forgerock.openidm.jaspi.modules.IDMJaspiModuleWrapperTest"/>
  <testcase name="shouldValidateRequestWhenAuthModuleReturnsSendContinue" time="0.01" classname="org.forgerock.openidm.jaspi.modules.IDMJaspiModuleWrapperTest"/>
  <testcase name="shouldValidateRequestWhenAuthModuleReturnsSendFailure" time="0.001" classname="org.forgerock.openidm.jaspi.modules.IDMJaspiModuleWrapperTest"/>
  <testcase name="shouldValidateRequestWhenAuthModuleReturnsSendSuccess" time="0.001" classname="org.forgerock.openidm.jaspi.modules.IDMJaspiModuleWrapperTest"/>
  <testcase name="shouldValidateRequestWhenAuthModuleReturnsSuccess" time="0.004" classname="org.forgerock.openidm.jaspi.modules.IDMJaspiModuleWrapperTest"/>
  <testcase name="shouldValidateRequestWhenAuthModuleReturnsSuccessWithNoUsername" time="0.001" classname="org.forgerock.openidm.jaspi.modules.IDMJaspiModuleWrapperTest"/>
  <testcase name="setModuleConfigurationShouldNotSetDisabledSessionAuthModule" time="0.035" classname="org.forgerock.openidm.jaspi.config.JaspiRuntimeConfigurationFactoryTest"/>
  <testcase name="setModuleConfigurationShouldRemoveDisabledAuthModuleFromList" time="0.004" classname="org.forgerock.openidm.jaspi.config.JaspiRuntimeConfigurationFactoryTest"/>
  <testcase name="setModuleConfigurationShouldResolveSessionAuthModuleClassAlias" time="0.001" classname="org.forgerock.openidm.jaspi.config.JaspiRuntimeConfigurationFactoryTest"/>
  <testcase name="setModuleConfigurationShouldSetCustomAuditLogger" time="0.0" classname="org.forgerock.openidm.jaspi.config.JaspiRuntimeConfigurationFactoryTest"/>
  <testcase name="setModuleConfigurationShouldSetDefaultAuditLogger" time="0.0" classname="org.forgerock.openidm.jaspi.config.JaspiRuntimeConfigurationFactoryTest"/>
  <testcase name="setModuleConfigurationShouldSetExplicitlyEnabledSessionAuthModule" time="0.0" classname="org.forgerock.openidm.jaspi.config.JaspiRuntimeConfigurationFactoryTest"/>
  <testcase name="setModuleConfigurationShouldSetImplicitlyEnabledSessionAuthModule" time="0.001" classname="org.forgerock.openidm.jaspi.config.JaspiRuntimeConfigurationFactoryTest"/>
  <testcase name="setModuleConfigurationShouldThrowJsonValueExceptionWhenAuthModulesPropertyNotSet" time="0.0" classname="org.forgerock.openidm.jaspi.config.JaspiRuntimeConfigurationFactoryTest"/>
  <testcase name="setModuleConfigurationShouldThrowJsonValueExceptionWhenServerAuthContextPropertyNotSet" time="0.0" classname="org.forgerock.openidm.jaspi.config.JaspiRuntimeConfigurationFactoryTest"/>
  <testcase name="shouldGetDebugLogger" time="0.0" classname="org.forgerock.openidm.jaspi.config.JaspiRuntimeConfigurationFactoryTest"/>
  <testcase name="shouldGetLoggingConfigurator" time="0.0" classname="org.forgerock.openidm.jaspi.config.JaspiRuntimeConfigurationFactoryTest"/>
  <testcase name="shouldGetModuleConfigurationFactory" time="0.0" classname="org.forgerock.openidm.jaspi.config.JaspiRuntimeConfigurationFactoryTest"/>
</testsuite> <!-- Command line test -->
