<?xml version="1.0" encoding="UTF-8"?>
<!-- Generated by org.testng.reporters.JUnitXMLReporter -->
<testsuite hostname="MacBook-Pro-de-Bruno-2.local" name="Command line test" tests="9" failures="0" timestamp="22 Jul 2014 15:16:58 GMT" time="0.024" errors="0">
  <testcase name="@BeforeClass beforeClass" time="0.0" classname="org.forgerock.openidm.util.FileUtilTest">
    <skipped/>
  </testcase> <!-- @BeforeClass beforeClass -->
  <testcase name="testReadFile" time="0.001" classname="org.forgerock.openidm.util.FileUtilTest">
    <skipped/>
  </testcase> <!-- testReadFile -->
  <testcase name="testReadFile" time="0.0" classname="org.forgerock.openidm.util.FileUtilTest">
    <skipped/>
  </testcase> <!-- testReadFile -->
  <testcase name="testReadFile" time="0.0" classname="org.forgerock.openidm.util.FileUtilTest">
    <skipped/>
  </testcase> <!-- testReadFile -->
  <testcase name="testReadFile" time="0.0" classname="org.forgerock.openidm.util.FileUtilTest">
    <skipped/>
  </testcase> <!-- testReadFile -->
  <testcase name="testReadLargeFile" time="0.0" classname="org.forgerock.openidm.util.FileUtilTest">
    <skipped/>
  </testcase> <!-- testReadLargeFile -->
  <testcase name="testReadLargeFile" time="0.0" classname="org.forgerock.openidm.util.FileUtilTest">
    <skipped/>
  </testcase> <!-- testReadLargeFile -->
  <testcase name="testReadLargeFile" time="0.001" classname="org.forgerock.openidm.util.FileUtilTest">
    <skipped/>
  </testcase> <!-- testReadLargeFile -->
  <testcase name="testReadLargeFile" time="0.0" classname="org.forgerock.openidm.util.FileUtilTest">
    <skipped/>
  </testcase> <!-- testReadLargeFile -->
  <testcase name="checkValidNames" time="0.003" classname="org.forgerock.openidm.osgi.OsgiNameTest"/>
</testsuite> <!-- Command line test -->
