<?xml version="1.0" encoding="UTF-8"?>
<testng-results skipped="0" failed="0" total="1" passed="1">
  <reporter-output>
  </reporter-output>
  <suite name="org.forgerock.openidm.config.manage.ParsedIdTest" duration-ms="29" started-at="2014-07-22T15:17:34Z" finished-at="2014-07-22T15:17:34Z">
    <groups>
    </groups>
    <test name="Command line test" duration-ms="29" started-at="2014-07-22T15:17:34Z" finished-at="2014-07-22T15:17:34Z">
      <class name="org.forgerock.openidm.config.manage.ParsedIdTest">
        <test-method status="PASS" signature="testParsedResourceName()[pri:0, instance:org.forgerock.openidm.config.manage.ParsedIdTest@58c6509e]" name="testParsedResourceName" duration-ms="21" started-at="2014-07-22T17:17:34Z" finished-at="2014-07-22T17:17:34Z">
          <reporter-output>
          </reporter-output>
        </test-method> <!-- testParsedResourceName -->
      </class> <!-- org.forgerock.openidm.config.manage.ParsedIdTest -->
    </test> <!-- Command line test -->
  </suite> <!-- org.forgerock.openidm.config.manage.ParsedIdTest -->
</testng-results>
