<?xml version="1.0" encoding="UTF-8"?>
<testng-results skipped="0" failed="0" total="1" passed="1">
  <reporter-output>
  </reporter-output>
  <suite name="org.forgerock.openidm.config.enhanced.JSONEnhancedConfigTest" duration-ms="210" started-at="2014-07-22T15:17:06Z" finished-at="2014-07-22T15:17:06Z">
    <groups>
    </groups>
    <test name="Command line test" duration-ms="210" started-at="2014-07-22T15:17:06Z" finished-at="2014-07-22T15:17:06Z">
      <class name="org.forgerock.openidm.config.enhanced.JSONEnhancedConfigTest">
        <test-method status="PASS" signature="testGetConfiguration()[pri:0, instance:org.forgerock.openidm.config.enhanced.JSONEnhancedConfigTest@2b6dd9c5]" name="testGetConfiguration" duration-ms="201" started-at="2014-07-22T17:17:06Z" finished-at="2014-07-22T17:17:06Z">
          <reporter-output>
          </reporter-output>
        </test-method> <!-- testGetConfiguration -->
      </class> <!-- org.forgerock.openidm.config.enhanced.JSONEnhancedConfigTest -->
    </test> <!-- Command line test -->
  </suite> <!-- org.forgerock.openidm.config.enhanced.JSONEnhancedConfigTest -->
</testng-results>
