<?xml version="1.0" encoding="UTF-8"?>
<testng-results skipped="0" failed="0" total="0" passed="0">
  <reporter-output>
  </reporter-output>
  <suite name="org.forgerock.openidm.quartz.impl.TestRepoJobstore" duration-ms="3" started-at="2014-07-22T15:17:20Z" finished-at="2014-07-22T15:17:20Z">
    <groups>
    </groups>
    <test name="Command line test" duration-ms="3" started-at="2014-07-22T15:17:20Z" finished-at="2014-07-22T15:17:20Z">
    </test> <!-- Command line test -->
  </suite> <!-- org.forgerock.openidm.quartz.impl.TestRepoJobstore -->
</testng-results>
