<?xml version="1.0" encoding="UTF-8"?>
<testng-results skipped="0" failed="0" total="1" passed="1">
  <reporter-output>
  </reporter-output>
  <suite name="org.forgerock.openidm.core.SystemPropertyAccessorTest" duration-ms="141" started-at="2014-07-22T15:16:49Z" finished-at="2014-07-22T15:16:49Z">
    <groups>
    </groups>
    <test name="Command line test" duration-ms="141" started-at="2014-07-22T15:16:49Z" finished-at="2014-07-22T15:16:49Z">
      <class name="org.forgerock.openidm.core.SystemPropertyAccessorTest">
        <test-method status="PASS" signature="testGetProperty()[pri:0, instance:org.forgerock.openidm.core.SystemPropertyAccessorTest@175390b7]" name="testGetProperty" duration-ms="132" started-at="2014-07-22T17:16:49Z" finished-at="2014-07-22T17:16:49Z">
          <reporter-output>
          </reporter-output>
        </test-method> <!-- testGetProperty -->
      </class> <!-- org.forgerock.openidm.core.SystemPropertyAccessorTest -->
    </test> <!-- Command line test -->
  </suite> <!-- org.forgerock.openidm.core.SystemPropertyAccessorTest -->
</testng-results>
