<?xml version="1.0" encoding="UTF-8"?>
<testng-results skipped="0" failed="0" total="27" passed="27">
  <reporter-output>
  </reporter-output>
  <suite name="Command line suite" duration-ms="336" started-at="2014-07-22T15:18:33Z" finished-at="2014-07-22T15:18:33Z">
    <groups>
    </groups>
    <test name="Command line test" duration-ms="336" started-at="2014-07-22T15:18:33Z" finished-at="2014-07-22T15:18:33Z">
      <class name="org.forgerock.openidm.jaspi.modules.DelegatedAuthModuleTest">
        <test-method status="PASS" signature="setUp()[pri:0, instance:org.forgerock.openidm.jaspi.modules.DelegatedAuthModuleTest@29345550]" name="setUp" is-config="true" duration-ms="143" started-at="2014-07-22T17:18:33Z" finished-at="2014-07-22T17:18:33Z">
          <reporter-output>
          </reporter-output>
        </test-method> <!-- setUp -->
        <test-method status="PASS" signature="shouldSecureResponse()[pri:0, instance:org.forgerock.openidm.jaspi.modules.DelegatedAuthModuleTest@29345550]" name="shouldSecureResponse" duration-ms="10" started-at="2014-07-22T17:18:33Z" finished-at="2014-07-22T17:18:33Z">
          <reporter-output>
          </reporter-output>
        </test-method> <!-- shouldSecureResponse -->
        <test-method status="PASS" signature="setUp()[pri:0, instance:org.forgerock.openidm.jaspi.modules.DelegatedAuthModuleTest@29345550]" name="setUp" is-config="true" duration-ms="1" started-at="2014-07-22T17:18:33Z" finished-at="2014-07-22T17:18:33Z">
          <reporter-output>
          </reporter-output>
        </test-method> <!-- setUp -->
        <test-method status="PASS" signature="shouldValidateRequestWhenAuthenticationFailed()[pri:0, instance:org.forgerock.openidm.jaspi.modules.DelegatedAuthModuleTest@29345550]" name="shouldValidateRequestWhenAuthenticationFailed" duration-ms="39" started-at="2014-07-22T17:18:33Z" finished-at="2014-07-22T17:18:33Z">
          <reporter-output>
          </reporter-output>
        </test-method> <!-- shouldValidateRequestWhenAuthenticationFailed -->
        <test-method status="PASS" signature="setUp()[pri:0, instance:org.forgerock.openidm.jaspi.modules.DelegatedAuthModuleTest@29345550]" name="setUp" is-config="true" duration-ms="0" started-at="2014-07-22T17:18:33Z" finished-at="2014-07-22T17:18:33Z">
          <reporter-output>
          </reporter-output>
        </test-method> <!-- setUp -->
        <test-method status="PASS" signature="shouldValidateRequestWhenAuthenticationSuccessful()[pri:0, instance:org.forgerock.openidm.jaspi.modules.DelegatedAuthModuleTest@29345550]" name="shouldValidateRequestWhenAuthenticationSuccessful" duration-ms="2" started-at="2014-07-22T17:18:33Z" finished-at="2014-07-22T17:18:33Z">
          <reporter-output>
          </reporter-output>
        </test-method> <!-- shouldValidateRequestWhenAuthenticationSuccessful -->
        <test-method status="PASS" signature="setUp()[pri:0, instance:org.forgerock.openidm.jaspi.modules.DelegatedAuthModuleTest@29345550]" name="setUp" is-config="true" duration-ms="1" started-at="2014-07-22T17:18:33Z" finished-at="2014-07-22T17:18:33Z">
          <reporter-output>
          </reporter-output>
        </test-method> <!-- setUp -->
        <test-method status="PASS" signature="shouldValidateRequestWhenPasswordHeaderIsEmptyString()[pri:0, instance:org.forgerock.openidm.jaspi.modules.DelegatedAuthModuleTest@29345550]" name="shouldValidateRequestWhenPasswordHeaderIsEmptyString" duration-ms="0" started-at="2014-07-22T17:18:33Z" finished-at="2014-07-22T17:18:33Z">
          <reporter-output>
          </reporter-output>
        </test-method> <!-- shouldValidateRequestWhenPasswordHeaderIsEmptyString -->
        <test-method status="PASS" signature="setUp()[pri:0, instance:org.forgerock.openidm.jaspi.modules.DelegatedAuthModuleTest@29345550]" name="setUp" is-config="true" duration-ms="0" started-at="2014-07-22T17:18:33Z" finished-at="2014-07-22T17:18:33Z">
          <reporter-output>
          </reporter-output>
        </test-method> <!-- setUp -->
        <test-method status="PASS" signature="shouldValidateRequestWhenPasswordHeaderIsNull()[pri:0, instance:org.forgerock.openidm.jaspi.modules.DelegatedAuthModuleTest@29345550]" name="shouldValidateRequestWhenPasswordHeaderIsNull" duration-ms="1" started-at="2014-07-22T17:18:33Z" finished-at="2014-07-22T17:18:33Z">
          <reporter-output>
          </reporter-output>
        </test-method> <!-- shouldValidateRequestWhenPasswordHeaderIsNull -->
        <test-method status="PASS" signature="setUp()[pri:0, instance:org.forgerock.openidm.jaspi.modules.DelegatedAuthModuleTest@29345550]" name="setUp" is-config="true" duration-ms="1" started-at="2014-07-22T17:18:33Z" finished-at="2014-07-22T17:18:33Z">
          <reporter-output>
          </reporter-output>
        </test-method> <!-- setUp -->
        <test-method status="PASS" signature="shouldValidateRequestWhenUsernameHeaderIsEmptyString()[pri:0, instance:org.forgerock.openidm.jaspi.modules.DelegatedAuthModuleTest@29345550]" name="shouldValidateRequestWhenUsernameHeaderIsEmptyString" duration-ms="0" started-at="2014-07-22T17:18:33Z" finished-at="2014-07-22T17:18:33Z">
          <reporter-output>
          </reporter-output>
        </test-method> <!-- shouldValidateRequestWhenUsernameHeaderIsEmptyString -->
        <test-method status="PASS" signature="setUp()[pri:0, instance:org.forgerock.openidm.jaspi.modules.DelegatedAuthModuleTest@29345550]" name="setUp" is-config="true" duration-ms="0" started-at="2014-07-22T17:18:33Z" finished-at="2014-07-22T17:18:33Z">
          <reporter-output>
          </reporter-output>
        </test-method> <!-- setUp -->
        <test-method status="PASS" signature="shouldValidateRequestWhenUsernameHeaderIsNull()[pri:0, instance:org.forgerock.openidm.jaspi.modules.DelegatedAuthModuleTest@29345550]" name="shouldValidateRequestWhenUsernameHeaderIsNull" duration-ms="1" started-at="2014-07-22T17:18:33Z" finished-at="2014-07-22T17:18:33Z">
          <reporter-output>
          </reporter-output>
        </test-method> <!-- shouldValidateRequestWhenUsernameHeaderIsNull -->
      </class> <!-- org.forgerock.openidm.jaspi.modules.DelegatedAuthModuleTest -->
      <class name="org.forgerock.openidm.jaspi.modules.IDMJaspiModuleWrapperTest">
        <test-method status="PASS" signature="setUp()[pri:0, instance:org.forgerock.openidm.jaspi.modules.IDMJaspiModuleWrapperTest@42ac76c0]" name="setUp" is-config="true" duration-ms="28" started-at="2014-07-22T17:18:33Z" finished-at="2014-07-22T17:18:33Z">
          <reporter-output>
          </reporter-output>
        </test-method> <!-- setUp -->
        <test-method status="PASS" signature="shouldSecureResponse()[pri:0, instance:org.forgerock.openidm.jaspi.modules.IDMJaspiModuleWrapperTest@42ac76c0]" name="shouldSecureResponse" duration-ms="9" started-at="2014-07-22T17:18:33Z" finished-at="2014-07-22T17:18:33Z">
          <reporter-output>
          </reporter-output>
        </test-method> <!-- shouldSecureResponse -->
        <test-method status="PASS" signature="setUp()[pri:0, instance:org.forgerock.openidm.jaspi.modules.IDMJaspiModuleWrapperTest@42ac76c0]" name="setUp" is-config="true" duration-ms="1" started-at="2014-07-22T17:18:33Z" finished-at="2014-07-22T17:18:33Z">
          <reporter-output>
          </reporter-output>
        </test-method> <!-- setUp -->
        <test-method status="PASS" signature="shouldSecureResponseIfNoSessionHeaderSetSkipSession()[pri:0, instance:org.forgerock.openidm.jaspi.modules.IDMJaspiModuleWrapperTest@42ac76c0]" name="shouldSecureResponseIfNoSessionHeaderSetSkipSession" duration-ms="8" started-at="2014-07-22T17:18:33Z" finished-at="2014-07-22T17:18:33Z">
          <reporter-output>
          </reporter-output>
        </test-method> <!-- shouldSecureResponseIfNoSessionHeaderSetSkipSession -->
        <test-method status="PASS" signature="setUp()[pri:0, instance:org.forgerock.openidm.jaspi.modules.IDMJaspiModuleWrapperTest@42ac76c0]" name="setUp" is-config="true" duration-ms="1" started-at="2014-07-22T17:18:33Z" finished-at="2014-07-22T17:18:33Z">
          <reporter-output>
          </reporter-output>
        </test-method> <!-- setUp -->
        <test-method status="PASS" signature="shouldSecureResponseIfNotNoSessionHeaderSet()[pri:0, instance:org.forgerock.openidm.jaspi.modules.IDMJaspiModuleWrapperTest@42ac76c0]" name="shouldSecureResponseIfNotNoSessionHeaderSet" duration-ms="1" started-at="2014-07-22T17:18:33Z" finished-at="2014-07-22T17:18:33Z">
          <reporter-output>
          </reporter-output>
        </test-method> <!-- shouldSecureResponseIfNotNoSessionHeaderSet -->
        <test-method status="PASS" signature="setUp()[pri:0, instance:org.forgerock.openidm.jaspi.modules.IDMJaspiModuleWrapperTest@42ac76c0]" name="setUp" is-config="true" duration-ms="1" started-at="2014-07-22T17:18:33Z" finished-at="2014-07-22T17:18:33Z">
          <reporter-output>
          </reporter-output>
        </test-method> <!-- setUp -->
        <test-method status="PASS" signature="shouldValidateRequestWhenAuthModuleReturnsSendContinue()[pri:0, instance:org.forgerock.openidm.jaspi.modules.IDMJaspiModuleWrapperTest@42ac76c0]" name="shouldValidateRequestWhenAuthModuleReturnsSendContinue" duration-ms="10" started-at="2014-07-22T17:18:33Z" finished-at="2014-07-22T17:18:33Z">
          <reporter-output>
          </reporter-output>
        </test-method> <!-- shouldValidateRequestWhenAuthModuleReturnsSendContinue -->
        <test-method status="PASS" signature="setUp()[pri:0, instance:org.forgerock.openidm.jaspi.modules.IDMJaspiModuleWrapperTest@42ac76c0]" name="setUp" is-config="true" duration-ms="1" started-at="2014-07-22T17:18:33Z" finished-at="2014-07-22T17:18:33Z">
          <reporter-output>
          </reporter-output>
        </test-method> <!-- setUp -->
        <test-method status="PASS" signature="shouldValidateRequestWhenAuthModuleReturnsSendFailure()[pri:0, instance:org.forgerock.openidm.jaspi.modules.IDMJaspiModuleWrapperTest@42ac76c0]" name="shouldValidateRequestWhenAuthModuleReturnsSendFailure" duration-ms="1" started-at="2014-07-22T17:18:33Z" finished-at="2014-07-22T17:18:33Z">
          <reporter-output>
          </reporter-output>
        </test-method> <!-- shouldValidateRequestWhenAuthModuleReturnsSendFailure -->
        <test-method status="PASS" signature="setUp()[pri:0, instance:org.forgerock.openidm.jaspi.modules.IDMJaspiModuleWrapperTest@42ac76c0]" name="setUp" is-config="true" duration-ms="1" started-at="2014-07-22T17:18:33Z" finished-at="2014-07-22T17:18:33Z">
          <reporter-output>
          </reporter-output>
        </test-method> <!-- setUp -->
        <test-method status="PASS" signature="shouldValidateRequestWhenAuthModuleReturnsSendSuccess()[pri:0, instance:org.forgerock.openidm.jaspi.modules.IDMJaspiModuleWrapperTest@42ac76c0]" name="shouldValidateRequestWhenAuthModuleReturnsSendSuccess" duration-ms="1" started-at="2014-07-22T17:18:33Z" finished-at="2014-07-22T17:18:33Z">
          <reporter-output>
          </reporter-output>
        </test-method> <!-- shouldValidateRequestWhenAuthModuleReturnsSendSuccess -->
        <test-method status="PASS" signature="setUp()[pri:0, instance:org.forgerock.openidm.jaspi.modules.IDMJaspiModuleWrapperTest@42ac76c0]" name="setUp" is-config="true" duration-ms="1" started-at="2014-07-22T17:18:33Z" finished-at="2014-07-22T17:18:33Z">
          <reporter-output>
          </reporter-output>
        </test-method> <!-- setUp -->
        <test-method status="PASS" signature="shouldValidateRequestWhenAuthModuleReturnsSuccess()[pri:0, instance:org.forgerock.openidm.jaspi.modules.IDMJaspiModuleWrapperTest@42ac76c0]" name="shouldValidateRequestWhenAuthModuleReturnsSuccess" duration-ms="4" started-at="2014-07-22T17:18:33Z" finished-at="2014-07-22T17:18:33Z">
          <reporter-output>
          </reporter-output>
        </test-method> <!-- shouldValidateRequestWhenAuthModuleReturnsSuccess -->
        <test-method status="PASS" signature="setUp()[pri:0, instance:org.forgerock.openidm.jaspi.modules.IDMJaspiModuleWrapperTest@42ac76c0]" name="setUp" is-config="true" duration-ms="1" started-at="2014-07-22T17:18:33Z" finished-at="2014-07-22T17:18:33Z">
          <reporter-output>
          </reporter-output>
        </test-method> <!-- setUp -->
        <test-method status="PASS" signature="shouldValidateRequestWhenAuthModuleReturnsSuccessWithNoUsername()[pri:0, instance:org.forgerock.openidm.jaspi.modules.IDMJaspiModuleWrapperTest@42ac76c0]" name="shouldValidateRequestWhenAuthModuleReturnsSuccessWithNoUsername" duration-ms="1" started-at="2014-07-22T17:18:33Z" finished-at="2014-07-22T17:18:33Z">
          <exception class="org.forgerock.jaspi.exceptions.JaspiAuthException">
            <message>
              <![CDATA[Underlying Server Auth Module has not set the client subject's principal!]]>
            </message>
            <full-stacktrace>
              <![CDATA[org.forgerock.jaspi.exceptions.JaspiAuthException: Underlying Server Auth Module has not set the client subject's principal!
	at org.forgerock.openidm.jaspi.modules.IDMJaspiModuleWrapper.validateRequest(IDMJaspiModuleWrapper.java:282)
	at org.forgerock.openidm.jaspi.modules.IDMJaspiModuleWrapperTest.shouldValidateRequestWhenAuthModuleReturnsSuccessWithNoUsername(IDMJaspiModuleWrapperTest.java:244)
	at sun.reflect.NativeMethodAccessorImpl.invoke0(Native Method)
	at sun.reflect.NativeMethodAccessorImpl.invoke(NativeMethodAccessorImpl.java:57)
	at sun.reflect.DelegatingMethodAccessorImpl.invoke(DelegatingMethodAccessorImpl.java:43)
	at java.lang.reflect.Method.invoke(Method.java:606)
	at org.testng.internal.MethodInvocationHelper.invokeMethod(MethodInvocationHelper.java:84)
	at org.testng.internal.Invoker.invokeMethod(Invoker.java:714)
	at org.testng.internal.Invoker.invokeTestMethod(Invoker.java:901)
	at org.testng.internal.Invoker.invokeTestMethods(Invoker.java:1231)
	at org.testng.internal.TestMethodWorker.invokeTestMethods(TestMethodWorker.java:127)
	at org.testng.internal.TestMethodWorker.run(TestMethodWorker.java:111)
	at org.testng.TestRunner.privateRun(TestRunner.java:767)
	at org.testng.TestRunner.run(TestRunner.java:617)
	at org.testng.SuiteRunner.runTest(SuiteRunner.java:334)
	at org.testng.SuiteRunner.runSequentially(SuiteRunner.java:329)
	at org.testng.SuiteRunner.privateRun(SuiteRunner.java:291)
	at org.testng.SuiteRunner.run(SuiteRunner.java:240)
	at org.testng.SuiteRunnerWorker.runSuite(SuiteRunnerWorker.java:52)
	at org.testng.SuiteRunnerWorker.run(SuiteRunnerWorker.java:86)
	at org.testng.TestNG.runSuitesSequentially(TestNG.java:1224)
	at org.testng.TestNG.runSuitesLocally(TestNG.java:1149)
	at org.testng.TestNG.run(TestNG.java:1057)
	at org.apache.maven.surefire.testng.TestNGExecutor.run(TestNGExecutor.java:77)
	at org.apache.maven.surefire.testng.TestNGDirectoryTestSuite.executeMulti(TestNGDirectoryTestSuite.java:159)
	at org.apache.maven.surefire.testng.TestNGDirectoryTestSuite.execute(TestNGDirectoryTestSuite.java:99)
	at org.apache.maven.surefire.testng.TestNGProvider.invoke(TestNGProvider.java:106)
	at sun.reflect.NativeMethodAccessorImpl.invoke0(Native Method)
	at sun.reflect.NativeMethodAccessorImpl.invoke(NativeMethodAccessorImpl.java:57)
	at sun.reflect.DelegatingMethodAccessorImpl.invoke(DelegatingMethodAccessorImpl.java:43)
	at java.lang.reflect.Method.invoke(Method.java:606)
	at org.apache.maven.surefire.util.ReflectionUtils.invokeMethodWithArray(ReflectionUtils.java:189)
	at org.apache.maven.surefire.booter.ProviderFactory$ProviderProxy.invoke(ProviderFactory.java:165)
	at org.apache.maven.surefire.booter.ProviderFactory.invokeProvider(ProviderFactory.java:85)
	at org.apache.maven.surefire.booter.ForkedBooter.runSuitesInProcess(ForkedBooter.java:115)
	at org.apache.maven.surefire.booter.ForkedBooter.main(ForkedBooter.java:75)
]]>
            </full-stacktrace>
          </exception> <!-- org.forgerock.jaspi.exceptions.JaspiAuthException -->
          <reporter-output>
          </reporter-output>
        </test-method> <!-- shouldValidateRequestWhenAuthModuleReturnsSuccessWithNoUsername -->
      </class> <!-- org.forgerock.openidm.jaspi.modules.IDMJaspiModuleWrapperTest -->
      <class name="org.forgerock.openidm.jaspi.config.JaspiRuntimeConfigurationFactoryTest">
        <test-method status="PASS" signature="setUp()[pri:0, instance:org.forgerock.openidm.jaspi.config.JaspiRuntimeConfigurationFactoryTest@6ae80f0d]" name="setUp" is-config="true" duration-ms="2" started-at="2014-07-22T17:18:33Z" finished-at="2014-07-22T17:18:33Z">
          <reporter-output>
          </reporter-output>
        </test-method> <!-- setUp -->
        <test-method status="PASS" signature="setModuleConfigurationShouldNotSetDisabledSessionAuthModule()[pri:0, instance:org.forgerock.openidm.jaspi.config.JaspiRuntimeConfigurationFactoryTest@6ae80f0d]" name="setModuleConfigurationShouldNotSetDisabledSessionAuthModule" duration-ms="35" started-at="2014-07-22T17:18:33Z" finished-at="2014-07-22T17:18:33Z">
          <reporter-output>
          </reporter-output>
        </test-method> <!-- setModuleConfigurationShouldNotSetDisabledSessionAuthModule -->
        <test-method status="PASS" signature="tearDown()[pri:0, instance:org.forgerock.openidm.jaspi.config.JaspiRuntimeConfigurationFactoryTest@6ae80f0d]" name="tearDown" is-config="true" duration-ms="1" started-at="2014-07-22T17:18:33Z" finished-at="2014-07-22T17:18:33Z">
          <reporter-output>
          </reporter-output>
        </test-method> <!-- tearDown -->
        <test-method status="PASS" signature="setModuleConfigurationShouldRemoveDisabledAuthModuleFromList()[pri:0, instance:org.forgerock.openidm.jaspi.config.JaspiRuntimeConfigurationFactoryTest@6ae80f0d]" name="setModuleConfigurationShouldRemoveDisabledAuthModuleFromList" duration-ms="4" started-at="2014-07-22T17:18:33Z" finished-at="2014-07-22T17:18:33Z">
          <reporter-output>
          </reporter-output>
        </test-method> <!-- setModuleConfigurationShouldRemoveDisabledAuthModuleFromList -->
        <test-method status="PASS" signature="setModuleConfigurationShouldResolveSessionAuthModuleClassAlias()[pri:0, instance:org.forgerock.openidm.jaspi.config.JaspiRuntimeConfigurationFactoryTest@6ae80f0d]" name="setModuleConfigurationShouldResolveSessionAuthModuleClassAlias" duration-ms="1" started-at="2014-07-22T17:18:33Z" finished-at="2014-07-22T17:18:33Z">
          <reporter-output>
          </reporter-output>
        </test-method> <!-- setModuleConfigurationShouldResolveSessionAuthModuleClassAlias -->
        <test-method status="PASS" signature="tearDown()[pri:0, instance:org.forgerock.openidm.jaspi.config.JaspiRuntimeConfigurationFactoryTest@6ae80f0d]" name="tearDown" is-config="true" duration-ms="0" started-at="2014-07-22T17:18:33Z" finished-at="2014-07-22T17:18:33Z">
          <reporter-output>
          </reporter-output>
        </test-method> <!-- tearDown -->
        <test-method status="PASS" signature="tearDown()[pri:0, instance:org.forgerock.openidm.jaspi.config.JaspiRuntimeConfigurationFactoryTest@6ae80f0d]" name="tearDown" is-config="true" duration-ms="1" started-at="2014-07-22T17:18:33Z" finished-at="2014-07-22T17:18:33Z">
          <reporter-output>
          </reporter-output>
        </test-method> <!-- tearDown -->
        <test-method status="PASS" signature="tearDown()[pri:0, instance:org.forgerock.openidm.jaspi.config.JaspiRuntimeConfigurationFactoryTest@6ae80f0d]" name="tearDown" is-config="true" duration-ms="0" started-at="2014-07-22T17:18:33Z" finished-at="2014-07-22T17:18:33Z">
          <reporter-output>
          </reporter-output>
        </test-method> <!-- tearDown -->
        <test-method status="PASS" signature="setModuleConfigurationShouldSetCustomAuditLogger()[pri:0, instance:org.forgerock.openidm.jaspi.config.JaspiRuntimeConfigurationFactoryTest@6ae80f0d]" name="setModuleConfigurationShouldSetCustomAuditLogger" duration-ms="0" started-at="2014-07-22T17:18:33Z" finished-at="2014-07-22T17:18:33Z">
          <reporter-output>
          </reporter-output>
        </test-method> <!-- setModuleConfigurationShouldSetCustomAuditLogger -->
        <test-method status="PASS" signature="setModuleConfigurationShouldSetDefaultAuditLogger()[pri:0, instance:org.forgerock.openidm.jaspi.config.JaspiRuntimeConfigurationFactoryTest@6ae80f0d]" name="setModuleConfigurationShouldSetDefaultAuditLogger" duration-ms="0" started-at="2014-07-22T17:18:33Z" finished-at="2014-07-22T17:18:33Z">
          <reporter-output>
          </reporter-output>
        </test-method> <!-- setModuleConfigurationShouldSetDefaultAuditLogger -->
        <test-method status="PASS" signature="tearDown()[pri:0, instance:org.forgerock.openidm.jaspi.config.JaspiRuntimeConfigurationFactoryTest@6ae80f0d]" name="tearDown" is-config="true" duration-ms="0" started-at="2014-07-22T17:18:33Z" finished-at="2014-07-22T17:18:33Z">
          <reporter-output>
          </reporter-output>
        </test-method> <!-- tearDown -->
        <test-method status="PASS" signature="setModuleConfigurationShouldSetExplicitlyEnabledSessionAuthModule()[pri:0, instance:org.forgerock.openidm.jaspi.config.JaspiRuntimeConfigurationFactoryTest@6ae80f0d]" name="setModuleConfigurationShouldSetExplicitlyEnabledSessionAuthModule" duration-ms="0" started-at="2014-07-22T17:18:33Z" finished-at="2014-07-22T17:18:33Z">
          <reporter-output>
          </reporter-output>
        </test-method> <!-- setModuleConfigurationShouldSetExplicitlyEnabledSessionAuthModule -->
        <test-method status="PASS" signature="tearDown()[pri:0, instance:org.forgerock.openidm.jaspi.config.JaspiRuntimeConfigurationFactoryTest@6ae80f0d]" name="tearDown" is-config="true" duration-ms="0" started-at="2014-07-22T17:18:33Z" finished-at="2014-07-22T17:18:33Z">
          <reporter-output>
          </reporter-output>
        </test-method> <!-- tearDown -->
        <test-method status="PASS" signature="setModuleConfigurationShouldSetImplicitlyEnabledSessionAuthModule()[pri:0, instance:org.forgerock.openidm.jaspi.config.JaspiRuntimeConfigurationFactoryTest@6ae80f0d]" name="setModuleConfigurationShouldSetImplicitlyEnabledSessionAuthModule" duration-ms="1" started-at="2014-07-22T17:18:33Z" finished-at="2014-07-22T17:18:33Z">
          <reporter-output>
          </reporter-output>
        </test-method> <!-- setModuleConfigurationShouldSetImplicitlyEnabledSessionAuthModule -->
        <test-method status="PASS" signature="tearDown()[pri:0, instance:org.forgerock.openidm.jaspi.config.JaspiRuntimeConfigurationFactoryTest@6ae80f0d]" name="tearDown" is-config="true" duration-ms="0" started-at="2014-07-22T17:18:33Z" finished-at="2014-07-22T17:18:33Z">
          <reporter-output>
          </reporter-output>
        </test-method> <!-- tearDown -->
        <test-method status="PASS" signature="setModuleConfigurationShouldThrowJsonValueExceptionWhenAuthModulesPropertyNotSet()[pri:0, instance:org.forgerock.openidm.jaspi.config.JaspiRuntimeConfigurationFactoryTest@6ae80f0d]" name="setModuleConfigurationShouldThrowJsonValueExceptionWhenAuthModulesPropertyNotSet" duration-ms="0" started-at="2014-07-22T17:18:33Z" finished-at="2014-07-22T17:18:33Z">
          <exception class="org.forgerock.json.fluent.JsonValueException">
            <message>
              <![CDATA[/serverAuthContext/authModules: Expecting a value]]>
            </message>
            <full-stacktrace>
              <![CDATA[org.forgerock.json.fluent.JsonValueException: /serverAuthContext/authModules: Expecting a value
	at org.forgerock.json.fluent.JsonValue.required(JsonValue.java:1398)
	at org.forgerock.openidm.jaspi.config.JaspiRuntimeConfigurationFactory.setModuleConfiguration(JaspiRuntimeConfigurationFactory.java:116)
	at org.forgerock.openidm.jaspi.config.JaspiRuntimeConfigurationFactoryTest.setModuleConfigurationShouldThrowJsonValueExceptionWhenAuthModulesPropertyNotSet(JaspiRuntimeConfigurationFactoryTest.java:82)
	at sun.reflect.NativeMethodAccessorImpl.invoke0(Native Method)
	at sun.reflect.NativeMethodAccessorImpl.invoke(NativeMethodAccessorImpl.java:57)
	at sun.reflect.DelegatingMethodAccessorImpl.invoke(DelegatingMethodAccessorImpl.java:43)
	at java.lang.reflect.Method.invoke(Method.java:606)
	at org.testng.internal.MethodInvocationHelper.invokeMethod(MethodInvocationHelper.java:84)
	at org.testng.internal.Invoker.invokeMethod(Invoker.java:714)
	at org.testng.internal.Invoker.invokeTestMethod(Invoker.java:901)
	at org.testng.internal.Invoker.invokeTestMethods(Invoker.java:1231)
	at org.testng.internal.TestMethodWorker.invokeTestMethods(TestMethodWorker.java:127)
	at org.testng.internal.TestMethodWorker.run(TestMethodWorker.java:111)
	at org.testng.TestRunner.privateRun(TestRunner.java:767)
	at org.testng.TestRunner.run(TestRunner.java:617)
	at org.testng.SuiteRunner.runTest(SuiteRunner.java:334)
	at org.testng.SuiteRunner.runSequentially(SuiteRunner.java:329)
	at org.testng.SuiteRunner.privateRun(SuiteRunner.java:291)
	at org.testng.SuiteRunner.run(SuiteRunner.java:240)
	at org.testng.SuiteRunnerWorker.runSuite(SuiteRunnerWorker.java:52)
	at org.testng.SuiteRunnerWorker.run(SuiteRunnerWorker.java:86)
	at org.testng.TestNG.runSuitesSequentially(TestNG.java:1224)
	at org.testng.TestNG.runSuitesLocally(TestNG.java:1149)
	at org.testng.TestNG.run(TestNG.java:1057)
	at org.apache.maven.surefire.testng.TestNGExecutor.run(TestNGExecutor.java:77)
	at org.apache.maven.surefire.testng.TestNGDirectoryTestSuite.executeMulti(TestNGDirectoryTestSuite.java:159)
	at org.apache.maven.surefire.testng.TestNGDirectoryTestSuite.execute(TestNGDirectoryTestSuite.java:99)
	at org.apache.maven.surefire.testng.TestNGProvider.invoke(TestNGProvider.java:106)
	at sun.reflect.NativeMethodAccessorImpl.invoke0(Native Method)
	at sun.reflect.NativeMethodAccessorImpl.invoke(NativeMethodAccessorImpl.java:57)
	at sun.reflect.DelegatingMethodAccessorImpl.invoke(DelegatingMethodAccessorImpl.java:43)
	at java.lang.reflect.Method.invoke(Method.java:606)
	at org.apache.maven.surefire.util.ReflectionUtils.invokeMethodWithArray(ReflectionUtils.java:189)
	at org.apache.maven.surefire.booter.ProviderFactory$ProviderProxy.invoke(ProviderFactory.java:165)
	at org.apache.maven.surefire.booter.ProviderFactory.invokeProvider(ProviderFactory.java:85)
	at org.apache.maven.surefire.booter.ForkedBooter.runSuitesInProcess(ForkedBooter.java:115)
	at org.apache.maven.surefire.booter.ForkedBooter.main(ForkedBooter.java:75)
]]>
            </full-stacktrace>
          </exception> <!-- org.forgerock.json.fluent.JsonValueException -->
          <reporter-output>
          </reporter-output>
        </test-method> <!-- setModuleConfigurationShouldThrowJsonValueExceptionWhenAuthModulesPropertyNotSet -->
        <test-method status="PASS" signature="tearDown()[pri:0, instance:org.forgerock.openidm.jaspi.config.JaspiRuntimeConfigurationFactoryTest@6ae80f0d]" name="tearDown" is-config="true" duration-ms="0" started-at="2014-07-22T17:18:33Z" finished-at="2014-07-22T17:18:33Z">
          <reporter-output>
          </reporter-output>
        </test-method> <!-- tearDown -->
        <test-method status="PASS" signature="tearDown()[pri:0, instance:org.forgerock.openidm.jaspi.config.JaspiRuntimeConfigurationFactoryTest@6ae80f0d]" name="tearDown" is-config="true" duration-ms="0" started-at="2014-07-22T17:18:33Z" finished-at="2014-07-22T17:18:33Z">
          <reporter-output>
          </reporter-output>
        </test-method> <!-- tearDown -->
        <test-method status="PASS" signature="setModuleConfigurationShouldThrowJsonValueExceptionWhenServerAuthContextPropertyNotSet()[pri:0, instance:org.forgerock.openidm.jaspi.config.JaspiRuntimeConfigurationFactoryTest@6ae80f0d]" name="setModuleConfigurationShouldThrowJsonValueExceptionWhenServerAuthContextPropertyNotSet" duration-ms="0" started-at="2014-07-22T17:18:33Z" finished-at="2014-07-22T17:18:33Z">
          <exception class="org.forgerock.json.fluent.JsonValueException">
            <message>
              <![CDATA[/serverAuthContext: Expecting a value]]>
            </message>
            <full-stacktrace>
              <![CDATA[org.forgerock.json.fluent.JsonValueException: /serverAuthContext: Expecting a value
	at org.forgerock.json.fluent.JsonValue.required(JsonValue.java:1398)
	at org.forgerock.openidm.jaspi.config.JaspiRuntimeConfigurationFactory.setModuleConfiguration(JaspiRuntimeConfigurationFactory.java:99)
	at org.forgerock.openidm.jaspi.config.JaspiRuntimeConfigurationFactoryTest.setModuleConfigurationShouldThrowJsonValueExceptionWhenServerAuthContextPropertyNotSet(JaspiRuntimeConfigurationFactoryTest.java:65)
	at sun.reflect.NativeMethodAccessorImpl.invoke0(Native Method)
	at sun.reflect.NativeMethodAccessorImpl.invoke(NativeMethodAccessorImpl.java:57)
	at sun.reflect.DelegatingMethodAccessorImpl.invoke(DelegatingMethodAccessorImpl.java:43)
	at java.lang.reflect.Method.invoke(Method.java:606)
	at org.testng.internal.MethodInvocationHelper.invokeMethod(MethodInvocationHelper.java:84)
	at org.testng.internal.Invoker.invokeMethod(Invoker.java:714)
	at org.testng.internal.Invoker.invokeTestMethod(Invoker.java:901)
	at org.testng.internal.Invoker.invokeTestMethods(Invoker.java:1231)
	at org.testng.internal.TestMethodWorker.invokeTestMethods(TestMethodWorker.java:127)
	at org.testng.internal.TestMethodWorker.run(TestMethodWorker.java:111)
	at org.testng.TestRunner.privateRun(TestRunner.java:767)
	at org.testng.TestRunner.run(TestRunner.java:617)
	at org.testng.SuiteRunner.runTest(SuiteRunner.java:334)
	at org.testng.SuiteRunner.runSequentially(SuiteRunner.java:329)
	at org.testng.SuiteRunner.privateRun(SuiteRunner.java:291)
	at org.testng.SuiteRunner.run(SuiteRunner.java:240)
	at org.testng.SuiteRunnerWorker.runSuite(SuiteRunnerWorker.java:52)
	at org.testng.SuiteRunnerWorker.run(SuiteRunnerWorker.java:86)
	at org.testng.TestNG.runSuitesSequentially(TestNG.java:1224)
	at org.testng.TestNG.runSuitesLocally(TestNG.java:1149)
	at org.testng.TestNG.run(TestNG.java:1057)
	at org.apache.maven.surefire.testng.TestNGExecutor.run(TestNGExecutor.java:77)
	at org.apache.maven.surefire.testng.TestNGDirectoryTestSuite.executeMulti(TestNGDirectoryTestSuite.java:159)
	at org.apache.maven.surefire.testng.TestNGDirectoryTestSuite.execute(TestNGDirectoryTestSuite.java:99)
	at org.apache.maven.surefire.testng.TestNGProvider.invoke(TestNGProvider.java:106)
	at sun.reflect.NativeMethodAccessorImpl.invoke0(Native Method)
	at sun.reflect.NativeMethodAccessorImpl.invoke(NativeMethodAccessorImpl.java:57)
	at sun.reflect.DelegatingMethodAccessorImpl.invoke(DelegatingMethodAccessorImpl.java:43)
	at java.lang.reflect.Method.invoke(Method.java:606)
	at org.apache.maven.surefire.util.ReflectionUtils.invokeMethodWithArray(ReflectionUtils.java:189)
	at org.apache.maven.surefire.booter.ProviderFactory$ProviderProxy.invoke(ProviderFactory.java:165)
	at org.apache.maven.surefire.booter.ProviderFactory.invokeProvider(ProviderFactory.java:85)
	at org.apache.maven.surefire.booter.ForkedBooter.runSuitesInProcess(ForkedBooter.java:115)
	at org.apache.maven.surefire.booter.ForkedBooter.main(ForkedBooter.java:75)
]]>
            </full-stacktrace>
          </exception> <!-- org.forgerock.json.fluent.JsonValueException -->
          <reporter-output>
          </reporter-output>
        </test-method> <!-- setModuleConfigurationShouldThrowJsonValueExceptionWhenServerAuthContextPropertyNotSet -->
        <test-method status="PASS" signature="shouldGetLoggingConfigurator()[pri:0, instance:org.forgerock.openidm.jaspi.config.JaspiRuntimeConfigurationFactoryTest@6ae80f0d]" name="shouldGetLoggingConfigurator" duration-ms="0" started-at="2014-07-22T17:18:33Z" finished-at="2014-07-22T17:18:33Z">
          <reporter-output>
          </reporter-output>
        </test-method> <!-- shouldGetLoggingConfigurator -->
        <test-method status="PASS" signature="tearDown()[pri:0, instance:org.forgerock.openidm.jaspi.config.JaspiRuntimeConfigurationFactoryTest@6ae80f0d]" name="tearDown" is-config="true" duration-ms="0" started-at="2014-07-22T17:18:33Z" finished-at="2014-07-22T17:18:33Z">
          <reporter-output>
          </reporter-output>
        </test-method> <!-- tearDown -->
        <test-method status="PASS" signature="shouldGetDebugLogger()[pri:0, instance:org.forgerock.openidm.jaspi.config.JaspiRuntimeConfigurationFactoryTest@6ae80f0d]" name="shouldGetDebugLogger" duration-ms="0" started-at="2014-07-22T17:18:33Z" finished-at="2014-07-22T17:18:33Z">
          <reporter-output>
          </reporter-output>
        </test-method> <!-- shouldGetDebugLogger -->
        <test-method status="PASS" signature="tearDown()[pri:0, instance:org.forgerock.openidm.jaspi.config.JaspiRuntimeConfigurationFactoryTest@6ae80f0d]" name="tearDown" is-config="true" duration-ms="0" started-at="2014-07-22T17:18:33Z" finished-at="2014-07-22T17:18:33Z">
          <reporter-output>
          </reporter-output>
        </test-method> <!-- tearDown -->
        <test-method status="PASS" signature="shouldGetModuleConfigurationFactory()[pri:0, instance:org.forgerock.openidm.jaspi.config.JaspiRuntimeConfigurationFactoryTest@6ae80f0d]" name="shouldGetModuleConfigurationFactory" duration-ms="0" started-at="2014-07-22T17:18:33Z" finished-at="2014-07-22T17:18:33Z">
          <reporter-output>
          </reporter-output>
        </test-method> <!-- shouldGetModuleConfigurationFactory -->
        <test-method status="PASS" signature="tearDown()[pri:0, instance:org.forgerock.openidm.jaspi.config.JaspiRuntimeConfigurationFactoryTest@6ae80f0d]" name="tearDown" is-config="true" duration-ms="0" started-at="2014-07-22T17:18:33Z" finished-at="2014-07-22T17:18:33Z">
          <reporter-output>
          </reporter-output>
        </test-method> <!-- tearDown -->
      </class> <!-- org.forgerock.openidm.jaspi.config.JaspiRuntimeConfigurationFactoryTest -->
    </test> <!-- Command line test -->
  </suite> <!-- Command line suite -->
</testng-results>
