<?xml version="1.0" encoding="UTF-8"?>
<testng-results skipped="0" failed="0" total="88" passed="88">
  <reporter-output>
  </reporter-output>
  <suite name="Command line suite" duration-ms="7259" started-at="2014-07-22T15:18:04Z" finished-at="2014-07-22T15:18:11Z">
    <groups>
    </groups>
    <test name="Command line test" duration-ms="7259" started-at="2014-07-22T15:18:04Z" finished-at="2014-07-22T15:18:11Z">
      <class name="org.forgerock.openidm.provisioner.openicf.commons.ConnectorUtilTest">
        <test-method status="PASS" signature="testCoercedTypeCasting()[pri:0, instance:org.forgerock.openidm.provisioner.openicf.commons.ConnectorUtilTest@1749c228]" name="testCoercedTypeCasting" duration-ms="0" started-at="2014-07-22T17:18:06Z" finished-at="2014-07-22T17:18:06Z">
          <reporter-output>
          </reporter-output>
        </test-method> <!-- testCoercedTypeCasting -->
        <test-method status="PASS" signature="testCoercedTypeCastingForByte()[pri:0, instance:org.forgerock.openidm.provisioner.openicf.commons.ConnectorUtilTest@1749c228]" name="testCoercedTypeCastingForByte" duration-ms="1" started-at="2014-07-22T17:18:06Z" finished-at="2014-07-22T17:18:06Z">
          <reporter-output>
          </reporter-output>
        </test-method> <!-- testCoercedTypeCastingForByte -->
        <test-method status="PASS" signature="testCoercedTypeCastingForByteType()[pri:0, instance:org.forgerock.openidm.provisioner.openicf.commons.ConnectorUtilTest@1749c228]" name="testCoercedTypeCastingForByteType" duration-ms="0" started-at="2014-07-22T17:18:06Z" finished-at="2014-07-22T17:18:06Z">
          <reporter-output>
          </reporter-output>
        </test-method> <!-- testCoercedTypeCastingForByteType -->
        <test-method status="PASS" signature="testGetAPIConfiguration()[pri:0, instance:org.forgerock.openidm.provisioner.openicf.commons.ConnectorUtilTest@1749c228]" name="testGetAPIConfiguration" duration-ms="19" started-at="2014-07-22T17:18:06Z" finished-at="2014-07-22T17:18:06Z">
          <reporter-output>
          </reporter-output>
        </test-method> <!-- testGetAPIConfiguration -->
        <test-method status="PASS" signature="testGetSchema()[pri:0, instance:org.forgerock.openidm.provisioner.openicf.commons.ConnectorUtilTest@1749c228]" name="testGetSchema" duration-ms="57" started-at="2014-07-22T17:18:06Z" finished-at="2014-07-22T17:18:06Z">
          <reporter-output>
          </reporter-output>
        </test-method> <!-- testGetSchema -->
      </class> <!-- org.forgerock.openidm.provisioner.openicf.commons.ConnectorUtilTest -->
      <class name="org.forgerock.openidm.provisioner.openicf.syncfailure.SyncFailureHandlerFactoryImplTest">
        <test-method status="PASS" signature="testCreateDeadLetterQueue()[pri:0, instance:org.forgerock.openidm.provisioner.openicf.syncfailure.SyncFailureHandlerFactoryImplTest@151a0f60]" name="testCreateDeadLetterQueue" duration-ms="3" started-at="2014-07-22T17:18:11Z" finished-at="2014-07-22T17:18:11Z">
          <reporter-output>
          </reporter-output>
        </test-method> <!-- testCreateDeadLetterQueue -->
        <test-method status="PASS" signature="testCreateEmptyConfig()[pri:0, instance:org.forgerock.openidm.provisioner.openicf.syncfailure.SyncFailureHandlerFactoryImplTest@151a0f60]" name="testCreateEmptyConfig" duration-ms="0" started-at="2014-07-22T17:18:11Z" finished-at="2014-07-22T17:18:11Z">
          <reporter-output>
          </reporter-output>
        </test-method> <!-- testCreateEmptyConfig -->
        <test-method status="PASS" signature="testCreateInfiniteRetry()[pri:0, instance:org.forgerock.openidm.provisioner.openicf.syncfailure.SyncFailureHandlerFactoryImplTest@151a0f60]" name="testCreateInfiniteRetry" duration-ms="1" started-at="2014-07-22T17:18:11Z" finished-at="2014-07-22T17:18:11Z">
          <reporter-output>
          </reporter-output>
        </test-method> <!-- testCreateInfiniteRetry -->
        <test-method status="PASS" signature="testCreateNoConfig()[pri:0, instance:org.forgerock.openidm.provisioner.openicf.syncfailure.SyncFailureHandlerFactoryImplTest@151a0f60]" name="testCreateNoConfig" duration-ms="0" started-at="2014-07-22T17:18:11Z" finished-at="2014-07-22T17:18:11Z">
          <reporter-output>
          </reporter-output>
        </test-method> <!-- testCreateNoConfig -->
        <test-method status="PASS" signature="testCreateLoggedIgnore()[pri:0, instance:org.forgerock.openidm.provisioner.openicf.syncfailure.SyncFailureHandlerFactoryImplTest@151a0f60]" name="testCreateLoggedIgnore" duration-ms="0" started-at="2014-07-22T17:18:11Z" finished-at="2014-07-22T17:18:11Z">
          <reporter-output>
          </reporter-output>
        </test-method> <!-- testCreateLoggedIgnore -->
        <test-method status="PASS" signature="testCreateNullConfig()[pri:0, instance:org.forgerock.openidm.provisioner.openicf.syncfailure.SyncFailureHandlerFactoryImplTest@151a0f60]" name="testCreateNullConfig" duration-ms="0" started-at="2014-07-22T17:18:11Z" finished-at="2014-07-22T17:18:11Z">
          <reporter-output>
          </reporter-output>
        </test-method> <!-- testCreateNullConfig -->
        <test-method status="PASS" signature="testCreateRetryOnly()[pri:0, instance:org.forgerock.openidm.provisioner.openicf.syncfailure.SyncFailureHandlerFactoryImplTest@151a0f60]" name="testCreateRetryOnly" duration-ms="0" started-at="2014-07-22T17:18:11Z" finished-at="2014-07-22T17:18:11Z">
          <reporter-output>
          </reporter-output>
        </test-method> <!-- testCreateRetryOnly -->
        <test-method status="PASS" signature="testCreateRetryWithScript()[pri:0, instance:org.forgerock.openidm.provisioner.openicf.syncfailure.SyncFailureHandlerFactoryImplTest@151a0f60]" name="testCreateRetryWithScript" duration-ms="2" started-at="2014-07-22T17:18:11Z" finished-at="2014-07-22T17:18:11Z">
          <reporter-output>
          </reporter-output>
        </test-method> <!-- testCreateRetryWithScript -->
        <test-method status="PASS" signature="testCreateRetryWithDeadLetterQueue()[pri:0, instance:org.forgerock.openidm.provisioner.openicf.syncfailure.SyncFailureHandlerFactoryImplTest@151a0f60]" name="testCreateRetryWithDeadLetterQueue" duration-ms="0" started-at="2014-07-22T17:18:11Z" finished-at="2014-07-22T17:18:11Z">
          <reporter-output>
          </reporter-output>
        </test-method> <!-- testCreateRetryWithDeadLetterQueue -->
        <test-method status="PASS" signature="testCreateScript()[pri:0, instance:org.forgerock.openidm.provisioner.openicf.syncfailure.SyncFailureHandlerFactoryImplTest@151a0f60]" name="testCreateScript" duration-ms="0" started-at="2014-07-22T17:18:11Z" finished-at="2014-07-22T17:18:11Z">
          <reporter-output>
          </reporter-output>
        </test-method> <!-- testCreateScript -->
      </class> <!-- org.forgerock.openidm.provisioner.openicf.syncfailure.SyncFailureHandlerFactoryImplTest -->
      <class name="org.forgerock.openidm.provisioner.openicf.internal.SystemActionTest">
        <test-method status="PASS" signature="BeforeClass()[pri:0, instance:org.forgerock.openidm.provisioner.openicf.internal.SystemActionTest@6b69dc09]" name="BeforeClass" is-config="true" duration-ms="2" started-at="2014-07-22T17:18:11Z" finished-at="2014-07-22T17:18:11Z">
          <reporter-output>
          </reporter-output>
        </test-method> <!-- BeforeClass -->
        <test-method status="PASS" signature="testGetName()[pri:0, instance:org.forgerock.openidm.provisioner.openicf.internal.SystemActionTest@6b69dc09]" name="testGetName" duration-ms="0" started-at="2014-07-22T17:18:11Z" finished-at="2014-07-22T17:18:11Z">
          <reporter-output>
          </reporter-output>
        </test-method> <!-- testGetName -->
      </class> <!-- org.forgerock.openidm.provisioner.openicf.internal.SystemActionTest -->
      <class name="org.forgerock.openidm.provisioner.openicf.impl.OpenICFProvisionerServiceTest">
        <test-method status="PASS" signature="setUp()[pri:0, instance:org.forgerock.openidm.provisioner.openicf.impl.OpenICFProvisionerServiceTest@5e329ba8]" name="setUp" is-config="true" duration-ms="4564" started-at="2014-07-22T17:18:06Z" finished-at="2014-07-22T17:18:10Z">
          <reporter-output>
          </reporter-output>
        </test-method> <!-- setUp -->
        <test-method status="PASS" signature="testActionInstance(java.lang.String)[pri:0, instance:org.forgerock.openidm.provisioner.openicf.impl.OpenICFProvisionerServiceTest@5e329ba8]" name="testActionInstance" duration-ms="0" started-at="2014-07-22T17:18:10Z" data-provider="dp" finished-at="2014-07-22T17:18:10Z">
          <params>
            <param index="0">
              <value>
                <![CDATA[groovy]]>
              </value>
            </param>
          </params>
          <reporter-output>
          </reporter-output>
        </test-method> <!-- testActionInstance -->
        <test-method status="PASS" signature="testActionInstance(java.lang.String)[pri:0, instance:org.forgerock.openidm.provisioner.openicf.impl.OpenICFProvisionerServiceTest@5e329ba8]" name="testActionInstance" duration-ms="0" started-at="2014-07-22T17:18:10Z" data-provider="dp" finished-at="2014-07-22T17:18:10Z">
          <params>
            <param index="0">
              <value>
                <![CDATA[business]]>
              </value>
            </param>
          </params>
          <reporter-output>
          </reporter-output>
        </test-method> <!-- testActionInstance -->
        <test-method status="PASS" signature="testActionInstance(java.lang.String)[pri:0, instance:org.forgerock.openidm.provisioner.openicf.impl.OpenICFProvisionerServiceTest@5e329ba8]" name="testActionInstance" duration-ms="0" started-at="2014-07-22T17:18:10Z" data-provider="dp" finished-at="2014-07-22T17:18:10Z">
          <params>
            <param index="0">
              <value>
                <![CDATA[XML]]>
              </value>
            </param>
          </params>
          <reporter-output>
          </reporter-output>
        </test-method> <!-- testActionInstance -->
        <test-method status="PASS" signature="testActionInstance(java.lang.String)[pri:0, instance:org.forgerock.openidm.provisioner.openicf.impl.OpenICFProvisionerServiceTest@5e329ba8]" name="testActionInstance" duration-ms="0" started-at="2014-07-22T17:18:10Z" data-provider="dp" finished-at="2014-07-22T17:18:10Z">
          <params>
            <param index="0">
              <value>
                <![CDATA[groovyremote]]>
              </value>
            </param>
          </params>
          <reporter-output>
          </reporter-output>
        </test-method> <!-- testActionInstance -->
        <test-method status="PASS" signature="testActionInstance(java.lang.String)[pri:0, instance:org.forgerock.openidm.provisioner.openicf.impl.OpenICFProvisionerServiceTest@5e329ba8]" name="testActionInstance" duration-ms="0" started-at="2014-07-22T17:18:10Z" data-provider="dp" finished-at="2014-07-22T17:18:10Z">
          <params>
            <param index="0">
              <value>
                <![CDATA[Test]]>
              </value>
            </param>
          </params>
          <reporter-output>
          </reporter-output>
        </test-method> <!-- testActionInstance -->
        <test-method status="PASS" signature="testBadRequestException(java.lang.String)[pri:0, instance:org.forgerock.openidm.provisioner.openicf.impl.OpenICFProvisionerServiceTest@5e329ba8]" name="testBadRequestException" duration-ms="72" started-at="2014-07-22T17:18:10Z" data-provider="groovy-only" finished-at="2014-07-22T17:18:10Z">
          <params>
            <param index="0">
              <value>
                <![CDATA[groovy]]>
              </value>
            </param>
          </params>
          <exception class="org.forgerock.json.resource.BadRequestException">
            <message>
              <![CDATA[Attribute value conflicts with the attribute's schema definition on operation CREATE for system object: TEST2]]>
            </message>
            <full-stacktrace>
              <![CDATA[org.forgerock.json.resource.BadRequestException: Attribute value conflicts with the attribute's schema definition on operation CREATE for system object: TEST2
	at org.forgerock.openidm.provisioner.openicf.impl.OpenICFProvisionerService.handleConnectorException(OpenICFProvisionerService.java:578)
	at org.forgerock.openidm.provisioner.openicf.impl.OpenICFProvisionerService.access$1200(OpenICFProvisionerService.java:209)
	at org.forgerock.openidm.provisioner.openicf.impl.OpenICFProvisionerService$ObjectClassResourceProvider.createInstance(OpenICFProvisionerService.java:1359)
	at org.forgerock.json.resource.Resources$CollectionHandler.handleCreate(Resources.java:232)
	at org.forgerock.json.resource.Router.handleCreate(Router.java:222)
	at org.forgerock.openidm.provisioner.openicf.impl.OpenICFProvisionerService$ObjectClassRequestHandler.handleCreate(OpenICFProvisionerService.java:1072)
	at org.forgerock.json.resource.Router.handleCreate(Router.java:222)
	at org.forgerock.json.resource.Resources$InternalConnection.createAsync(Resources.java:407)
	at org.forgerock.json.resource.AbstractAsynchronousConnection.create(AbstractAsynchronousConnection.java:51)
	at org.forgerock.openidm.provisioner.openicf.impl.OpenICFProvisionerServiceTest.testBadRequestException(OpenICFProvisionerServiceTest.java:772)
	at sun.reflect.NativeMethodAccessorImpl.invoke0(Native Method)
	at sun.reflect.NativeMethodAccessorImpl.invoke(NativeMethodAccessorImpl.java:57)
	at sun.reflect.DelegatingMethodAccessorImpl.invoke(DelegatingMethodAccessorImpl.java:43)
	at java.lang.reflect.Method.invoke(Method.java:606)
	at org.testng.internal.MethodInvocationHelper.invokeMethod(MethodInvocationHelper.java:84)
	at org.testng.internal.Invoker.invokeMethod(Invoker.java:714)
	at org.testng.internal.Invoker.invokeTestMethod(Invoker.java:901)
	at org.testng.internal.Invoker.invokeTestMethods(Invoker.java:1231)
	at org.testng.internal.TestMethodWorker.invokeTestMethods(TestMethodWorker.java:127)
	at org.testng.internal.TestMethodWorker.run(TestMethodWorker.java:111)
	at org.testng.TestRunner.privateRun(TestRunner.java:767)
	at org.testng.TestRunner.run(TestRunner.java:617)
	at org.testng.SuiteRunner.runTest(SuiteRunner.java:334)
	at org.testng.SuiteRunner.runSequentially(SuiteRunner.java:329)
	at org.testng.SuiteRunner.privateRun(SuiteRunner.java:291)
	at org.testng.SuiteRunner.run(SuiteRunner.java:240)
	at org.testng.SuiteRunnerWorker.runSuite(SuiteRunnerWorker.java:52)
	at org.testng.SuiteRunnerWorker.run(SuiteRunnerWorker.java:86)
	at org.testng.TestNG.runSuitesSequentially(TestNG.java:1224)
	at org.testng.TestNG.runSuitesLocally(TestNG.java:1149)
	at org.testng.TestNG.run(TestNG.java:1057)
	at org.apache.maven.surefire.testng.TestNGExecutor.run(TestNGExecutor.java:77)
	at org.apache.maven.surefire.testng.TestNGDirectoryTestSuite.executeMulti(TestNGDirectoryTestSuite.java:159)
	at org.apache.maven.surefire.testng.TestNGDirectoryTestSuite.execute(TestNGDirectoryTestSuite.java:99)
	at org.apache.maven.surefire.testng.TestNGProvider.invoke(TestNGProvider.java:106)
	at sun.reflect.NativeMethodAccessorImpl.invoke0(Native Method)
	at sun.reflect.NativeMethodAccessorImpl.invoke(NativeMethodAccessorImpl.java:57)
	at sun.reflect.DelegatingMethodAccessorImpl.invoke(DelegatingMethodAccessorImpl.java:43)
	at java.lang.reflect.Method.invoke(Method.java:606)
	at org.apache.maven.surefire.util.ReflectionUtils.invokeMethodWithArray(ReflectionUtils.java:189)
	at org.apache.maven.surefire.booter.ProviderFactory$ProviderProxy.invoke(ProviderFactory.java:165)
	at org.apache.maven.surefire.booter.ProviderFactory.invokeProvider(ProviderFactory.java:85)
	at org.apache.maven.surefire.booter.ForkedBooter.runSuitesInProcess(ForkedBooter.java:115)
	at org.apache.maven.surefire.booter.ForkedBooter.main(ForkedBooter.java:75)
Caused by: org.identityconnectors.framework.common.exceptions.InvalidAttributeValueException
	at sun.reflect.NativeConstructorAccessorImpl.newInstance0(Native Method)
	at sun.reflect.NativeConstructorAccessorImpl.newInstance(NativeConstructorAccessorImpl.java:57)
	at sun.reflect.DelegatingConstructorAccessorImpl.newInstance(DelegatingConstructorAccessorImpl.java:45)
	at java.lang.reflect.Constructor.newInstance(Constructor.java:526)
	at org.codehaus.groovy.reflection.CachedConstructor.invoke(CachedConstructor.java:77)
	at org.codehaus.groovy.runtime.callsite.ConstructorSite$ConstructorSiteNoUnwrapNoCoerce.callConstructor(ConstructorSite.java:102)
	at org.codehaus.groovy.runtime.callsite.CallSiteArray.defaultCallConstructor(CallSiteArray.java:57)
	at org.codehaus.groovy.runtime.callsite.AbstractCallSite.callConstructor(AbstractCallSite.java:182)
	at org.codehaus.groovy.runtime.callsite.AbstractCallSite.callConstructor(AbstractCallSite.java:186)
	at TestHelper.exceptionTest(TestHelper.groovy:77)
	at TestHelper$exceptionTest.call(Unknown Source)
	at org.codehaus.groovy.runtime.callsite.CallSiteArray.defaultCall(CallSiteArray.java:45)
	at org.codehaus.groovy.runtime.callsite.AbstractCallSite.call(AbstractCallSite.java:108)
	at org.codehaus.groovy.runtime.callsite.AbstractCallSite.call(AbstractCallSite.java:128)
	at CreateScript.run(CreateScript.groovy:134)
	at org.forgerock.openicf.misc.scriptedcommon.ScriptedConfiguration.evaluate(ScriptedConfiguration.java:643)
	at sun.reflect.NativeMethodAccessorImpl.invoke0(Native Method)
	at sun.reflect.NativeMethodAccessorImpl.invoke(NativeMethodAccessorImpl.java:57)
	at sun.reflect.DelegatingMethodAccessorImpl.invoke(DelegatingMethodAccessorImpl.java:43)
	at java.lang.reflect.Method.invoke(Method.java:606)
	at org.codehaus.groovy.runtime.callsite.PojoMetaMethodSite$PojoCachedMethodSiteNoUnwrapNoCoerce.invoke(PojoMetaMethodSite.java:230)
	at org.codehaus.groovy.runtime.callsite.PojoMetaMethodSite.call(PojoMetaMethodSite.java:53)
	at org.codehaus.groovy.runtime.callsite.CallSiteArray.defaultCall(CallSiteArray.java:45)
	at org.codehaus.groovy.runtime.callsite.AbstractCallSite.call(AbstractCallSite.java:108)
	at org.codehaus.groovy.runtime.callsite.AbstractCallSite.call(AbstractCallSite.java:124)
	at org.forgerock.openicf.misc.scriptedcommon.ScriptedConnectorBase.evaluateScript(ScriptedConnectorBase.groovy:624)
	at sun.reflect.NativeMethodAccessorImpl.invoke0(Native Method)
	at sun.reflect.NativeMethodAccessorImpl.invoke(NativeMethodAccessorImpl.java:57)
	at sun.reflect.DelegatingMethodAccessorImpl.invoke(DelegatingMethodAccessorImpl.java:43)
	at java.lang.reflect.Method.invoke(Method.java:606)
	at org.codehaus.groovy.runtime.callsite.PogoMetaMethodSite$PogoCachedMethodSiteNoUnwrapNoCoerce.invoke(PogoMetaMethodSite.java:207)
	at org.codehaus.groovy.runtime.callsite.PogoMetaMethodSite.callCurrent(PogoMetaMethodSite.java:56)
	at org.codehaus.groovy.runtime.callsite.CallSiteArray.defaultCallCurrent(CallSiteArray.java:49)
	at org.codehaus.groovy.runtime.callsite.AbstractCallSite.callCurrent(AbstractCallSite.java:133)
	at org.codehaus.groovy.runtime.callsite.AbstractCallSite.callCurrent(AbstractCallSite.java:145)
	at org.forgerock.openicf.misc.scriptedcommon.ScriptedConnectorBase.executeCreate(ScriptedConnectorBase.groovy:233)
	at sun.reflect.NativeMethodAccessorImpl.invoke0(Native Method)
	at sun.reflect.NativeMethodAccessorImpl.invoke(NativeMethodAccessorImpl.java:57)
	at sun.reflect.DelegatingMethodAccessorImpl.invoke(DelegatingMethodAccessorImpl.java:43)
	at java.lang.reflect.Method.invoke(Method.java:606)
	at org.codehaus.groovy.runtime.callsite.PogoMetaMethodSite$PogoCachedMethodSiteNoUnwrapNoCoerce.invoke(PogoMetaMethodSite.java:207)
	at org.codehaus.groovy.runtime.callsite.PogoMetaMethodSite.callCurrent(PogoMetaMethodSite.java:56)
	at org.codehaus.groovy.runtime.callsite.CallSiteArray.defaultCallCurrent(CallSiteArray.java:49)
	at org.codehaus.groovy.runtime.callsite.AbstractCallSite.callCurrent(AbstractCallSite.java:133)
	at org.codehaus.groovy.runtime.callsite.AbstractCallSite.callCurrent(AbstractCallSite.java:153)
	at org.forgerock.openicf.misc.scriptedcommon.ScriptedConnectorBase.create(ScriptedConnectorBase.groovy:201)
	at org.identityconnectors.framework.impl.api.local.operations.CreateImpl.create(CreateImpl.java:89)
	at sun.reflect.NativeMethodAccessorImpl.invoke0(Native Method)
	at sun.reflect.NativeMethodAccessorImpl.invoke(NativeMethodAccessorImpl.java:57)
	at sun.reflect.DelegatingMethodAccessorImpl.invoke(DelegatingMethodAccessorImpl.java:43)
	at java.lang.reflect.Method.invoke(Method.java:606)
	at org.identityconnectors.framework.impl.api.local.operations.ConnectorAPIOperationRunnerProxy.invoke(ConnectorAPIOperationRunnerProxy.java:98)
	at com.sun.proxy.$Proxy24.create(Unknown Source)
	at sun.reflect.NativeMethodAccessorImpl.invoke0(Native Method)
	at sun.reflect.NativeMethodAccessorImpl.invoke(NativeMethodAccessorImpl.java:57)
	at sun.reflect.DelegatingMethodAccessorImpl.invoke(DelegatingMethodAccessorImpl.java:43)
	at java.lang.reflect.Method.invoke(Method.java:606)
	at org.identityconnectors.framework.impl.api.local.operations.ThreadClassLoaderManagerProxy.invoke(ThreadClassLoaderManagerProxy.java:98)
	at com.sun.proxy.$Proxy24.create(Unknown Source)
	at sun.reflect.NativeMethodAccessorImpl.invoke0(Native Method)
	at sun.reflect.NativeMethodAccessorImpl.invoke(NativeMethodAccessorImpl.java:57)
	at sun.reflect.DelegatingMethodAccessorImpl.invoke(DelegatingMethodAccessorImpl.java:43)
	at java.lang.reflect.Method.invoke(Method.java:606)
	at org.identityconnectors.framework.impl.api.DelegatingTimeoutProxy.invoke(DelegatingTimeoutProxy.java:99)
	at com.sun.proxy.$Proxy24.create(Unknown Source)
	at sun.reflect.NativeMethodAccessorImpl.invoke0(Native Method)
	at sun.reflect.NativeMethodAccessorImpl.invoke(NativeMethodAccessorImpl.java:57)
	at sun.reflect.DelegatingMethodAccessorImpl.invoke(DelegatingMethodAccessorImpl.java:43)
	at java.lang.reflect.Method.invoke(Method.java:606)
	at org.identityconnectors.framework.impl.api.LoggingProxy.invoke(LoggingProxy.java:77)
	at com.sun.proxy.$Proxy24.create(Unknown Source)
	at org.identityconnectors.framework.impl.api.AbstractConnectorFacade.create(AbstractConnectorFacade.java:153)
	at org.forgerock.openidm.provisioner.openicf.impl.OpenICFProvisionerService$ObjectClassResourceProvider.createInstance(OpenICFProvisionerService.java:1336)
	... 41 more
]]>
            </full-stacktrace>
          </exception> <!-- org.forgerock.json.resource.BadRequestException -->
          <reporter-output>
          </reporter-output>
        </test-method> <!-- testBadRequestException -->
        <test-method status="PASS" signature="testBadRequestException(java.lang.String)[pri:0, instance:org.forgerock.openidm.provisioner.openicf.impl.OpenICFProvisionerServiceTest@5e329ba8]" name="testBadRequestException" duration-ms="15" started-at="2014-07-22T17:18:10Z" data-provider="groovy-only" finished-at="2014-07-22T17:18:10Z">
          <params>
            <param index="0">
              <value>
                <![CDATA[groovyremote]]>
              </value>
            </param>
          </params>
          <exception class="org.forgerock.json.resource.BadRequestException">
            <message>
              <![CDATA[Attribute value conflicts with the attribute's schema definition on operation CREATE for system object: TEST2]]>
            </message>
            <full-stacktrace>
              <![CDATA[org.forgerock.json.resource.BadRequestException: Attribute value conflicts with the attribute's schema definition on operation CREATE for system object: TEST2
	at org.forgerock.openidm.provisioner.openicf.impl.OpenICFProvisionerService.handleConnectorException(OpenICFProvisionerService.java:578)
	at org.forgerock.openidm.provisioner.openicf.impl.OpenICFProvisionerService.handleRemoteWrappedException(OpenICFProvisionerService.java:717)
	at org.forgerock.openidm.provisioner.openicf.impl.OpenICFProvisionerService.handleConnectorException(OpenICFProvisionerService.java:601)
	at org.forgerock.openidm.provisioner.openicf.impl.OpenICFProvisionerService.access$1200(OpenICFProvisionerService.java:209)
	at org.forgerock.openidm.provisioner.openicf.impl.OpenICFProvisionerService$ObjectClassResourceProvider.createInstance(OpenICFProvisionerService.java:1359)
	at org.forgerock.json.resource.Resources$CollectionHandler.handleCreate(Resources.java:232)
	at org.forgerock.json.resource.Router.handleCreate(Router.java:222)
	at org.forgerock.openidm.provisioner.openicf.impl.OpenICFProvisionerService$ObjectClassRequestHandler.handleCreate(OpenICFProvisionerService.java:1072)
	at org.forgerock.json.resource.Router.handleCreate(Router.java:222)
	at org.forgerock.json.resource.Resources$InternalConnection.createAsync(Resources.java:407)
	at org.forgerock.json.resource.AbstractAsynchronousConnection.create(AbstractAsynchronousConnection.java:51)
	at org.forgerock.openidm.provisioner.openicf.impl.OpenICFProvisionerServiceTest.testBadRequestException(OpenICFProvisionerServiceTest.java:772)
	at sun.reflect.NativeMethodAccessorImpl.invoke0(Native Method)
	at sun.reflect.NativeMethodAccessorImpl.invoke(NativeMethodAccessorImpl.java:57)
	at sun.reflect.DelegatingMethodAccessorImpl.invoke(DelegatingMethodAccessorImpl.java:43)
	at java.lang.reflect.Method.invoke(Method.java:606)
	at org.testng.internal.MethodInvocationHelper.invokeMethod(MethodInvocationHelper.java:84)
	at org.testng.internal.Invoker.invokeMethod(Invoker.java:714)
	at org.testng.internal.Invoker.invokeTestMethod(Invoker.java:901)
	at org.testng.internal.Invoker.invokeTestMethods(Invoker.java:1231)
	at org.testng.internal.TestMethodWorker.invokeTestMethods(TestMethodWorker.java:127)
	at org.testng.internal.TestMethodWorker.run(TestMethodWorker.java:111)
	at org.testng.TestRunner.privateRun(TestRunner.java:767)
	at org.testng.TestRunner.run(TestRunner.java:617)
	at org.testng.SuiteRunner.runTest(SuiteRunner.java:334)
	at org.testng.SuiteRunner.runSequentially(SuiteRunner.java:329)
	at org.testng.SuiteRunner.privateRun(SuiteRunner.java:291)
	at org.testng.SuiteRunner.run(SuiteRunner.java:240)
	at org.testng.SuiteRunnerWorker.runSuite(SuiteRunnerWorker.java:52)
	at org.testng.SuiteRunnerWorker.run(SuiteRunnerWorker.java:86)
	at org.testng.TestNG.runSuitesSequentially(TestNG.java:1224)
	at org.testng.TestNG.runSuitesLocally(TestNG.java:1149)
	at org.testng.TestNG.run(TestNG.java:1057)
	at org.apache.maven.surefire.testng.TestNGExecutor.run(TestNGExecutor.java:77)
	at org.apache.maven.surefire.testng.TestNGDirectoryTestSuite.executeMulti(TestNGDirectoryTestSuite.java:159)
	at org.apache.maven.surefire.testng.TestNGDirectoryTestSuite.execute(TestNGDirectoryTestSuite.java:99)
	at org.apache.maven.surefire.testng.TestNGProvider.invoke(TestNGProvider.java:106)
	at sun.reflect.NativeMethodAccessorImpl.invoke0(Native Method)
	at sun.reflect.NativeMethodAccessorImpl.invoke(NativeMethodAccessorImpl.java:57)
	at sun.reflect.DelegatingMethodAccessorImpl.invoke(DelegatingMethodAccessorImpl.java:43)
	at java.lang.reflect.Method.invoke(Method.java:606)
	at org.apache.maven.surefire.util.ReflectionUtils.invokeMethodWithArray(ReflectionUtils.java:189)
	at org.apache.maven.surefire.booter.ProviderFactory$ProviderProxy.invoke(ProviderFactory.java:165)
	at org.apache.maven.surefire.booter.ProviderFactory.invokeProvider(ProviderFactory.java:85)
	at org.apache.maven.surefire.booter.ForkedBooter.runSuitesInProcess(ForkedBooter.java:115)
	at org.apache.maven.surefire.booter.ForkedBooter.main(ForkedBooter.java:75)
Caused by: org.identityconnectors.framework.common.exceptions.InvalidAttributeValueException
	... 45 more
]]>
            </full-stacktrace>
          </exception> <!-- org.forgerock.json.resource.BadRequestException -->
          <reporter-output>
          </reporter-output>
        </test-method> <!-- testBadRequestException -->
        <test-method status="PASS" signature="testConflictException(java.lang.String)[pri:0, instance:org.forgerock.openidm.provisioner.openicf.impl.OpenICFProvisionerServiceTest@5e329ba8]" name="testConflictException" duration-ms="12" started-at="2014-07-22T17:18:10Z" data-provider="groovy-only" finished-at="2014-07-22T17:18:10Z">
          <params>
            <param index="0">
              <value>
                <![CDATA[groovy]]>
              </value>
            </param>
          </params>
          <exception class="org.forgerock.json.resource.ConflictException">
            <message>
              <![CDATA[System object TEST1 already exists]]>
            </message>
            <full-stacktrace>
              <![CDATA[org.forgerock.json.resource.ConflictException: System object TEST1 already exists
	at org.forgerock.openidm.provisioner.openicf.impl.OpenICFProvisionerService.handleConnectorException(OpenICFProvisionerService.java:527)
	at org.forgerock.openidm.provisioner.openicf.impl.OpenICFProvisionerService.access$1200(OpenICFProvisionerService.java:209)
	at org.forgerock.openidm.provisioner.openicf.impl.OpenICFProvisionerService$ObjectClassResourceProvider.createInstance(OpenICFProvisionerService.java:1359)
	at org.forgerock.json.resource.Resources$CollectionHandler.handleCreate(Resources.java:232)
	at org.forgerock.json.resource.Router.handleCreate(Router.java:222)
	at org.forgerock.openidm.provisioner.openicf.impl.OpenICFProvisionerService$ObjectClassRequestHandler.handleCreate(OpenICFProvisionerService.java:1072)
	at org.forgerock.json.resource.Router.handleCreate(Router.java:222)
	at org.forgerock.json.resource.Resources$InternalConnection.createAsync(Resources.java:407)
	at org.forgerock.json.resource.AbstractAsynchronousConnection.create(AbstractAsynchronousConnection.java:51)
	at org.forgerock.openidm.provisioner.openicf.impl.OpenICFProvisionerServiceTest.testConflictException(OpenICFProvisionerServiceTest.java:638)
	at sun.reflect.NativeMethodAccessorImpl.invoke0(Native Method)
	at sun.reflect.NativeMethodAccessorImpl.invoke(NativeMethodAccessorImpl.java:57)
	at sun.reflect.DelegatingMethodAccessorImpl.invoke(DelegatingMethodAccessorImpl.java:43)
	at java.lang.reflect.Method.invoke(Method.java:606)
	at org.testng.internal.MethodInvocationHelper.invokeMethod(MethodInvocationHelper.java:84)
	at org.testng.internal.Invoker.invokeMethod(Invoker.java:714)
	at org.testng.internal.Invoker.invokeTestMethod(Invoker.java:901)
	at org.testng.internal.Invoker.invokeTestMethods(Invoker.java:1231)
	at org.testng.internal.TestMethodWorker.invokeTestMethods(TestMethodWorker.java:127)
	at org.testng.internal.TestMethodWorker.run(TestMethodWorker.java:111)
	at org.testng.TestRunner.privateRun(TestRunner.java:767)
	at org.testng.TestRunner.run(TestRunner.java:617)
	at org.testng.SuiteRunner.runTest(SuiteRunner.java:334)
	at org.testng.SuiteRunner.runSequentially(SuiteRunner.java:329)
	at org.testng.SuiteRunner.privateRun(SuiteRunner.java:291)
	at org.testng.SuiteRunner.run(SuiteRunner.java:240)
	at org.testng.SuiteRunnerWorker.runSuite(SuiteRunnerWorker.java:52)
	at org.testng.SuiteRunnerWorker.run(SuiteRunnerWorker.java:86)
	at org.testng.TestNG.runSuitesSequentially(TestNG.java:1224)
	at org.testng.TestNG.runSuitesLocally(TestNG.java:1149)
	at org.testng.TestNG.run(TestNG.java:1057)
	at org.apache.maven.surefire.testng.TestNGExecutor.run(TestNGExecutor.java:77)
	at org.apache.maven.surefire.testng.TestNGDirectoryTestSuite.executeMulti(TestNGDirectoryTestSuite.java:159)
	at org.apache.maven.surefire.testng.TestNGDirectoryTestSuite.execute(TestNGDirectoryTestSuite.java:99)
	at org.apache.maven.surefire.testng.TestNGProvider.invoke(TestNGProvider.java:106)
	at sun.reflect.NativeMethodAccessorImpl.invoke0(Native Method)
	at sun.reflect.NativeMethodAccessorImpl.invoke(NativeMethodAccessorImpl.java:57)
	at sun.reflect.DelegatingMethodAccessorImpl.invoke(DelegatingMethodAccessorImpl.java:43)
	at java.lang.reflect.Method.invoke(Method.java:606)
	at org.apache.maven.surefire.util.ReflectionUtils.invokeMethodWithArray(ReflectionUtils.java:189)
	at org.apache.maven.surefire.booter.ProviderFactory$ProviderProxy.invoke(ProviderFactory.java:165)
	at org.apache.maven.surefire.booter.ProviderFactory.invokeProvider(ProviderFactory.java:85)
	at org.apache.maven.surefire.booter.ForkedBooter.runSuitesInProcess(ForkedBooter.java:115)
	at org.apache.maven.surefire.booter.ForkedBooter.main(ForkedBooter.java:75)
Caused by: org.identityconnectors.framework.common.exceptions.AlreadyExistsException: Object with Uid 'TEST1' and ObjectClass '__TEST__' already exists!
	at sun.reflect.NativeConstructorAccessorImpl.newInstance0(Native Method)
	at sun.reflect.NativeConstructorAccessorImpl.newInstance(NativeConstructorAccessorImpl.java:57)
	at sun.reflect.DelegatingConstructorAccessorImpl.newInstance(DelegatingConstructorAccessorImpl.java:45)
	at java.lang.reflect.Constructor.newInstance(Constructor.java:526)
	at org.codehaus.groovy.reflection.CachedConstructor.invoke(CachedConstructor.java:77)
	at org.codehaus.groovy.reflection.CachedConstructor.doConstructorInvoke(CachedConstructor.java:71)
	at org.codehaus.groovy.runtime.callsite.ConstructorSite$ConstructorSiteNoUnwrap.callConstructor(ConstructorSite.java:81)
	at org.codehaus.groovy.runtime.callsite.CallSiteArray.defaultCallConstructor(CallSiteArray.java:57)
	at org.codehaus.groovy.runtime.callsite.AbstractCallSite.callConstructor(AbstractCallSite.java:182)
	at org.codehaus.groovy.runtime.callsite.AbstractCallSite.callConstructor(AbstractCallSite.java:190)
	at TestHelper.exceptionTest(TestHelper.groovy:67)
	at TestHelper$exceptionTest.call(Unknown Source)
	at CreateScript.run(CreateScript.groovy:134)
	at org.forgerock.openicf.misc.scriptedcommon.ScriptedConfiguration.evaluate(ScriptedConfiguration.java:643)
	at sun.reflect.NativeMethodAccessorImpl.invoke0(Native Method)
	at sun.reflect.NativeMethodAccessorImpl.invoke(NativeMethodAccessorImpl.java:57)
	at sun.reflect.DelegatingMethodAccessorImpl.invoke(DelegatingMethodAccessorImpl.java:43)
	at java.lang.reflect.Method.invoke(Method.java:606)
	at org.codehaus.groovy.runtime.callsite.PojoMetaMethodSite$PojoCachedMethodSiteNoUnwrapNoCoerce.invoke(PojoMetaMethodSite.java:230)
	at org.codehaus.groovy.runtime.callsite.PojoMetaMethodSite.call(PojoMetaMethodSite.java:53)
	at org.codehaus.groovy.runtime.callsite.AbstractCallSite.call(AbstractCallSite.java:124)
	at org.forgerock.openicf.misc.scriptedcommon.ScriptedConnectorBase.evaluateScript(ScriptedConnectorBase.groovy:624)
	at sun.reflect.NativeMethodAccessorImpl.invoke0(Native Method)
	at sun.reflect.NativeMethodAccessorImpl.invoke(NativeMethodAccessorImpl.java:57)
	at sun.reflect.DelegatingMethodAccessorImpl.invoke(DelegatingMethodAccessorImpl.java:43)
	at java.lang.reflect.Method.invoke(Method.java:606)
	at org.codehaus.groovy.runtime.callsite.PogoMetaMethodSite$PogoCachedMethodSiteNoUnwrapNoCoerce.invoke(PogoMetaMethodSite.java:207)
	at org.codehaus.groovy.runtime.callsite.PogoMetaMethodSite.callCurrent(PogoMetaMethodSite.java:56)
	at org.codehaus.groovy.runtime.callsite.AbstractCallSite.callCurrent(AbstractCallSite.java:145)
	at org.forgerock.openicf.misc.scriptedcommon.ScriptedConnectorBase.executeCreate(ScriptedConnectorBase.groovy:233)
	at sun.reflect.NativeMethodAccessorImpl.invoke0(Native Method)
	at sun.reflect.NativeMethodAccessorImpl.invoke(NativeMethodAccessorImpl.java:57)
	at sun.reflect.DelegatingMethodAccessorImpl.invoke(DelegatingMethodAccessorImpl.java:43)
	at java.lang.reflect.Method.invoke(Method.java:606)
	at org.codehaus.groovy.runtime.callsite.PogoMetaMethodSite$PogoCachedMethodSiteNoUnwrapNoCoerce.invoke(PogoMetaMethodSite.java:207)
	at org.codehaus.groovy.runtime.callsite.PogoMetaMethodSite.callCurrent(PogoMetaMethodSite.java:56)
	at org.codehaus.groovy.runtime.callsite.AbstractCallSite.callCurrent(AbstractCallSite.java:153)
	at org.forgerock.openicf.misc.scriptedcommon.ScriptedConnectorBase.create(ScriptedConnectorBase.groovy:201)
	at org.identityconnectors.framework.impl.api.local.operations.CreateImpl.create(CreateImpl.java:89)
	at sun.reflect.NativeMethodAccessorImpl.invoke0(Native Method)
	at sun.reflect.NativeMethodAccessorImpl.invoke(NativeMethodAccessorImpl.java:57)
	at sun.reflect.DelegatingMethodAccessorImpl.invoke(DelegatingMethodAccessorImpl.java:43)
	at java.lang.reflect.Method.invoke(Method.java:606)
	at org.identityconnectors.framework.impl.api.local.operations.ConnectorAPIOperationRunnerProxy.invoke(ConnectorAPIOperationRunnerProxy.java:98)
	at com.sun.proxy.$Proxy24.create(Unknown Source)
	at sun.reflect.NativeMethodAccessorImpl.invoke0(Native Method)
	at sun.reflect.NativeMethodAccessorImpl.invoke(NativeMethodAccessorImpl.java:57)
	at sun.reflect.DelegatingMethodAccessorImpl.invoke(DelegatingMethodAccessorImpl.java:43)
	at java.lang.reflect.Method.invoke(Method.java:606)
	at org.identityconnectors.framework.impl.api.local.operations.ThreadClassLoaderManagerProxy.invoke(ThreadClassLoaderManagerProxy.java:98)
	at com.sun.proxy.$Proxy24.create(Unknown Source)
	at sun.reflect.NativeMethodAccessorImpl.invoke0(Native Method)
	at sun.reflect.NativeMethodAccessorImpl.invoke(NativeMethodAccessorImpl.java:57)
	at sun.reflect.DelegatingMethodAccessorImpl.invoke(DelegatingMethodAccessorImpl.java:43)
	at java.lang.reflect.Method.invoke(Method.java:606)
	at org.identityconnectors.framework.impl.api.DelegatingTimeoutProxy.invoke(DelegatingTimeoutProxy.java:99)
	at com.sun.proxy.$Proxy24.create(Unknown Source)
	at sun.reflect.NativeMethodAccessorImpl.invoke0(Native Method)
	at sun.reflect.NativeMethodAccessorImpl.invoke(NativeMethodAccessorImpl.java:57)
	at sun.reflect.DelegatingMethodAccessorImpl.invoke(DelegatingMethodAccessorImpl.java:43)
	at java.lang.reflect.Method.invoke(Method.java:606)
	at org.identityconnectors.framework.impl.api.LoggingProxy.invoke(LoggingProxy.java:77)
	at com.sun.proxy.$Proxy24.create(Unknown Source)
	at org.identityconnectors.framework.impl.api.AbstractConnectorFacade.create(AbstractConnectorFacade.java:153)
	at org.forgerock.openidm.provisioner.openicf.impl.OpenICFProvisionerService$ObjectClassResourceProvider.createInstance(OpenICFProvisionerService.java:1336)
	... 41 more
]]>
            </full-stacktrace>
          </exception> <!-- org.forgerock.json.resource.ConflictException -->
          <reporter-output>
          </reporter-output>
        </test-method> <!-- testConflictException -->
        <test-method status="PASS" signature="testConflictException(java.lang.String)[pri:0, instance:org.forgerock.openidm.provisioner.openicf.impl.OpenICFProvisionerServiceTest@5e329ba8]" name="testConflictException" duration-ms="7" started-at="2014-07-22T17:18:10Z" data-provider="groovy-only" finished-at="2014-07-22T17:18:10Z">
          <params>
            <param index="0">
              <value>
                <![CDATA[groovyremote]]>
              </value>
            </param>
          </params>
          <exception class="org.forgerock.json.resource.ConflictException">
            <message>
              <![CDATA[System object TEST1 already exists]]>
            </message>
            <full-stacktrace>
              <![CDATA[org.forgerock.json.resource.ConflictException: System object TEST1 already exists
	at org.forgerock.openidm.provisioner.openicf.impl.OpenICFProvisionerService.handleConnectorException(OpenICFProvisionerService.java:527)
	at org.forgerock.openidm.provisioner.openicf.impl.OpenICFProvisionerService.handleRemoteWrappedException(OpenICFProvisionerService.java:702)
	at org.forgerock.openidm.provisioner.openicf.impl.OpenICFProvisionerService.handleConnectorException(OpenICFProvisionerService.java:601)
	at org.forgerock.openidm.provisioner.openicf.impl.OpenICFProvisionerService.access$1200(OpenICFProvisionerService.java:209)
	at org.forgerock.openidm.provisioner.openicf.impl.OpenICFProvisionerService$ObjectClassResourceProvider.createInstance(OpenICFProvisionerService.java:1359)
	at org.forgerock.json.resource.Resources$CollectionHandler.handleCreate(Resources.java:232)
	at org.forgerock.json.resource.Router.handleCreate(Router.java:222)
	at org.forgerock.openidm.provisioner.openicf.impl.OpenICFProvisionerService$ObjectClassRequestHandler.handleCreate(OpenICFProvisionerService.java:1072)
	at org.forgerock.json.resource.Router.handleCreate(Router.java:222)
	at org.forgerock.json.resource.Resources$InternalConnection.createAsync(Resources.java:407)
	at org.forgerock.json.resource.AbstractAsynchronousConnection.create(AbstractAsynchronousConnection.java:51)
	at org.forgerock.openidm.provisioner.openicf.impl.OpenICFProvisionerServiceTest.testConflictException(OpenICFProvisionerServiceTest.java:638)
	at sun.reflect.NativeMethodAccessorImpl.invoke0(Native Method)
	at sun.reflect.NativeMethodAccessorImpl.invoke(NativeMethodAccessorImpl.java:57)
	at sun.reflect.DelegatingMethodAccessorImpl.invoke(DelegatingMethodAccessorImpl.java:43)
	at java.lang.reflect.Method.invoke(Method.java:606)
	at org.testng.internal.MethodInvocationHelper.invokeMethod(MethodInvocationHelper.java:84)
	at org.testng.internal.Invoker.invokeMethod(Invoker.java:714)
	at org.testng.internal.Invoker.invokeTestMethod(Invoker.java:901)
	at org.testng.internal.Invoker.invokeTestMethods(Invoker.java:1231)
	at org.testng.internal.TestMethodWorker.invokeTestMethods(TestMethodWorker.java:127)
	at org.testng.internal.TestMethodWorker.run(TestMethodWorker.java:111)
	at org.testng.TestRunner.privateRun(TestRunner.java:767)
	at org.testng.TestRunner.run(TestRunner.java:617)
	at org.testng.SuiteRunner.runTest(SuiteRunner.java:334)
	at org.testng.SuiteRunner.runSequentially(SuiteRunner.java:329)
	at org.testng.SuiteRunner.privateRun(SuiteRunner.java:291)
	at org.testng.SuiteRunner.run(SuiteRunner.java:240)
	at org.testng.SuiteRunnerWorker.runSuite(SuiteRunnerWorker.java:52)
	at org.testng.SuiteRunnerWorker.run(SuiteRunnerWorker.java:86)
	at org.testng.TestNG.runSuitesSequentially(TestNG.java:1224)
	at org.testng.TestNG.runSuitesLocally(TestNG.java:1149)
	at org.testng.TestNG.run(TestNG.java:1057)
	at org.apache.maven.surefire.testng.TestNGExecutor.run(TestNGExecutor.java:77)
	at org.apache.maven.surefire.testng.TestNGDirectoryTestSuite.executeMulti(TestNGDirectoryTestSuite.java:159)
	at org.apache.maven.surefire.testng.TestNGDirectoryTestSuite.execute(TestNGDirectoryTestSuite.java:99)
	at org.apache.maven.surefire.testng.TestNGProvider.invoke(TestNGProvider.java:106)
	at sun.reflect.NativeMethodAccessorImpl.invoke0(Native Method)
	at sun.reflect.NativeMethodAccessorImpl.invoke(NativeMethodAccessorImpl.java:57)
	at sun.reflect.DelegatingMethodAccessorImpl.invoke(DelegatingMethodAccessorImpl.java:43)
	at java.lang.reflect.Method.invoke(Method.java:606)
	at org.apache.maven.surefire.util.ReflectionUtils.invokeMethodWithArray(ReflectionUtils.java:189)
	at org.apache.maven.surefire.booter.ProviderFactory$ProviderProxy.invoke(ProviderFactory.java:165)
	at org.apache.maven.surefire.booter.ProviderFactory.invokeProvider(ProviderFactory.java:85)
	at org.apache.maven.surefire.booter.ForkedBooter.runSuitesInProcess(ForkedBooter.java:115)
	at org.apache.maven.surefire.booter.ForkedBooter.main(ForkedBooter.java:75)
Caused by: org.identityconnectors.framework.common.exceptions.AlreadyExistsException: Object with Uid 'TEST1' and ObjectClass '__TEST__' already exists!
	... 45 more
]]>
            </full-stacktrace>
          </exception> <!-- org.forgerock.json.resource.ConflictException -->
          <reporter-output>
          </reporter-output>
        </test-method> <!-- testConflictException -->
        <test-method status="PASS" signature="testForbiddenExceptionFromPasswordExpiredException(java.lang.String)[pri:0, instance:org.forgerock.openidm.provisioner.openicf.impl.OpenICFProvisionerServiceTest@5e329ba8]" name="testForbiddenExceptionFromPasswordExpiredException" duration-ms="15" started-at="2014-07-22T17:18:10Z" data-provider="groovy-only" finished-at="2014-07-22T17:18:10Z">
          <params>
            <param index="0">
              <value>
                <![CDATA[groovy]]>
              </value>
            </param>
          </params>
          <exception class="org.forgerock.json.resource.ForbiddenException">
            <message>
              <![CDATA[Operation ACTION failed with PasswordExpiredException on system object: null]]>
            </message>
            <full-stacktrace>
              <![CDATA[org.forgerock.json.resource.ForbiddenException: Operation ACTION failed with PasswordExpiredException on system object: null
	at org.forgerock.openidm.provisioner.openicf.impl.OpenICFProvisionerService.handleConnectorException(OpenICFProvisionerService.java:551)
	at org.forgerock.openidm.provisioner.openicf.impl.OpenICFProvisionerService.access$1200(OpenICFProvisionerService.java:209)
	at org.forgerock.openidm.provisioner.openicf.impl.OpenICFProvisionerService$ObjectClassResourceProvider.handleAuthenticate(OpenICFProvisionerService.java:1295)
	at org.forgerock.openidm.provisioner.openicf.impl.OpenICFProvisionerService$ObjectClassResourceProvider.actionCollection(OpenICFProvisionerService.java:1245)
	at org.forgerock.json.resource.Resources$CollectionHandler.handleAction(Resources.java:226)
	at org.forgerock.json.resource.Router.handleAction(Router.java:208)
	at org.forgerock.openidm.provisioner.openicf.impl.OpenICFProvisionerService$ObjectClassRequestHandler.handleAction(OpenICFProvisionerService.java:1055)
	at org.forgerock.json.resource.Router.handleAction(Router.java:208)
	at org.forgerock.json.resource.Resources$InternalConnection.actionAsync(Resources.java:394)
	at org.forgerock.json.resource.AbstractAsynchronousConnection.action(AbstractAsynchronousConnection.java:37)
	at org.forgerock.openidm.provisioner.openicf.impl.OpenICFProvisionerServiceTest.testForbiddenExceptionFromPasswordExpiredException(OpenICFProvisionerServiceTest.java:747)
	at sun.reflect.NativeMethodAccessorImpl.invoke0(Native Method)
	at sun.reflect.NativeMethodAccessorImpl.invoke(NativeMethodAccessorImpl.java:57)
	at sun.reflect.DelegatingMethodAccessorImpl.invoke(DelegatingMethodAccessorImpl.java:43)
	at java.lang.reflect.Method.invoke(Method.java:606)
	at org.testng.internal.MethodInvocationHelper.invokeMethod(MethodInvocationHelper.java:84)
	at org.testng.internal.Invoker.invokeMethod(Invoker.java:714)
	at org.testng.internal.Invoker.invokeTestMethod(Invoker.java:901)
	at org.testng.internal.Invoker.invokeTestMethods(Invoker.java:1231)
	at org.testng.internal.TestMethodWorker.invokeTestMethods(TestMethodWorker.java:127)
	at org.testng.internal.TestMethodWorker.run(TestMethodWorker.java:111)
	at org.testng.TestRunner.privateRun(TestRunner.java:767)
	at org.testng.TestRunner.run(TestRunner.java:617)
	at org.testng.SuiteRunner.runTest(SuiteRunner.java:334)
	at org.testng.SuiteRunner.runSequentially(SuiteRunner.java:329)
	at org.testng.SuiteRunner.privateRun(SuiteRunner.java:291)
	at org.testng.SuiteRunner.run(SuiteRunner.java:240)
	at org.testng.SuiteRunnerWorker.runSuite(SuiteRunnerWorker.java:52)
	at org.testng.SuiteRunnerWorker.run(SuiteRunnerWorker.java:86)
	at org.testng.TestNG.runSuitesSequentially(TestNG.java:1224)
	at org.testng.TestNG.runSuitesLocally(TestNG.java:1149)
	at org.testng.TestNG.run(TestNG.java:1057)
	at org.apache.maven.surefire.testng.TestNGExecutor.run(TestNGExecutor.java:77)
	at org.apache.maven.surefire.testng.TestNGDirectoryTestSuite.executeMulti(TestNGDirectoryTestSuite.java:159)
	at org.apache.maven.surefire.testng.TestNGDirectoryTestSuite.execute(TestNGDirectoryTestSuite.java:99)
	at org.apache.maven.surefire.testng.TestNGProvider.invoke(TestNGProvider.java:106)
	at sun.reflect.NativeMethodAccessorImpl.invoke0(Native Method)
	at sun.reflect.NativeMethodAccessorImpl.invoke(NativeMethodAccessorImpl.java:57)
	at sun.reflect.DelegatingMethodAccessorImpl.invoke(DelegatingMethodAccessorImpl.java:43)
	at java.lang.reflect.Method.invoke(Method.java:606)
	at org.apache.maven.surefire.util.ReflectionUtils.invokeMethodWithArray(ReflectionUtils.java:189)
	at org.apache.maven.surefire.booter.ProviderFactory$ProviderProxy.invoke(ProviderFactory.java:165)
	at org.apache.maven.surefire.booter.ProviderFactory.invokeProvider(ProviderFactory.java:85)
	at org.apache.maven.surefire.booter.ForkedBooter.runSuitesInProcess(ForkedBooter.java:115)
	at org.apache.maven.surefire.booter.ForkedBooter.main(ForkedBooter.java:75)
Caused by: org.identityconnectors.framework.common.exceptions.PasswordExpiredException
	at sun.reflect.NativeConstructorAccessorImpl.newInstance0(Native Method)
	at sun.reflect.NativeConstructorAccessorImpl.newInstance(NativeConstructorAccessorImpl.java:57)
	at sun.reflect.DelegatingConstructorAccessorImpl.newInstance(DelegatingConstructorAccessorImpl.java:45)
	at java.lang.reflect.Constructor.newInstance(Constructor.java:526)
	at org.codehaus.groovy.reflection.CachedConstructor.invoke(CachedConstructor.java:77)
	at org.codehaus.groovy.runtime.callsite.ConstructorSite$ConstructorSiteNoUnwrapNoCoerce.callConstructor(ConstructorSite.java:102)
	at org.codehaus.groovy.runtime.callsite.CallSiteArray.defaultCallConstructor(CallSiteArray.java:57)
	at org.codehaus.groovy.runtime.callsite.AbstractCallSite.callConstructor(AbstractCallSite.java:182)
	at org.codehaus.groovy.runtime.callsite.AbstractCallSite.callConstructor(AbstractCallSite.java:186)
	at AuthenticateScript.run(AuthenticateScript.groovy:72)
	at org.forgerock.openicf.misc.scriptedcommon.ScriptedConfiguration.evaluate(ScriptedConfiguration.java:643)
	at sun.reflect.NativeMethodAccessorImpl.invoke0(Native Method)
	at sun.reflect.NativeMethodAccessorImpl.invoke(NativeMethodAccessorImpl.java:57)
	at sun.reflect.DelegatingMethodAccessorImpl.invoke(DelegatingMethodAccessorImpl.java:43)
	at java.lang.reflect.Method.invoke(Method.java:606)
	at org.codehaus.groovy.runtime.callsite.PojoMetaMethodSite$PojoCachedMethodSiteNoUnwrapNoCoerce.invoke(PojoMetaMethodSite.java:230)
	at org.codehaus.groovy.runtime.callsite.PojoMetaMethodSite.call(PojoMetaMethodSite.java:53)
	at org.codehaus.groovy.runtime.callsite.AbstractCallSite.call(AbstractCallSite.java:124)
	at org.forgerock.openicf.misc.scriptedcommon.ScriptedConnectorBase.evaluateScript(ScriptedConnectorBase.groovy:624)
	at sun.reflect.NativeMethodAccessorImpl.invoke0(Native Method)
	at sun.reflect.NativeMethodAccessorImpl.invoke(NativeMethodAccessorImpl.java:57)
	at sun.reflect.DelegatingMethodAccessorImpl.invoke(DelegatingMethodAccessorImpl.java:43)
	at java.lang.reflect.Method.invoke(Method.java:606)
	at org.codehaus.groovy.runtime.callsite.PogoMetaMethodSite$PogoCachedMethodSiteNoUnwrapNoCoerce.invoke(PogoMetaMethodSite.java:207)
	at org.codehaus.groovy.runtime.callsite.PogoMetaMethodSite.callCurrent(PogoMetaMethodSite.java:56)
	at org.codehaus.groovy.runtime.callsite.CallSiteArray.defaultCallCurrent(CallSiteArray.java:49)
	at org.codehaus.groovy.runtime.callsite.AbstractCallSite.callCurrent(AbstractCallSite.java:133)
	at org.codehaus.groovy.runtime.callsite.AbstractCallSite.callCurrent(AbstractCallSite.java:145)
	at org.forgerock.openicf.misc.scriptedcommon.ScriptedConnectorBase.executeAuthenticate(ScriptedConnectorBase.groovy:187)
	at sun.reflect.NativeMethodAccessorImpl.invoke0(Native Method)
	at sun.reflect.NativeMethodAccessorImpl.invoke(NativeMethodAccessorImpl.java:57)
	at sun.reflect.DelegatingMethodAccessorImpl.invoke(DelegatingMethodAccessorImpl.java:43)
	at java.lang.reflect.Method.invoke(Method.java:606)
	at org.codehaus.groovy.runtime.callsite.PogoMetaMethodSite$PogoCachedMethodSiteNoUnwrapNoCoerce.invoke(PogoMetaMethodSite.java:207)
	at org.codehaus.groovy.runtime.callsite.PogoMetaMethodSite.callCurrent(PogoMetaMethodSite.java:56)
	at org.codehaus.groovy.runtime.callsite.CallSiteArray.defaultCallCurrent(CallSiteArray.java:49)
	at org.codehaus.groovy.runtime.callsite.AbstractCallSite.callCurrent(AbstractCallSite.java:133)
	at org.forgerock.openicf.misc.scriptedcommon.ScriptedConnectorBase.authenticate(ScriptedConnectorBase.groovy:168)
	at org.identityconnectors.framework.impl.api.local.operations.AuthenticationImpl.authenticate(AuthenticationImpl.java:65)
	at sun.reflect.NativeMethodAccessorImpl.invoke0(Native Method)
	at sun.reflect.NativeMethodAccessorImpl.invoke(NativeMethodAccessorImpl.java:57)
	at sun.reflect.DelegatingMethodAccessorImpl.invoke(DelegatingMethodAccessorImpl.java:43)
	at java.lang.reflect.Method.invoke(Method.java:606)
	at org.identityconnectors.framework.impl.api.local.operations.ConnectorAPIOperationRunnerProxy.invoke(ConnectorAPIOperationRunnerProxy.java:98)
	at com.sun.proxy.$Proxy25.authenticate(Unknown Source)
	at sun.reflect.NativeMethodAccessorImpl.invoke0(Native Method)
	at sun.reflect.NativeMethodAccessorImpl.invoke(NativeMethodAccessorImpl.java:57)
	at sun.reflect.DelegatingMethodAccessorImpl.invoke(DelegatingMethodAccessorImpl.java:43)
	at java.lang.reflect.Method.invoke(Method.java:606)
	at org.identityconnectors.framework.impl.api.local.operations.ThreadClassLoaderManagerProxy.invoke(ThreadClassLoaderManagerProxy.java:98)
	at com.sun.proxy.$Proxy25.authenticate(Unknown Source)
	at sun.reflect.NativeMethodAccessorImpl.invoke0(Native Method)
	at sun.reflect.NativeMethodAccessorImpl.invoke(NativeMethodAccessorImpl.java:57)
	at sun.reflect.DelegatingMethodAccessorImpl.invoke(DelegatingMethodAccessorImpl.java:43)
	at java.lang.reflect.Method.invoke(Method.java:606)
	at org.identityconnectors.framework.impl.api.DelegatingTimeoutProxy.invoke(DelegatingTimeoutProxy.java:99)
	at com.sun.proxy.$Proxy25.authenticate(Unknown Source)
	at sun.reflect.NativeMethodAccessorImpl.invoke0(Native Method)
	at sun.reflect.NativeMethodAccessorImpl.invoke(NativeMethodAccessorImpl.java:57)
	at sun.reflect.DelegatingMethodAccessorImpl.invoke(DelegatingMethodAccessorImpl.java:43)
	at java.lang.reflect.Method.invoke(Method.java:606)
	at org.identityconnectors.framework.impl.api.LoggingProxy.invoke(LoggingProxy.java:77)
	at com.sun.proxy.$Proxy25.authenticate(Unknown Source)
	at org.identityconnectors.framework.impl.api.AbstractConnectorFacade.authenticate(AbstractConnectorFacade.java:213)
	at org.forgerock.openidm.provisioner.openicf.impl.OpenICFProvisionerService$ObjectClassResourceProvider.handleAuthenticate(OpenICFProvisionerService.java:1282)
	... 42 more
]]>
            </full-stacktrace>
          </exception> <!-- org.forgerock.json.resource.ForbiddenException -->
          <reporter-output>
          </reporter-output>
        </test-method> <!-- testForbiddenExceptionFromPasswordExpiredException -->
        <test-method status="PASS" signature="testForbiddenExceptionFromPasswordExpiredException(java.lang.String)[pri:0, instance:org.forgerock.openidm.provisioner.openicf.impl.OpenICFProvisionerServiceTest@5e329ba8]" name="testForbiddenExceptionFromPasswordExpiredException" duration-ms="10" started-at="2014-07-22T17:18:10Z" data-provider="groovy-only" finished-at="2014-07-22T17:18:10Z">
          <params>
            <param index="0">
              <value>
                <![CDATA[groovyremote]]>
              </value>
            </param>
          </params>
          <exception class="org.forgerock.json.resource.ForbiddenException">
            <message>
              <![CDATA[Operation ACTION failed with PasswordExpiredException on system object: null]]>
            </message>
            <full-stacktrace>
              <![CDATA[org.forgerock.json.resource.ForbiddenException: Operation ACTION failed with PasswordExpiredException on system object: null
	at org.forgerock.openidm.provisioner.openicf.impl.OpenICFProvisionerService.handleConnectorException(OpenICFProvisionerService.java:551)
	at org.forgerock.openidm.provisioner.openicf.impl.OpenICFProvisionerService.handleRemoteWrappedException(OpenICFProvisionerService.java:729)
	at org.forgerock.openidm.provisioner.openicf.impl.OpenICFProvisionerService.handleConnectorException(OpenICFProvisionerService.java:601)
	at org.forgerock.openidm.provisioner.openicf.impl.OpenICFProvisionerService.access$1200(OpenICFProvisionerService.java:209)
	at org.forgerock.openidm.provisioner.openicf.impl.OpenICFProvisionerService$ObjectClassResourceProvider.handleAuthenticate(OpenICFProvisionerService.java:1295)
	at org.forgerock.openidm.provisioner.openicf.impl.OpenICFProvisionerService$ObjectClassResourceProvider.actionCollection(OpenICFProvisionerService.java:1245)
	at org.forgerock.json.resource.Resources$CollectionHandler.handleAction(Resources.java:226)
	at org.forgerock.json.resource.Router.handleAction(Router.java:208)
	at org.forgerock.openidm.provisioner.openicf.impl.OpenICFProvisionerService$ObjectClassRequestHandler.handleAction(OpenICFProvisionerService.java:1055)
	at org.forgerock.json.resource.Router.handleAction(Router.java:208)
	at org.forgerock.json.resource.Resources$InternalConnection.actionAsync(Resources.java:394)
	at org.forgerock.json.resource.AbstractAsynchronousConnection.action(AbstractAsynchronousConnection.java:37)
	at org.forgerock.openidm.provisioner.openicf.impl.OpenICFProvisionerServiceTest.testForbiddenExceptionFromPasswordExpiredException(OpenICFProvisionerServiceTest.java:747)
	at sun.reflect.NativeMethodAccessorImpl.invoke0(Native Method)
	at sun.reflect.NativeMethodAccessorImpl.invoke(NativeMethodAccessorImpl.java:57)
	at sun.reflect.DelegatingMethodAccessorImpl.invoke(DelegatingMethodAccessorImpl.java:43)
	at java.lang.reflect.Method.invoke(Method.java:606)
	at org.testng.internal.MethodInvocationHelper.invokeMethod(MethodInvocationHelper.java:84)
	at org.testng.internal.Invoker.invokeMethod(Invoker.java:714)
	at org.testng.internal.Invoker.invokeTestMethod(Invoker.java:901)
	at org.testng.internal.Invoker.invokeTestMethods(Invoker.java:1231)
	at org.testng.internal.TestMethodWorker.invokeTestMethods(TestMethodWorker.java:127)
	at org.testng.internal.TestMethodWorker.run(TestMethodWorker.java:111)
	at org.testng.TestRunner.privateRun(TestRunner.java:767)
	at org.testng.TestRunner.run(TestRunner.java:617)
	at org.testng.SuiteRunner.runTest(SuiteRunner.java:334)
	at org.testng.SuiteRunner.runSequentially(SuiteRunner.java:329)
	at org.testng.SuiteRunner.privateRun(SuiteRunner.java:291)
	at org.testng.SuiteRunner.run(SuiteRunner.java:240)
	at org.testng.SuiteRunnerWorker.runSuite(SuiteRunnerWorker.java:52)
	at org.testng.SuiteRunnerWorker.run(SuiteRunnerWorker.java:86)
	at org.testng.TestNG.runSuitesSequentially(TestNG.java:1224)
	at org.testng.TestNG.runSuitesLocally(TestNG.java:1149)
	at org.testng.TestNG.run(TestNG.java:1057)
	at org.apache.maven.surefire.testng.TestNGExecutor.run(TestNGExecutor.java:77)
	at org.apache.maven.surefire.testng.TestNGDirectoryTestSuite.executeMulti(TestNGDirectoryTestSuite.java:159)
	at org.apache.maven.surefire.testng.TestNGDirectoryTestSuite.execute(TestNGDirectoryTestSuite.java:99)
	at org.apache.maven.surefire.testng.TestNGProvider.invoke(TestNGProvider.java:106)
	at sun.reflect.NativeMethodAccessorImpl.invoke0(Native Method)
	at sun.reflect.NativeMethodAccessorImpl.invoke(NativeMethodAccessorImpl.java:57)
	at sun.reflect.DelegatingMethodAccessorImpl.invoke(DelegatingMethodAccessorImpl.java:43)
	at java.lang.reflect.Method.invoke(Method.java:606)
	at org.apache.maven.surefire.util.ReflectionUtils.invokeMethodWithArray(ReflectionUtils.java:189)
	at org.apache.maven.surefire.booter.ProviderFactory$ProviderProxy.invoke(ProviderFactory.java:165)
	at org.apache.maven.surefire.booter.ProviderFactory.invokeProvider(ProviderFactory.java:85)
	at org.apache.maven.surefire.booter.ForkedBooter.runSuitesInProcess(ForkedBooter.java:115)
	at org.apache.maven.surefire.booter.ForkedBooter.main(ForkedBooter.java:75)
Caused by: org.identityconnectors.framework.common.exceptions.PasswordExpiredException
	... 46 more
]]>
            </full-stacktrace>
          </exception> <!-- org.forgerock.json.resource.ForbiddenException -->
          <reporter-output>
          </reporter-output>
        </test-method> <!-- testForbiddenExceptionFromPasswordExpiredException -->
        <test-method status="PASS" signature="testForbiddenExceptionPermissionDeniedException(java.lang.String)[pri:0, instance:org.forgerock.openidm.provisioner.openicf.impl.OpenICFProvisionerServiceTest@5e329ba8]" name="testForbiddenExceptionPermissionDeniedException" duration-ms="4" started-at="2014-07-22T17:18:10Z" data-provider="groovy-only" finished-at="2014-07-22T17:18:10Z">
          <params>
            <param index="0">
              <value>
                <![CDATA[groovy]]>
              </value>
            </param>
          </params>
          <exception class="org.forgerock.json.resource.ForbiddenException">
            <message>
              <![CDATA[Permission was denied on ACTION operation for system object: null]]>
            </message>
            <full-stacktrace>
              <![CDATA[org.forgerock.json.resource.ForbiddenException: Permission was denied on ACTION operation for system object: null
	at org.forgerock.openidm.provisioner.openicf.impl.OpenICFProvisionerService.handleConnectorException(OpenICFProvisionerService.java:569)
	at org.forgerock.openidm.provisioner.openicf.impl.OpenICFProvisionerService.access$1200(OpenICFProvisionerService.java:209)
	at org.forgerock.openidm.provisioner.openicf.impl.OpenICFProvisionerService$ObjectClassResourceProvider.handleAuthenticate(OpenICFProvisionerService.java:1295)
	at org.forgerock.openidm.provisioner.openicf.impl.OpenICFProvisionerService$ObjectClassResourceProvider.actionCollection(OpenICFProvisionerService.java:1245)
	at org.forgerock.json.resource.Resources$CollectionHandler.handleAction(Resources.java:226)
	at org.forgerock.json.resource.Router.handleAction(Router.java:208)
	at org.forgerock.openidm.provisioner.openicf.impl.OpenICFProvisionerService$ObjectClassRequestHandler.handleAction(OpenICFProvisionerService.java:1055)
	at org.forgerock.json.resource.Router.handleAction(Router.java:208)
	at org.forgerock.json.resource.Resources$InternalConnection.actionAsync(Resources.java:394)
	at org.forgerock.json.resource.AbstractAsynchronousConnection.action(AbstractAsynchronousConnection.java:37)
	at org.forgerock.openidm.provisioner.openicf.impl.OpenICFProvisionerServiceTest.testForbiddenExceptionPermissionDeniedException(OpenICFProvisionerServiceTest.java:738)
	at sun.reflect.NativeMethodAccessorImpl.invoke0(Native Method)
	at sun.reflect.NativeMethodAccessorImpl.invoke(NativeMethodAccessorImpl.java:57)
	at sun.reflect.DelegatingMethodAccessorImpl.invoke(DelegatingMethodAccessorImpl.java:43)
	at java.lang.reflect.Method.invoke(Method.java:606)
	at org.testng.internal.MethodInvocationHelper.invokeMethod(MethodInvocationHelper.java:84)
	at org.testng.internal.Invoker.invokeMethod(Invoker.java:714)
	at org.testng.internal.Invoker.invokeTestMethod(Invoker.java:901)
	at org.testng.internal.Invoker.invokeTestMethods(Invoker.java:1231)
	at org.testng.internal.TestMethodWorker.invokeTestMethods(TestMethodWorker.java:127)
	at org.testng.internal.TestMethodWorker.run(TestMethodWorker.java:111)
	at org.testng.TestRunner.privateRun(TestRunner.java:767)
	at org.testng.TestRunner.run(TestRunner.java:617)
	at org.testng.SuiteRunner.runTest(SuiteRunner.java:334)
	at org.testng.SuiteRunner.runSequentially(SuiteRunner.java:329)
	at org.testng.SuiteRunner.privateRun(SuiteRunner.java:291)
	at org.testng.SuiteRunner.run(SuiteRunner.java:240)
	at org.testng.SuiteRunnerWorker.runSuite(SuiteRunnerWorker.java:52)
	at org.testng.SuiteRunnerWorker.run(SuiteRunnerWorker.java:86)
	at org.testng.TestNG.runSuitesSequentially(TestNG.java:1224)
	at org.testng.TestNG.runSuitesLocally(TestNG.java:1149)
	at org.testng.TestNG.run(TestNG.java:1057)
	at org.apache.maven.surefire.testng.TestNGExecutor.run(TestNGExecutor.java:77)
	at org.apache.maven.surefire.testng.TestNGDirectoryTestSuite.executeMulti(TestNGDirectoryTestSuite.java:159)
	at org.apache.maven.surefire.testng.TestNGDirectoryTestSuite.execute(TestNGDirectoryTestSuite.java:99)
	at org.apache.maven.surefire.testng.TestNGProvider.invoke(TestNGProvider.java:106)
	at sun.reflect.NativeMethodAccessorImpl.invoke0(Native Method)
	at sun.reflect.NativeMethodAccessorImpl.invoke(NativeMethodAccessorImpl.java:57)
	at sun.reflect.DelegatingMethodAccessorImpl.invoke(DelegatingMethodAccessorImpl.java:43)
	at java.lang.reflect.Method.invoke(Method.java:606)
	at org.apache.maven.surefire.util.ReflectionUtils.invokeMethodWithArray(ReflectionUtils.java:189)
	at org.apache.maven.surefire.booter.ProviderFactory$ProviderProxy.invoke(ProviderFactory.java:165)
	at org.apache.maven.surefire.booter.ProviderFactory.invokeProvider(ProviderFactory.java:85)
	at org.apache.maven.surefire.booter.ForkedBooter.runSuitesInProcess(ForkedBooter.java:115)
	at org.apache.maven.surefire.booter.ForkedBooter.main(ForkedBooter.java:75)
Caused by: org.identityconnectors.framework.common.exceptions.PermissionDeniedException
	at sun.reflect.NativeConstructorAccessorImpl.newInstance0(Native Method)
	at sun.reflect.NativeConstructorAccessorImpl.newInstance(NativeConstructorAccessorImpl.java:57)
	at sun.reflect.DelegatingConstructorAccessorImpl.newInstance(DelegatingConstructorAccessorImpl.java:45)
	at java.lang.reflect.Constructor.newInstance(Constructor.java:526)
	at org.codehaus.groovy.reflection.CachedConstructor.invoke(CachedConstructor.java:77)
	at org.codehaus.groovy.runtime.callsite.ConstructorSite$ConstructorSiteNoUnwrapNoCoerce.callConstructor(ConstructorSite.java:102)
	at org.codehaus.groovy.runtime.callsite.CallSiteArray.defaultCallConstructor(CallSiteArray.java:57)
	at org.codehaus.groovy.runtime.callsite.AbstractCallSite.callConstructor(AbstractCallSite.java:182)
	at org.codehaus.groovy.runtime.callsite.AbstractCallSite.callConstructor(AbstractCallSite.java:186)
	at AuthenticateScript.run(AuthenticateScript.groovy:70)
	at org.forgerock.openicf.misc.scriptedcommon.ScriptedConfiguration.evaluate(ScriptedConfiguration.java:643)
	at sun.reflect.NativeMethodAccessorImpl.invoke0(Native Method)
	at sun.reflect.NativeMethodAccessorImpl.invoke(NativeMethodAccessorImpl.java:57)
	at sun.reflect.DelegatingMethodAccessorImpl.invoke(DelegatingMethodAccessorImpl.java:43)
	at java.lang.reflect.Method.invoke(Method.java:606)
	at org.codehaus.groovy.runtime.callsite.PojoMetaMethodSite$PojoCachedMethodSiteNoUnwrapNoCoerce.invoke(PojoMetaMethodSite.java:230)
	at org.codehaus.groovy.runtime.callsite.PojoMetaMethodSite.call(PojoMetaMethodSite.java:53)
	at org.codehaus.groovy.runtime.callsite.AbstractCallSite.call(AbstractCallSite.java:124)
	at org.forgerock.openicf.misc.scriptedcommon.ScriptedConnectorBase.evaluateScript(ScriptedConnectorBase.groovy:624)
	at sun.reflect.NativeMethodAccessorImpl.invoke0(Native Method)
	at sun.reflect.NativeMethodAccessorImpl.invoke(NativeMethodAccessorImpl.java:57)
	at sun.reflect.DelegatingMethodAccessorImpl.invoke(DelegatingMethodAccessorImpl.java:43)
	at java.lang.reflect.Method.invoke(Method.java:606)
	at org.codehaus.groovy.runtime.callsite.PogoMetaMethodSite$PogoCachedMethodSiteNoUnwrapNoCoerce.invoke(PogoMetaMethodSite.java:207)
	at org.codehaus.groovy.runtime.callsite.PogoMetaMethodSite.callCurrent(PogoMetaMethodSite.java:56)
	at org.codehaus.groovy.runtime.callsite.AbstractCallSite.callCurrent(AbstractCallSite.java:145)
	at org.forgerock.openicf.misc.scriptedcommon.ScriptedConnectorBase.executeAuthenticate(ScriptedConnectorBase.groovy:187)
	at sun.reflect.NativeMethodAccessorImpl.invoke0(Native Method)
	at sun.reflect.NativeMethodAccessorImpl.invoke(NativeMethodAccessorImpl.java:57)
	at sun.reflect.DelegatingMethodAccessorImpl.invoke(DelegatingMethodAccessorImpl.java:43)
	at java.lang.reflect.Method.invoke(Method.java:606)
	at org.codehaus.groovy.runtime.callsite.PogoMetaMethodSite$PogoCachedMethodSiteNoUnwrapNoCoerce.invoke(PogoMetaMethodSite.java:207)
	at org.codehaus.groovy.runtime.callsite.PogoMetaMethodSite.callCurrent(PogoMetaMethodSite.java:56)
	at org.forgerock.openicf.misc.scriptedcommon.ScriptedConnectorBase.authenticate(ScriptedConnectorBase.groovy:168)
	at org.identityconnectors.framework.impl.api.local.operations.AuthenticationImpl.authenticate(AuthenticationImpl.java:65)
	at sun.reflect.NativeMethodAccessorImpl.invoke0(Native Method)
	at sun.reflect.NativeMethodAccessorImpl.invoke(NativeMethodAccessorImpl.java:57)
	at sun.reflect.DelegatingMethodAccessorImpl.invoke(DelegatingMethodAccessorImpl.java:43)
	at java.lang.reflect.Method.invoke(Method.java:606)
	at org.identityconnectors.framework.impl.api.local.operations.ConnectorAPIOperationRunnerProxy.invoke(ConnectorAPIOperationRunnerProxy.java:98)
	at com.sun.proxy.$Proxy25.authenticate(Unknown Source)
	at sun.reflect.NativeMethodAccessorImpl.invoke0(Native Method)
	at sun.reflect.NativeMethodAccessorImpl.invoke(NativeMethodAccessorImpl.java:57)
	at sun.reflect.DelegatingMethodAccessorImpl.invoke(DelegatingMethodAccessorImpl.java:43)
	at java.lang.reflect.Method.invoke(Method.java:606)
	at org.identityconnectors.framework.impl.api.local.operations.ThreadClassLoaderManagerProxy.invoke(ThreadClassLoaderManagerProxy.java:98)
	at com.sun.proxy.$Proxy25.authenticate(Unknown Source)
	at sun.reflect.NativeMethodAccessorImpl.invoke0(Native Method)
	at sun.reflect.NativeMethodAccessorImpl.invoke(NativeMethodAccessorImpl.java:57)
	at sun.reflect.DelegatingMethodAccessorImpl.invoke(DelegatingMethodAccessorImpl.java:43)
	at java.lang.reflect.Method.invoke(Method.java:606)
	at org.identityconnectors.framework.impl.api.DelegatingTimeoutProxy.invoke(DelegatingTimeoutProxy.java:99)
	at com.sun.proxy.$Proxy25.authenticate(Unknown Source)
	at sun.reflect.NativeMethodAccessorImpl.invoke0(Native Method)
	at sun.reflect.NativeMethodAccessorImpl.invoke(NativeMethodAccessorImpl.java:57)
	at sun.reflect.DelegatingMethodAccessorImpl.invoke(DelegatingMethodAccessorImpl.java:43)
	at java.lang.reflect.Method.invoke(Method.java:606)
	at org.identityconnectors.framework.impl.api.LoggingProxy.invoke(LoggingProxy.java:77)
	at com.sun.proxy.$Proxy25.authenticate(Unknown Source)
	at org.identityconnectors.framework.impl.api.AbstractConnectorFacade.authenticate(AbstractConnectorFacade.java:213)
	at org.forgerock.openidm.provisioner.openicf.impl.OpenICFProvisionerService$ObjectClassResourceProvider.handleAuthenticate(OpenICFProvisionerService.java:1282)
	... 42 more
]]>
            </full-stacktrace>
          </exception> <!-- org.forgerock.json.resource.ForbiddenException -->
          <reporter-output>
          </reporter-output>
        </test-method> <!-- testForbiddenExceptionPermissionDeniedException -->
        <test-method status="PASS" signature="testForbiddenExceptionPermissionDeniedException(java.lang.String)[pri:0, instance:org.forgerock.openidm.provisioner.openicf.impl.OpenICFProvisionerServiceTest@5e329ba8]" name="testForbiddenExceptionPermissionDeniedException" duration-ms="7" started-at="2014-07-22T17:18:10Z" data-provider="groovy-only" finished-at="2014-07-22T17:18:10Z">
          <params>
            <param index="0">
              <value>
                <![CDATA[groovyremote]]>
              </value>
            </param>
          </params>
          <exception class="org.forgerock.json.resource.ForbiddenException">
            <message>
              <![CDATA[Permission was denied on ACTION operation for system object: null]]>
            </message>
            <full-stacktrace>
              <![CDATA[org.forgerock.json.resource.ForbiddenException: Permission was denied on ACTION operation for system object: null
	at org.forgerock.openidm.provisioner.openicf.impl.OpenICFProvisionerService.handleConnectorException(OpenICFProvisionerService.java:569)
	at org.forgerock.openidm.provisioner.openicf.impl.OpenICFProvisionerService.handleRemoteWrappedException(OpenICFProvisionerService.java:732)
	at org.forgerock.openidm.provisioner.openicf.impl.OpenICFProvisionerService.handleConnectorException(OpenICFProvisionerService.java:601)
	at org.forgerock.openidm.provisioner.openicf.impl.OpenICFProvisionerService.access$1200(OpenICFProvisionerService.java:209)
	at org.forgerock.openidm.provisioner.openicf.impl.OpenICFProvisionerService$ObjectClassResourceProvider.handleAuthenticate(OpenICFProvisionerService.java:1295)
	at org.forgerock.openidm.provisioner.openicf.impl.OpenICFProvisionerService$ObjectClassResourceProvider.actionCollection(OpenICFProvisionerService.java:1245)
	at org.forgerock.json.resource.Resources$CollectionHandler.handleAction(Resources.java:226)
	at org.forgerock.json.resource.Router.handleAction(Router.java:208)
	at org.forgerock.openidm.provisioner.openicf.impl.OpenICFProvisionerService$ObjectClassRequestHandler.handleAction(OpenICFProvisionerService.java:1055)
	at org.forgerock.json.resource.Router.handleAction(Router.java:208)
	at org.forgerock.json.resource.Resources$InternalConnection.actionAsync(Resources.java:394)
	at org.forgerock.json.resource.AbstractAsynchronousConnection.action(AbstractAsynchronousConnection.java:37)
	at org.forgerock.openidm.provisioner.openicf.impl.OpenICFProvisionerServiceTest.testForbiddenExceptionPermissionDeniedException(OpenICFProvisionerServiceTest.java:738)
	at sun.reflect.NativeMethodAccessorImpl.invoke0(Native Method)
	at sun.reflect.NativeMethodAccessorImpl.invoke(NativeMethodAccessorImpl.java:57)
	at sun.reflect.DelegatingMethodAccessorImpl.invoke(DelegatingMethodAccessorImpl.java:43)
	at java.lang.reflect.Method.invoke(Method.java:606)
	at org.testng.internal.MethodInvocationHelper.invokeMethod(MethodInvocationHelper.java:84)
	at org.testng.internal.Invoker.invokeMethod(Invoker.java:714)
	at org.testng.internal.Invoker.invokeTestMethod(Invoker.java:901)
	at org.testng.internal.Invoker.invokeTestMethods(Invoker.java:1231)
	at org.testng.internal.TestMethodWorker.invokeTestMethods(TestMethodWorker.java:127)
	at org.testng.internal.TestMethodWorker.run(TestMethodWorker.java:111)
	at org.testng.TestRunner.privateRun(TestRunner.java:767)
	at org.testng.TestRunner.run(TestRunner.java:617)
	at org.testng.SuiteRunner.runTest(SuiteRunner.java:334)
	at org.testng.SuiteRunner.runSequentially(SuiteRunner.java:329)
	at org.testng.SuiteRunner.privateRun(SuiteRunner.java:291)
	at org.testng.SuiteRunner.run(SuiteRunner.java:240)
	at org.testng.SuiteRunnerWorker.runSuite(SuiteRunnerWorker.java:52)
	at org.testng.SuiteRunnerWorker.run(SuiteRunnerWorker.java:86)
	at org.testng.TestNG.runSuitesSequentially(TestNG.java:1224)
	at org.testng.TestNG.runSuitesLocally(TestNG.java:1149)
	at org.testng.TestNG.run(TestNG.java:1057)
	at org.apache.maven.surefire.testng.TestNGExecutor.run(TestNGExecutor.java:77)
	at org.apache.maven.surefire.testng.TestNGDirectoryTestSuite.executeMulti(TestNGDirectoryTestSuite.java:159)
	at org.apache.maven.surefire.testng.TestNGDirectoryTestSuite.execute(TestNGDirectoryTestSuite.java:99)
	at org.apache.maven.surefire.testng.TestNGProvider.invoke(TestNGProvider.java:106)
	at sun.reflect.NativeMethodAccessorImpl.invoke0(Native Method)
	at sun.reflect.NativeMethodAccessorImpl.invoke(NativeMethodAccessorImpl.java:57)
	at sun.reflect.DelegatingMethodAccessorImpl.invoke(DelegatingMethodAccessorImpl.java:43)
	at java.lang.reflect.Method.invoke(Method.java:606)
	at org.apache.maven.surefire.util.ReflectionUtils.invokeMethodWithArray(ReflectionUtils.java:189)
	at org.apache.maven.surefire.booter.ProviderFactory$ProviderProxy.invoke(ProviderFactory.java:165)
	at org.apache.maven.surefire.booter.ProviderFactory.invokeProvider(ProviderFactory.java:85)
	at org.apache.maven.surefire.booter.ForkedBooter.runSuitesInProcess(ForkedBooter.java:115)
	at org.apache.maven.surefire.booter.ForkedBooter.main(ForkedBooter.java:75)
Caused by: org.identityconnectors.framework.common.exceptions.PermissionDeniedException
	... 46 more
]]>
            </full-stacktrace>
          </exception> <!-- org.forgerock.json.resource.ForbiddenException -->
          <reporter-output>
          </reporter-output>
        </test-method> <!-- testForbiddenExceptionPermissionDeniedException -->
        <test-method status="PASS" signature="testHelloWorldAction(java.lang.String)[pri:0, instance:org.forgerock.openidm.provisioner.openicf.impl.OpenICFProvisionerServiceTest@5e329ba8]" name="testHelloWorldAction" duration-ms="0" started-at="2014-07-22T17:18:10Z" data-provider="dp" finished-at="2014-07-22T17:18:10Z">
          <params>
            <param index="0">
              <value>
                <![CDATA[business]]>
              </value>
            </param>
          </params>
          <reporter-output>
          </reporter-output>
        </test-method> <!-- testHelloWorldAction -->
        <test-method status="PASS" signature="testHelloWorldAction(java.lang.String)[pri:0, instance:org.forgerock.openidm.provisioner.openicf.impl.OpenICFProvisionerServiceTest@5e329ba8]" name="testHelloWorldAction" duration-ms="1" started-at="2014-07-22T17:18:10Z" data-provider="dp" finished-at="2014-07-22T17:18:10Z">
          <params>
            <param index="0">
              <value>
                <![CDATA[groovy]]>
              </value>
            </param>
          </params>
          <reporter-output>
          </reporter-output>
        </test-method> <!-- testHelloWorldAction -->
        <test-method status="PASS" signature="testHelloWorldAction(java.lang.String)[pri:0, instance:org.forgerock.openidm.provisioner.openicf.impl.OpenICFProvisionerServiceTest@5e329ba8]" name="testHelloWorldAction" duration-ms="38" started-at="2014-07-22T17:18:10Z" data-provider="dp" finished-at="2014-07-22T17:18:10Z">
          <params>
            <param index="0">
              <value>
                <![CDATA[Test]]>
              </value>
            </param>
          </params>
          <reporter-output>
          </reporter-output>
        </test-method> <!-- testHelloWorldAction -->
        <test-method status="PASS" signature="testHelloWorldAction(java.lang.String)[pri:0, instance:org.forgerock.openidm.provisioner.openicf.impl.OpenICFProvisionerServiceTest@5e329ba8]" name="testHelloWorldAction" duration-ms="0" started-at="2014-07-22T17:18:10Z" data-provider="dp" finished-at="2014-07-22T17:18:10Z">
          <params>
            <param index="0">
              <value>
                <![CDATA[groovyremote]]>
              </value>
            </param>
          </params>
          <reporter-output>
          </reporter-output>
        </test-method> <!-- testHelloWorldAction -->
        <test-method status="PASS" signature="testHelloWorldAction(java.lang.String)[pri:0, instance:org.forgerock.openidm.provisioner.openicf.impl.OpenICFProvisionerServiceTest@5e329ba8]" name="testHelloWorldAction" duration-ms="0" started-at="2014-07-22T17:18:10Z" data-provider="dp" finished-at="2014-07-22T17:18:10Z">
          <params>
            <param index="0">
              <value>
                <![CDATA[XML]]>
              </value>
            </param>
          </params>
          <reporter-output>
          </reporter-output>
        </test-method> <!-- testHelloWorldAction -->
        <test-method status="PASS" signature="testInternalServerErrorExceptionFromConfigurationException(java.lang.String)[pri:0, instance:org.forgerock.openidm.provisioner.openicf.impl.OpenICFProvisionerServiceTest@5e329ba8]" name="testInternalServerErrorExceptionFromConfigurationException" duration-ms="162" started-at="2014-07-22T17:18:10Z" data-provider="groovy-only" finished-at="2014-07-22T17:18:11Z">
          <params>
            <param index="0">
              <value>
                <![CDATA[groovy]]>
              </value>
            </param>
          </params>
          <exception class="org.forgerock.json.resource.InternalServerErrorException">
            <message>
              <![CDATA[No context of type org.forgerock.json.resource.SecurityContext found.]]>
            </message>
            <full-stacktrace>
              <![CDATA[org.forgerock.json.resource.InternalServerErrorException: No context of type org.forgerock.json.resource.SecurityContext found.
[...]
	at org.identityconnectors.framework.common.exceptions.RetryableException.wrap(RetryableException.java:133)
	at org.identityconnectors.framework.common.exceptions.RetryableException$wrap.call(Unknown Source)
	at org.codehaus.groovy.runtime.callsite.CallSiteArray.defaultCall(CallSiteArray.java:45)
	at org.codehaus.groovy.runtime.callsite.AbstractCallSite.call(AbstractCallSite.java:108)
	at org.codehaus.groovy.runtime.callsite.AbstractCallSite.call(AbstractCallSite.java:120)
	at TestHelper.exceptionTest(TestHelper.groovy:88)
	at TestHelper$exceptionTest.call(Unknown Source)
	at CreateScript.run(CreateScript.groovy:134)
	at org.forgerock.openicf.misc.scriptedcommon.ScriptedConfiguration.evaluate(ScriptedConfiguration.java:643)
	at sun.reflect.GeneratedMethodAccessor19.invoke(Unknown Source)
	at sun.reflect.DelegatingMethodAccessorImpl.invoke(DelegatingMethodAccessorImpl.java:43)
	at java.lang.reflect.Method.invoke(Method.java:606)
	at org.codehaus.groovy.runtime.callsite.PojoMetaMethodSite$PojoCachedMethodSiteNoUnwrapNoCoerce.invoke(PojoMetaMethodSite.java:230)
	at org.codehaus.groovy.runtime.callsite.PojoMetaMethodSite.call(PojoMetaMethodSite.java:53)
	at org.codehaus.groovy.runtime.callsite.AbstractCallSite.call(AbstractCallSite.java:124)
	at org.forgerock.openicf.misc.scriptedcommon.ScriptedConnectorBase.evaluateScript(ScriptedConnectorBase.groovy:624)
	at sun.reflect.GeneratedMethodAccessor18.invoke(Unknown Source)
	at sun.reflect.DelegatingMethodAccessorImpl.invoke(DelegatingMethodAccessorImpl.java:43)
	at java.lang.reflect.Method.invoke(Method.java:606)
	at org.codehaus.groovy.runtime.callsite.PogoMetaMethodSite$PogoCachedMethodSiteNoUnwrapNoCoerce.invoke(PogoMetaMethodSite.java:207)
	at org.codehaus.groovy.runtime.callsite.PogoMetaMethodSite.callCurrent(PogoMetaMethodSite.java:56)
	at org.codehaus.groovy.runtime.callsite.AbstractCallSite.callCurrent(AbstractCallSite.java:145)
	at org.forgerock.openicf.misc.scriptedcommon.ScriptedConnectorBase.executeCreate(ScriptedConnectorBase.groovy:233)
	at sun.reflect.NativeMethodAccessorImpl.invoke0(Native Method)
	at sun.reflect.NativeMethodAccessorImpl.invoke(NativeMethodAccessorImpl.java:57)
	at sun.reflect.DelegatingMethodAccessorImpl.invoke(DelegatingMethodAccessorImpl.java:43)
	at java.lang.reflect.Method.invoke(Method.java:606)
	at org.codehaus.groovy.runtime.callsite.PogoMetaMethodSite$PogoCachedMethodSiteNoUnwrapNoCoerce.invoke(PogoMetaMethodSite.java:207)
	at org.codehaus.groovy.runtime.callsite.PogoMetaMethodSite.callCurrent(PogoMetaMethodSite.java:56)
	at org.codehaus.groovy.runtime.callsite.AbstractCallSite.callCurrent(AbstractCallSite.java:153)
	at org.forgerock.openicf.misc.scriptedcommon.ScriptedConnectorBase.create(ScriptedConnectorBase.groovy:201)
	at org.identityconnectors.framework.impl.api.local.operations.CreateImpl.create(CreateImpl.java:89)
	at sun.reflect.GeneratedMethodAccessor3.invoke(Unknown Source)
	at sun.reflect.DelegatingMethodAccessorImpl.invoke(DelegatingMethodAccessorImpl.java:43)
	at java.lang.reflect.Method.invoke(Method.java:606)
	at org.identityconnectors.framework.impl.api.local.operations.ConnectorAPIOperationRunnerProxy.invoke(ConnectorAPIOperationRunnerProxy.java:98)
	at com.sun.proxy.$Proxy24.create(Unknown Source)
	at sun.reflect.GeneratedMethodAccessor3.invoke(Unknown Source)
	at sun.reflect.DelegatingMethodAccessorImpl.invoke(DelegatingMethodAccessorImpl.java:43)
	at java.lang.reflect.Method.invoke(Method.java:606)
	at org.identityconnectors.framework.impl.api.local.operations.ThreadClassLoaderManagerProxy.invoke(ThreadClassLoaderManagerProxy.java:98)
	at com.sun.proxy.$Proxy24.create(Unknown Source)
	at sun.reflect.GeneratedMethodAccessor3.invoke(Unknown Source)
	at sun.reflect.DelegatingMethodAccessorImpl.invoke(DelegatingMethodAccessorImpl.java:43)
	at java.lang.reflect.Method.invoke(Method.java:606)
	at org.identityconnectors.framework.impl.api.DelegatingTimeoutProxy.invoke(DelegatingTimeoutProxy.java:99)
	at com.sun.proxy.$Proxy24.create(Unknown Source)
	at sun.reflect.GeneratedMethodAccessor3.invoke(Unknown Source)
	at sun.reflect.DelegatingMethodAccessorImpl.invoke(DelegatingMethodAccessorImpl.java:43)
	at java.lang.reflect.Method.invoke(Method.java:606)
	at org.identityconnectors.framework.impl.api.LoggingProxy.invoke(LoggingProxy.java:77)
	at com.sun.proxy.$Proxy24.create(Unknown Source)
	at org.identityconnectors.framework.impl.api.AbstractConnectorFacade.create(AbstractConnectorFacade.java:153)
	at org.forgerock.openidm.provisioner.openicf.impl.OpenICFProvisionerService$ObjectClassResourceProvider.createInstance(OpenICFProvisionerService.java:1336)
	... 41 more
Caused by: org.identityconnectors.framework.common.exceptions.AlreadyExistsException
	... 95 more
]]>
            </full-stacktrace>
          </exception> <!-- org.forgerock.json.resource.ServiceUnavailableException -->
          <reporter-output>
          </reporter-output>
        </test-method> <!-- testServiceUnavailableExceptionFromRetryableException -->
        <test-method status="PASS" signature="testServiceUnavailableExceptionFromRetryableException(java.lang.String)[pri:0, instance:org.forgerock.openidm.provisioner.openicf.impl.OpenICFProvisionerServiceTest@5e329ba8]" name="testServiceUnavailableExceptionFromRetryableException" duration-ms="5" started-at="2014-07-22T17:18:11Z" data-provider="groovy-only" finished-at="2014-07-22T17:18:11Z">
          <params>
            <param index="0">
              <value>
                <![CDATA[groovyremote]]>
              </value>
            </param>
          </params>
          <exception class="org.forgerock.json.resource.ServiceUnavailableException">
            <message>
              <![CDATA[Request temporarily unavailable on operation CREATE for system object: TEST4]]>
            </message>
            <full-stacktrace>
              <![CDATA[org.forgerock.json.resource.ServiceUnavailableException: Request temporarily unavailable on operation CREATE for system object: TEST4
	at org.forgerock.openidm.provisioner.openicf.impl.OpenICFProvisionerService.handleConnectorException(OpenICFProvisionerService.java:591)
	at org.forgerock.openidm.provisioner.openicf.impl.OpenICFProvisionerService.handleRemoteWrappedException(OpenICFProvisionerService.java:741)
	at org.forgerock.openidm.provisioner.openicf.impl.OpenICFProvisionerService.handleConnectorException(OpenICFProvisionerService.java:601)
	at org.forgerock.openidm.provisioner.openicf.impl.OpenICFProvisionerService.access$1200(OpenICFProvisionerService.java:209)
	at org.forgerock.openidm.provisioner.openicf.impl.OpenICFProvisionerService$ObjectClassResourceProvider.createInstance(OpenICFProvisionerService.java:1359)
	at org.forgerock.json.resource.Resources$CollectionHandler.handleCreate(Resources.java:232)
	at org.forgerock.json.resource.Router.handleCreate(Router.java:222)
	at org.forgerock.openidm.provisioner.openicf.impl.OpenICFProvisionerService$ObjectClassRequestHandler.handleCreate(OpenICFProvisionerService.java:1072)
	at org.forgerock.json.resource.Router.handleCreate(Router.java:222)
	at org.forgerock.json.resource.Resources$InternalConnection.createAsync(Resources.java:407)
	at org.forgerock.json.resource.AbstractAsynchronousConnection.create(AbstractAsynchronousConnection.java:51)
	at org.forgerock.openidm.provisioner.openicf.impl.OpenICFProvisionerServiceTest.testServiceUnavailableExceptionFromRetryableException(OpenICFProvisionerServiceTest.java:660)
	at sun.reflect.NativeMethodAccessorImpl.invoke0(Native Method)
	at sun.reflect.NativeMethodAccessorImpl.invoke(NativeMethodAccessorImpl.java:57)
	at sun.reflect.DelegatingMethodAccessorImpl.invoke(DelegatingMethodAccessorImpl.java:43)
	at java.lang.reflect.Method.invoke(Method.java:606)
	at org.testng.internal.MethodInvocationHelper.invokeMethod(MethodInvocationHelper.java:84)
	at org.testng.internal.Invoker.invokeMethod(Invoker.java:714)
	at org.testng.internal.Invoker.invokeTestMethod(Invoker.java:901)
	at org.testng.internal.Invoker.invokeTestMethods(Invoker.java:1231)
	at org.testng.internal.TestMethodWorker.invokeTestMethods(TestMethodWorker.java:127)
	at org.testng.internal.TestMethodWorker.run(TestMethodWorker.java:111)
	at org.testng.TestRunner.privateRun(TestRunner.java:767)
	at org.testng.TestRunner.run(TestRunner.java:617)
	at org.testng.SuiteRunner.runTest(SuiteRunner.java:334)
	at org.testng.SuiteRunner.runSequentially(SuiteRunner.java:329)
	at org.testng.SuiteRunner.privateRun(SuiteRunner.java:291)
	at org.testng.SuiteRunner.run(SuiteRunner.java:240)
	at org.testng.SuiteRunnerWorker.runSuite(SuiteRunnerWorker.java:52)
	at org.testng.SuiteRunnerWorker.run(SuiteRunnerWorker.java:86)
	at org.testng.TestNG.runSuitesSequentially(TestNG.java:1224)
	at org.testng.TestNG.runSuitesLocally(TestNG.java:1149)
	at org.testng.TestNG.run(TestNG.java:1057)
	at org.apache.maven.surefire.testng.TestNGExecutor.run(TestNGExecutor.java:77)
	at org.apache.maven.surefire.testng.TestNGDirectoryTestSuite.executeMulti(TestNGDirectoryTestSuite.java:159)
	at org.apache.maven.surefire.testng.TestNGDirectoryTestSuite.execute(TestNGDirectoryTestSuite.java:99)
	at org.apache.maven.surefire.testng.TestNGProvider.invoke(TestNGProvider.java:106)
	at sun.reflect.NativeMethodAccessorImpl.invoke0(Native Method)
	at sun.reflect.NativeMethodAccessorImpl.invoke(NativeMethodAccessorImpl.java:57)
	at sun.reflect.DelegatingMethodAccessorImpl.invoke(DelegatingMethodAccessorImpl.java:43)
	at java.lang.reflect.Method.invoke(Method.java:606)
	at org.apache.maven.surefire.util.ReflectionUtils.invokeMethodWithArray(ReflectionUtils.java:189)
	at org.apache.maven.surefire.booter.ProviderFactory$ProviderProxy.invoke(ProviderFactory.java:165)
	at org.apache.maven.surefire.booter.ProviderFactory.invokeProvider(ProviderFactory.java:85)
	at org.apache.maven.surefire.booter.ForkedBooter.runSuitesInProcess(ForkedBooter.java:115)
	at org.apache.maven.surefire.booter.ForkedBooter.main(ForkedBooter.java:75)
Caused by: org.identityconnectors.framework.common.exceptions.RetryableException: Created but some attributes are not set, call update with new 'uid'!
	at org.identityconnectors.framework.common.exceptions.RetryableException.wrap(RetryableException.java:102)
	... 45 more
Caused by: org.identityconnectors.framework.impl.api.remote.RemoteWrappedException
	at org.identityconnectors.framework.impl.api.remote.RemoteWrappedException.getCause(RemoteWrappedException.java:168)
	at org.identityconnectors.framework.impl.api.remote.RemoteWrappedException.getCause(RemoteWrappedException.java:73)
	at org.forgerock.openidm.provisioner.openicf.impl.OpenICFProvisionerService.handleRemoteWrappedException(OpenICFProvisionerService.java:699)
	... 44 more
]]>
            </full-stacktrace>
          </exception> <!-- org.forgerock.json.resource.ServiceUnavailableException -->
          <reporter-output>
          </reporter-output>
        </test-method> <!-- testServiceUnavailableExceptionFromRetryableException -->
        <test-method status="PASS" signature="testSync(java.lang.String)[pri:0, instance:org.forgerock.openidm.provisioner.openicf.impl.OpenICFProvisionerServiceTest@5e329ba8]" name="testSync" duration-ms="97" started-at="2014-07-22T17:18:11Z" data-provider="groovy-only" finished-at="2014-07-22T17:18:11Z">
          <params>
            <param index="0">
              <value>
                <![CDATA[groovy]]>
              </value>
            </param>
          </params>
          <reporter-output>
          </reporter-output>
        </test-method> <!-- testSync -->
        <test-method status="PASS" signature="testSync(java.lang.String)[pri:0, instance:org.forgerock.openidm.provisioner.openicf.impl.OpenICFProvisionerServiceTest@5e329ba8]" name="testSync" duration-ms="87" started-at="2014-07-22T17:18:11Z" data-provider="groovy-only" finished-at="2014-07-22T17:18:11Z">
          <params>
            <param index="0">
              <value>
                <![CDATA[groovyremote]]>
              </value>
            </param>
          </params>
          <reporter-output>
          </reporter-output>
        </test-method> <!-- testSync -->
        <test-method status="PASS" signature="testSyncWithAllObjectClass(java.lang.String)[pri:0, instance:org.forgerock.openidm.provisioner.openicf.impl.OpenICFProvisionerServiceTest@5e329ba8]" name="testSyncWithAllObjectClass" duration-ms="2" started-at="2014-07-22T17:18:11Z" data-provider="groovy-only" finished-at="2014-07-22T17:18:11Z">
          <params>
            <param index="0">
              <value>
                <![CDATA[groovy]]>
              </value>
            </param>
          </params>
          <reporter-output>
          </reporter-output>
        </test-method> <!-- testSyncWithAllObjectClass -->
        <test-method status="PASS" signature="testSyncWithAllObjectClass(java.lang.String)[pri:0, instance:org.forgerock.openidm.provisioner.openicf.impl.OpenICFProvisionerServiceTest@5e329ba8]" name="testSyncWithAllObjectClass" duration-ms="3" started-at="2014-07-22T17:18:11Z" data-provider="groovy-only" finished-at="2014-07-22T17:18:11Z">
          <params>
            <param index="0">
              <value>
                <![CDATA[groovyremote]]>
              </value>
            </param>
          </params>
          <reporter-output>
          </reporter-output>
        </test-method> <!-- testSyncWithAllObjectClass -->
        <test-method status="PASS" signature="testUpdateInstance(java.lang.String)[pri:0, instance:org.forgerock.openidm.provisioner.openicf.impl.OpenICFProvisionerServiceTest@5e329ba8]" name="testUpdateInstance" duration-ms="1" started-at="2014-07-22T17:18:11Z" data-provider="dp" finished-at="2014-07-22T17:18:11Z">
          <params>
            <param index="0">
              <value>
                <![CDATA[business]]>
              </value>
            </param>
          </params>
          <reporter-output>
          </reporter-output>
        </test-method> <!-- testUpdateInstance -->
        <test-method status="PASS" signature="testUpdateInstance(java.lang.String)[pri:0, instance:org.forgerock.openidm.provisioner.openicf.impl.OpenICFProvisionerServiceTest@5e329ba8]" name="testUpdateInstance" duration-ms="0" started-at="2014-07-22T17:18:11Z" data-provider="dp" finished-at="2014-07-22T17:18:11Z">
          <params>
            <param index="0">
              <value>
                <![CDATA[XML]]>
              </value>
            </param>
          </params>
          <reporter-output>
          </reporter-output>
        </test-method> <!-- testUpdateInstance -->
        <test-method status="PASS" signature="testUpdateInstance(java.lang.String)[pri:0, instance:org.forgerock.openidm.provisioner.openicf.impl.OpenICFProvisionerServiceTest@5e329ba8]" name="testUpdateInstance" duration-ms="0" started-at="2014-07-22T17:18:11Z" data-provider="dp" finished-at="2014-07-22T17:18:11Z">
          <params>
            <param index="0">
              <value>
                <![CDATA[groovy]]>
              </value>
            </param>
          </params>
          <reporter-output>
          </reporter-output>
        </test-method> <!-- testUpdateInstance -->
        <test-method status="PASS" signature="testUpdateInstance(java.lang.String)[pri:0, instance:org.forgerock.openidm.provisioner.openicf.impl.OpenICFProvisionerServiceTest@5e329ba8]" name="testUpdateInstance" duration-ms="0" started-at="2014-07-22T17:18:11Z" data-provider="dp" finished-at="2014-07-22T17:18:11Z">
          <params>
            <param index="0">
              <value>
                <![CDATA[groovyremote]]>
              </value>
            </param>
          </params>
          <reporter-output>
          </reporter-output>
        </test-method> <!-- testUpdateInstance -->
        <test-method status="PASS" signature="tearDown()[pri:0, instance:org.forgerock.openidm.provisioner.openicf.impl.OpenICFProvisionerServiceTest@5e329ba8]" name="tearDown" is-config="true" duration-ms="2" started-at="2014-07-22T17:18:11Z" finished-at="2014-07-22T17:18:11Z">
          <reporter-output>
          </reporter-output>
        </test-method> <!-- tearDown -->
        <test-method status="PASS" signature="testUpdateInstance(java.lang.String)[pri:0, instance:org.forgerock.openidm.provisioner.openicf.impl.OpenICFProvisionerServiceTest@5e329ba8]" name="testUpdateInstance" duration-ms="0" started-at="2014-07-22T17:18:11Z" data-provider="dp" finished-at="2014-07-22T17:18:11Z">
          <params>
            <param index="0">
              <value>
                <![CDATA[Test]]>
              </value>
            </param>
          </params>
          <reporter-output>
          </reporter-output>
        </test-method> <!-- testUpdateInstance -->
      </class> <!-- org.forgerock.openidm.provisioner.openicf.impl.OpenICFProvisionerServiceTest -->
      <class name="org.forgerock.openidm.provisioner.openicf.impl.ConnectorInfoProviderServiceTest">
        <test-method status="PASS" signature="beforeTest()[pri:0, instance:org.forgerock.openidm.provisioner.openicf.impl.ConnectorInfoProviderServiceTest@282a170d]" name="beforeTest" is-config="true" duration-ms="1035" started-at="2014-07-22T17:18:04Z" finished-at="2014-07-22T17:18:05Z">
          <reporter-output>
          </reporter-output>
        </test-method> <!-- beforeTest -->
        <test-method status="PASS" signature="beforeTest()[pri:0, instance:org.forgerock.openidm.provisioner.openicf.commons.ConnectorUtilTest@1749c228]" name="beforeTest" is-config="true" duration-ms="22" started-at="2014-07-22T17:18:05Z" finished-at="2014-07-22T17:18:05Z">
          <reporter-output>
          </reporter-output>
        </test-method> <!-- beforeTest -->
        <test-method status="PASS" signature="setUp()[pri:0, instance:org.forgerock.openidm.provisioner.openicf.syncfailure.SyncFailureHandlerFactoryImplTest@151a0f60]" name="setUp" is-config="true" duration-ms="12" started-at="2014-07-22T17:18:05Z" finished-at="2014-07-22T17:18:05Z">
          <reporter-output>
          </reporter-output>
        </test-method> <!-- setUp -->
        <test-method status="PASS" signature="testCreateSystemConfiguration()[pri:0, instance:org.forgerock.openidm.provisioner.openicf.impl.ConnectorInfoProviderServiceTest@282a170d]" name="testCreateSystemConfiguration" duration-ms="582" started-at="2014-07-22T17:18:05Z" finished-at="2014-07-22T17:18:06Z">
          <reporter-output>
          </reporter-output>
        </test-method> <!-- testCreateSystemConfiguration -->
        <test-method status="PASS" signature="testFindConnectorInfo()[pri:0, instance:org.forgerock.openidm.provisioner.openicf.impl.ConnectorInfoProviderServiceTest@282a170d]" name="testFindConnectorInfo" duration-ms="1" started-at="2014-07-22T17:18:06Z" finished-at="2014-07-22T17:18:06Z">
          <reporter-output>
          </reporter-output>
        </test-method> <!-- testFindConnectorInfo -->
        <test-method status="PASS" signature="testGetAllConnectorInfo()[pri:0, instance:org.forgerock.openidm.provisioner.openicf.impl.ConnectorInfoProviderServiceTest@282a170d]" name="testGetAllConnectorInfo" duration-ms="13" started-at="2014-07-22T17:18:06Z" finished-at="2014-07-22T17:18:06Z">
          <reporter-output>
          </reporter-output>
        </test-method> <!-- testGetAllConnectorInfo -->
        <test-method status="PASS" signature="afterTest()[pri:0, instance:org.forgerock.openidm.provisioner.openicf.impl.ConnectorInfoProviderServiceTest@282a170d]" name="afterTest" is-config="true" duration-ms="0" started-at="2014-07-22T17:18:11Z" finished-at="2014-07-22T17:18:11Z">
          <reporter-output>
          </reporter-output>
        </test-method> <!-- afterTest -->
      </class> <!-- org.forgerock.openidm.provisioner.openicf.impl.ConnectorInfoProviderServiceTest -->
    </test> <!-- Command line test -->
  </suite> <!-- Command line suite -->
</testng-results>
