<?xml version="1.0" encoding="UTF-8" ?>
<testsuite failures="0" time="1.565" errors="0" skipped="0" tests="88" name="TestSuite">
  <properties>
[...]
</properties>
  <testcase time="0.581" classname="org.forgerock.openidm.provisioner.openicf.impl.ConnectorInfoProviderServiceTest" name="testCreateSystemConfiguration"/>
  <testcase time="0.001" classname="org.forgerock.openidm.provisioner.openicf.impl.ConnectorInfoProviderServiceTest" name="testFindConnectorInfo"/>
  <testcase time="0.014" classname="org.forgerock.openidm.provisioner.openicf.impl.ConnectorInfoProviderServiceTest" name="testGetAllConnectorInfo"/>
  <testcase time="0" classname="org.forgerock.openidm.provisioner.openicf.commons.ConnectorUtilTest" name="testCoercedTypeCasting"/>
  <testcase time="0.001" classname="org.forgerock.openidm.provisioner.openicf.commons.ConnectorUtilTest" name="testCoercedTypeCastingForByte"/>
  <testcase time="0" classname="org.forgerock.openidm.provisioner.openicf.commons.ConnectorUtilTest" name="testCoercedTypeCastingForByteType"/>
  <testcase time="0.019" classname="org.forgerock.openidm.provisioner.openicf.commons.ConnectorUtilTest" name="testGetAPIConfiguration"/>
  <testcase time="0.057" classname="org.forgerock.openidm.provisioner.openicf.commons.ConnectorUtilTest" name="testGetSchema"/>
  <testcase time="0" classname="org.forgerock.openidm.provisioner.openicf.impl.OpenICFProvisionerServiceTest" name="testActionInstance"/>
  <testcase time="0" classname="org.forgerock.openidm.provisioner.openicf.impl.OpenICFProvisionerServiceTest" name="testActionInstance"/>
  <testcase time="0" classname="org.forgerock.openidm.provisioner.openicf.impl.OpenICFProvisionerServiceTest" name="testActionInstance"/>
  <testcase time="0" classname="org.forgerock.openidm.provisioner.openicf.impl.OpenICFProvisionerServiceTest" name="testActionInstance"/>
  <testcase time="0" classname="org.forgerock.openidm.provisioner.openicf.impl.OpenICFProvisionerServiceTest" name="testActionInstance"/>
  <testcase time="0.072" classname="org.forgerock.openidm.provisioner.openicf.impl.OpenICFProvisionerServiceTest" name="testBadRequestException"/>
  <testcase time="0.015" classname="org.forgerock.openidm.provisioner.openicf.impl.OpenICFProvisionerServiceTest" name="testBadRequestException"/>
  <testcase time="0.012" classname="org.forgerock.openidm.provisioner.openicf.impl.OpenICFProvisionerServiceTest" name="testConflictException"/>
  <testcase time="0.007" classname="org.forgerock.openidm.provisioner.openicf.impl.OpenICFProvisionerServiceTest" name="testConflictException"/>
  <testcase time="0.015" classname="org.forgerock.openidm.provisioner.openicf.impl.OpenICFProvisionerServiceTest" name="testForbiddenExceptionFromPasswordExpiredException"/>
  <testcase time="0.01" classname="org.forgerock.openidm.provisioner.openicf.impl.OpenICFProvisionerServiceTest" name="testForbiddenExceptionFromPasswordExpiredException"/>
  <testcase time="0.004" classname="org.forgerock.openidm.provisioner.openicf.impl.OpenICFProvisionerServiceTest" name="testForbiddenExceptionPermissionDeniedException"/>
  <testcase time="0.007" classname="org.forgerock.openidm.provisioner.openicf.impl.OpenICFProvisionerServiceTest" name="testForbiddenExceptionPermissionDeniedException"/>
  <testcase time="0" classname="org.forgerock.openidm.provisioner.openicf.impl.OpenICFProvisionerServiceTest" name="testHelloWorldAction"/>
  <testcase time="0" classname="org.forgerock.openidm.provisioner.openicf.impl.OpenICFProvisionerServiceTest" name="testHelloWorldAction"/>
  <testcase time="0" classname="org.forgerock.openidm.provisioner.openicf.impl.OpenICFProvisionerServiceTest" name="testHelloWorldAction"/>
  <testcase time="0.038" classname="org.forgerock.openidm.provisioner.openicf.impl.OpenICFProvisionerServiceTest" name="testHelloWorldAction"/>
  <testcase time="0" classname="org.forgerock.openidm.provisioner.openicf.impl.OpenICFProvisionerServiceTest" name="testHelloWorldAction"/>
  <testcase time="0.162" classname="org.forgerock.openidm.provisioner.openicf.impl.OpenICFProvisionerServiceTest" name="testInternalServerErrorExceptionFromConfigurationException"/>
  <testcase time="0.033" classname="org.forgerock.openidm.provisioner.openicf.impl.OpenICFProvisionerServiceTest" name="testInternalServerErrorExceptionFromConfigurationException"/>
  <testcase time="0.016" classname="org.forgerock.openidm.provisioner.openicf.impl.OpenICFProvisionerServiceTest" name="testInternalServerErrorExceptionFromConnectionBrokenException"/>
  <testcase time="0.029" classname="org.forgerock.openidm.provisioner.openicf.impl.OpenICFProvisionerServiceTest" name="testInternalServerErrorExceptionFromConnectionBrokenException"/>
  <testcase time="0.013" classname="org.forgerock.openidm.provisioner.openicf.impl.OpenICFProvisionerServiceTest" name="testInternalServerErrorExceptionFromConnectionFailedException"/>
  <testcase time="0.021" classname="org.forgerock.openidm.provisioner.openicf.impl.OpenICFProvisionerServiceTest" name="testInternalServerErrorExceptionFromConnectionFailedException"/>
  <testcase time="0.011" classname="org.forgerock.openidm.provisioner.openicf.impl.OpenICFProvisionerServiceTest" name="testInternalServerErrorExceptionFromConnectorException"/>
  <testcase time="0.019" classname="org.forgerock.openidm.provisioner.openicf.impl.OpenICFProvisionerServiceTest" name="testInternalServerErrorExceptionFromConnectorException"/>
  <testcase time="0.004" classname="org.forgerock.openidm.provisioner.openicf.impl.OpenICFProvisionerServiceTest" name="testInternalServerErrorExceptionFromConnectorSecurityException"/>
  <testcase time="0.007" classname="org.forgerock.openidm.provisioner.openicf.impl.OpenICFProvisionerServiceTest" name="testInternalServerErrorExceptionFromConnectorSecurityException"/>
  <testcase time="0.005" classname="org.forgerock.openidm.provisioner.openicf.impl.OpenICFProvisionerServiceTest" name="testInternalServerErrorExceptionFromIllegalArgumentException"/>
  <testcase time="0.006" classname="org.forgerock.openidm.provisioner.openicf.impl.OpenICFProvisionerServiceTest" name="testInternalServerErrorExceptionFromIllegalArgumentException"/>
  <testcase time="0.013" classname="org.forgerock.openidm.provisioner.openicf.impl.OpenICFProvisionerServiceTest" name="testInternalServerErrorExceptionFromNullPointerException"/>
  <testcase time="0.021" classname="org.forgerock.openidm.provisioner.openicf.impl.OpenICFProvisionerServiceTest" name="testInternalServerErrorExceptionFromNullPointerException"/>
  <testcase time="0" classname="org.forgerock.openidm.provisioner.openicf.impl.OpenICFProvisionerServiceTest" name="testNotFoundExceptionFromUnknownException"/>
  <testcase time="0" classname="org.forgerock.openidm.provisioner.openicf.impl.OpenICFProvisionerServiceTest" name="testNotFoundExceptionFromUnknownException"/>
  <testcase time="0" classname="org.forgerock.openidm.provisioner.openicf.impl.OpenICFProvisionerServiceTest" name="testNotFoundExceptionFromUnsupportedOperationException"/>
  <testcase time="0" classname="org.forgerock.openidm.provisioner.openicf.impl.OpenICFProvisionerServiceTest" name="testNotFoundExceptionFromUnsupportedOperationException"/>
  <testcase time="0" classname="org.forgerock.openidm.provisioner.openicf.impl.OpenICFProvisionerServiceTest" name="testPatchInstance"/>
  <testcase time="0" classname="org.forgerock.openidm.provisioner.openicf.impl.OpenICFProvisionerServiceTest" name="testPatchInstance"/>
  <testcase time="0" classname="org.forgerock.openidm.provisioner.openicf.impl.OpenICFProvisionerServiceTest" name="testPatchInstance"/>
  <testcase time="0" classname="org.forgerock.openidm.provisioner.openicf.impl.OpenICFProvisionerServiceTest" name="testPatchInstance"/>
  <testcase time="0" classname="org.forgerock.openidm.provisioner.openicf.impl.OpenICFProvisionerServiceTest" name="testPatchInstance"/>
  <testcase time="0.004" classname="org.forgerock.openidm.provisioner.openicf.impl.OpenICFProvisionerServiceTest" name="testPermanentExceptionFromInvalidCredentialException"/>
  <testcase time="0.006" classname="org.forgerock.openidm.provisioner.openicf.impl.OpenICFProvisionerServiceTest" name="testPermanentExceptionFromInvalidCredentialException"/>
  <testcase time="0.003" classname="org.forgerock.openidm.provisioner.openicf.impl.OpenICFProvisionerServiceTest" name="testPermanentExceptionFromInvalidPasswordException"/>
  <testcase time="0.005" classname="org.forgerock.openidm.provisioner.openicf.impl.OpenICFProvisionerServiceTest" name="testPermanentExceptionFromInvalidPasswordException"/>
  <testcase time="0.022" classname="org.forgerock.openidm.provisioner.openicf.impl.OpenICFProvisionerServiceTest" name="testPreconditionFailedException"/>
  <testcase time="0.024" classname="org.forgerock.openidm.provisioner.openicf.impl.OpenICFProvisionerServiceTest" name="testPreconditionFailedException"/>
  <testcase time="0.013" classname="org.forgerock.openidm.provisioner.openicf.impl.OpenICFProvisionerServiceTest" name="testPreconditionRequiredException"/>
  <testcase time="0.016" classname="org.forgerock.openidm.provisioner.openicf.impl.OpenICFProvisionerServiceTest" name="testPreconditionRequiredException"/>
  <testcase time="0" classname="org.forgerock.openidm.provisioner.openicf.impl.OpenICFProvisionerServiceTest" name="testReadInstance"/>
  <testcase time="0" classname="org.forgerock.openidm.provisioner.openicf.impl.OpenICFProvisionerServiceTest" name="testReadInstance"/>
  <testcase time="0" classname="org.forgerock.openidm.provisioner.openicf.impl.OpenICFProvisionerServiceTest" name="testReadInstance"/>
  <testcase time="0" classname="org.forgerock.openidm.provisioner.openicf.impl.OpenICFProvisionerServiceTest" name="testReadInstance"/>
  <testcase time="0" classname="org.forgerock.openidm.provisioner.openicf.impl.OpenICFProvisionerServiceTest" name="testReadInstance"/>
  <testcase time="0.01" classname="org.forgerock.openidm.provisioner.openicf.impl.OpenICFProvisionerServiceTest" name="testServiceUnavailableExceptionFromConnectorIOException"/>
  <testcase time="0.018" classname="org.forgerock.openidm.provisioner.openicf.impl.OpenICFProvisionerServiceTest" name="testServiceUnavailableExceptionFromConnectorIOException"/>
  <testcase time="0.01" classname="org.forgerock.openidm.provisioner.openicf.impl.OpenICFProvisionerServiceTest" name="testServiceUnavailableExceptionFromOperationTimeoutException"/>
  <testcase time="0.016" classname="org.forgerock.openidm.provisioner.openicf.impl.OpenICFProvisionerServiceTest" name="testServiceUnavailableExceptionFromOperationTimeoutException"/>
  <testcase time="0.005" classname="org.forgerock.openidm.provisioner.openicf.impl.OpenICFProvisionerServiceTest" name="testServiceUnavailableExceptionFromRetryableException"/>
  <testcase time="0.005" classname="org.forgerock.openidm.provisioner.openicf.impl.OpenICFProvisionerServiceTest" name="testServiceUnavailableExceptionFromRetryableException"/>
  <testcase time="0.097" classname="org.forgerock.openidm.provisioner.openicf.impl.OpenICFProvisionerServiceTest" name="testSync"/>
  <testcase time="0.087" classname="org.forgerock.openidm.provisioner.openicf.impl.OpenICFProvisionerServiceTest" name="testSync"/>
  <testcase time="0.002" classname="org.forgerock.openidm.provisioner.openicf.impl.OpenICFProvisionerServiceTest" name="testSyncWithAllObjectClass"/>
  <testcase time="0.003" classname="org.forgerock.openidm.provisioner.openicf.impl.OpenICFProvisionerServiceTest" name="testSyncWithAllObjectClass"/>
  <testcase time="0" classname="org.forgerock.openidm.provisioner.openicf.impl.OpenICFProvisionerServiceTest" name="testUpdateInstance"/>
  <testcase time="0" classname="org.forgerock.openidm.provisioner.openicf.impl.OpenICFProvisionerServiceTest" name="testUpdateInstance"/>
  <testcase time="0" classname="org.forgerock.openidm.provisioner.openicf.impl.OpenICFProvisionerServiceTest" name="testUpdateInstance"/>
  <testcase time="0" classname="org.forgerock.openidm.provisioner.openicf.impl.OpenICFProvisionerServiceTest" name="testUpdateInstance"/>
  <testcase time="0" classname="org.forgerock.openidm.provisioner.openicf.impl.OpenICFProvisionerServiceTest" name="testUpdateInstance"/>
  <testcase time="0.003" classname="org.forgerock.openidm.provisioner.openicf.syncfailure.SyncFailureHandlerFactoryImplTest" name="testCreateDeadLetterQueue"/>
  <testcase time="0" classname="org.forgerock.openidm.provisioner.openicf.syncfailure.SyncFailureHandlerFactoryImplTest" name="testCreateEmptyConfig"/>
  <testcase time="0.001" classname="org.forgerock.openidm.provisioner.openicf.syncfailure.SyncFailureHandlerFactoryImplTest" name="testCreateInfiniteRetry"/>
  <testcase time="0" classname="org.forgerock.openidm.provisioner.openicf.syncfailure.SyncFailureHandlerFactoryImplTest" name="testCreateLoggedIgnore"/>
  <testcase time="0" classname="org.forgerock.openidm.provisioner.openicf.syncfailure.SyncFailureHandlerFactoryImplTest" name="testCreateNoConfig"/>
  <testcase time="0" classname="org.forgerock.openidm.provisioner.openicf.syncfailure.SyncFailureHandlerFactoryImplTest" name="testCreateNullConfig"/>
  <testcase time="0" classname="org.forgerock.openidm.provisioner.openicf.syncfailure.SyncFailureHandlerFactoryImplTest" name="testCreateRetryOnly"/>
  <testcase time="0" classname="org.forgerock.openidm.provisioner.openicf.syncfailure.SyncFailureHandlerFactoryImplTest" name="testCreateRetryWithDeadLetterQueue"/>
  <testcase time="0.002" classname="org.forgerock.openidm.provisioner.openicf.syncfailure.SyncFailureHandlerFactoryImplTest" name="testCreateRetryWithScript"/>
  <testcase time="0" classname="org.forgerock.openidm.provisioner.openicf.syncfailure.SyncFailureHandlerFactoryImplTest" name="testCreateScript"/>
  <testcase time="0" classname="org.forgerock.openidm.provisioner.openicf.internal.SystemActionTest" name="testGetName"/>
</testsuite>