<?xml version="1.0" encoding="UTF-8"?>
<testng-results skipped="0" failed="0" total="3" passed="3">
  <reporter-output>
  </reporter-output>
  <suite name="org.forgerock.openidm.crypto.impl.MainTest" duration-ms="171" started-at="2014-07-22T15:17:03Z" finished-at="2014-07-22T15:17:03Z">
    <groups>
    </groups>
    <test name="Command line test" duration-ms="171" started-at="2014-07-22T15:17:03Z" finished-at="2014-07-22T15:17:03Z">
      <class name="org.forgerock.openidm.crypto.impl.MainTest">
        <test-method status="PASS" signature="testEncrypt()[pri:0, instance:org.forgerock.openidm.crypto.impl.MainTest@790417ad]" name="testEncrypt" duration-ms="158" started-at="2014-07-22T17:17:03Z" finished-at="2014-07-22T17:17:03Z">
          <reporter-output>
          </reporter-output>
        </test-method> <!-- testEncrypt -->
        <test-method status="PASS" signature="testObfuscate()[pri:0, instance:org.forgerock.openidm.crypto.impl.MainTest@790417ad]" name="testObfuscate" duration-ms="1" started-at="2014-07-22T17:17:03Z" finished-at="2014-07-22T17:17:03Z">
          <reporter-output>
          </reporter-output>
        </test-method> <!-- testObfuscate -->
        <test-method status="PASS" signature="testUnfold()[pri:0, instance:org.forgerock.openidm.crypto.impl.MainTest@790417ad]" name="testUnfold" duration-ms="1" started-at="2014-07-22T17:17:03Z" finished-at="2014-07-22T17:17:03Z">
          <reporter-output>
          </reporter-output>
        </test-method> <!-- testUnfold -->
      </class> <!-- org.forgerock.openidm.crypto.impl.MainTest -->
    </test> <!-- Command line test -->
  </suite> <!-- org.forgerock.openidm.crypto.impl.MainTest -->
</testng-results>
