<?xml version="1.0" encoding="UTF-8"?>
<testng-results skipped="0" failed="0" total="0" passed="0">
  <reporter-output>
  </reporter-output>
  <suite name="org.forgerock.openidm.smartevent.PublisherTest" duration-ms="2" started-at="2014-07-22T15:16:54Z" finished-at="2014-07-22T15:16:54Z">
    <groups>
    </groups>
    <test name="Command line test" duration-ms="2" started-at="2014-07-22T15:16:54Z" finished-at="2014-07-22T15:16:54Z">
    </test> <!-- Command line test -->
  </suite> <!-- org.forgerock.openidm.smartevent.PublisherTest -->
</testng-results>
