<?xml version="1.0" encoding="UTF-8"?>
<!-- Generated by org.testng.reporters.JUnitXMLReporter -->
<testsuite hostname="MacBook-Pro-de-Bruno-2.local" name="Command line test" tests="4" failures="0" timestamp="22 Jul 2014 15:18:00 GMT" time="0.039" errors="0">
  <testcase name="testExpectObjectId" time="0.023" classname="org.forgerock.openidm.provisioner.IdTest"/>
  <testcase name="testId" time="0.004" classname="org.forgerock.openidm.provisioner.IdTest"/>
  <testcase name="testMalformedURLPrefix" time="0.0" classname="org.forgerock.openidm.provisioner.IdTest"/>
  <testcase name="testResolveLocalId" time="0.0" classname="org.forgerock.openidm.provisioner.IdTest"/>
</testsuite> <!-- Command line test -->
