<?xml version="1.0" encoding="UTF-8"?>
<testng-results skipped="8" failed="0" total="9" passed="1">
  <reporter-output>
  </reporter-output>
  <suite name="Command line suite" duration-ms="24" started-at="2014-07-22T15:16:58Z" finished-at="2014-07-22T15:16:58Z">
    <groups>
    </groups>
    <test name="Command line test" duration-ms="24" started-at="2014-07-22T15:16:58Z" finished-at="2014-07-22T15:16:58Z">
      <class name="org.forgerock.openidm.util.FileUtilTest">
        <test-method status="SKIP" signature="beforeClass()[pri:0, instance:org.forgerock.openidm.util.FileUtilTest@24d8116d]" name="beforeClass" is-config="true" duration-ms="0" started-at="2014-07-22T17:16:58Z" finished-at="2014-07-22T17:16:58Z">
          <exception class="org.testng.SkipException">
            <message>
              <![CDATA[Skipping FileUtil test because the missing test files.]]>
            </message>
            <full-stacktrace>
              <![CDATA[org.testng.SkipException: Skipping FileUtil test because the missing test files.
	at org.forgerock.openidm.util.FileUtilTest.beforeClass(FileUtilTest.java:56)
	at sun.reflect.NativeMethodAccessorImpl.invoke0(Native Method)
	at sun.reflect.NativeMethodAccessorImpl.invoke(NativeMethodAccessorImpl.java:57)
	at sun.reflect.DelegatingMethodAccessorImpl.invoke(DelegatingMethodAccessorImpl.java:43)
	at java.lang.reflect.Method.invoke(Method.java:606)
	at org.testng.internal.MethodInvocationHelper.invokeMethod(MethodInvocationHelper.java:84)
	at org.testng.internal.Invoker.invokeConfigurationMethod(Invoker.java:564)
	at org.testng.internal.Invoker.invokeConfigurations(Invoker.java:213)
	at org.testng.internal.Invoker.invokeConfigurations(Invoker.java:138)
	at org.testng.internal.TestMethodWorker.invokeBeforeClassMethods(TestMethodWorker.java:175)
	at org.testng.internal.TestMethodWorker.run(TestMethodWorker.java:107)
	at org.testng.TestRunner.privateRun(TestRunner.java:767)
	at org.testng.TestRunner.run(TestRunner.java:617)
	at org.testng.SuiteRunner.runTest(SuiteRunner.java:334)
	at org.testng.SuiteRunner.runSequentially(SuiteRunner.java:329)
	at org.testng.SuiteRunner.privateRun(SuiteRunner.java:291)
	at org.testng.SuiteRunner.run(SuiteRunner.java:240)
	at org.testng.SuiteRunnerWorker.runSuite(SuiteRunnerWorker.java:52)
	at org.testng.SuiteRunnerWorker.run(SuiteRunnerWorker.java:86)
	at org.testng.TestNG.runSuitesSequentially(TestNG.java:1224)
	at org.testng.TestNG.runSuitesLocally(TestNG.java:1149)
	at org.testng.TestNG.run(TestNG.java:1057)
	at org.apache.maven.surefire.testng.TestNGExecutor.run(TestNGExecutor.java:77)
	at org.apache.maven.surefire.testng.TestNGDirectoryTestSuite.executeMulti(TestNGDirectoryTestSuite.java:159)
	at org.apache.maven.surefire.testng.TestNGDirectoryTestSuite.execute(TestNGDirectoryTestSuite.java:99)
	at org.apache.maven.surefire.testng.TestNGProvider.invoke(TestNGProvider.java:106)
	at sun.reflect.NativeMethodAccessorImpl.invoke0(Native Method)
	at sun.reflect.NativeMethodAccessorImpl.invoke(NativeMethodAccessorImpl.java:57)
	at sun.reflect.DelegatingMethodAccessorImpl.invoke(DelegatingMethodAccessorImpl.java:43)
	at java.lang.reflect.Method.invoke(Method.java:606)
	at org.apache.maven.surefire.util.ReflectionUtils.invokeMethodWithArray(ReflectionUtils.java:189)
	at org.apache.maven.surefire.booter.ProviderFactory$ProviderProxy.invoke(ProviderFactory.java:165)
	at org.apache.maven.surefire.booter.ProviderFactory.invokeProvider(ProviderFactory.java:85)
	at org.apache.maven.surefire.booter.ForkedBooter.runSuitesInProcess(ForkedBooter.java:115)
	at org.apache.maven.surefire.booter.ForkedBooter.main(ForkedBooter.java:75)
]]>
            </full-stacktrace>
          </exception> <!-- org.testng.SkipException -->
          <reporter-output>
          </reporter-output>
        </test-method> <!-- beforeClass -->
        <test-method status="SKIP" signature="testReadFile()[pri:0, instance:org.forgerock.openidm.util.FileUtilTest@24d8116d]" name="testReadFile" duration-ms="1" started-at="2014-07-22T17:16:58Z" finished-at="2014-07-22T17:16:58Z">
          <reporter-output>
          </reporter-output>
        </test-method> <!-- testReadFile -->
        <test-method status="SKIP" signature="testReadFile()[pri:0, instance:org.forgerock.openidm.util.FileUtilTest@24d8116d]" name="testReadFile" duration-ms="0" started-at="2014-07-22T17:16:58Z" finished-at="2014-07-22T17:16:58Z">
          <reporter-output>
          </reporter-output>
        </test-method> <!-- testReadFile -->
        <test-method status="SKIP" signature="testReadFile()[pri:0, instance:org.forgerock.openidm.util.FileUtilTest@24d8116d]" name="testReadFile" duration-ms="0" started-at="2014-07-22T17:16:58Z" finished-at="2014-07-22T17:16:58Z">
          <reporter-output>
          </reporter-output>
        </test-method> <!-- testReadFile -->
        <test-method status="SKIP" signature="testReadFile()[pri:0, instance:org.forgerock.openidm.util.FileUtilTest@24d8116d]" name="testReadFile" duration-ms="0" started-at="2014-07-22T17:16:58Z" finished-at="2014-07-22T17:16:58Z">
          <reporter-output>
          </reporter-output>
        </test-method> <!-- testReadFile -->
        <test-method status="SKIP" signature="testReadLargeFile()[pri:0, instance:org.forgerock.openidm.util.FileUtilTest@24d8116d]" name="testReadLargeFile" duration-ms="0" started-at="2014-07-22T17:16:58Z" finished-at="2014-07-22T17:16:58Z">
          <reporter-output>
          </reporter-output>
        </test-method> <!-- testReadLargeFile -->
        <test-method status="SKIP" signature="testReadLargeFile()[pri:0, instance:org.forgerock.openidm.util.FileUtilTest@24d8116d]" name="testReadLargeFile" duration-ms="1" started-at="2014-07-22T17:16:58Z" finished-at="2014-07-22T17:16:58Z">
          <reporter-output>
          </reporter-output>
        </test-method> <!-- testReadLargeFile -->
        <test-method status="SKIP" signature="testReadLargeFile()[pri:0, instance:org.forgerock.openidm.util.FileUtilTest@24d8116d]" name="testReadLargeFile" duration-ms="0" started-at="2014-07-22T17:16:58Z" finished-at="2014-07-22T17:16:58Z">
          <reporter-output>
          </reporter-output>
        </test-method> <!-- testReadLargeFile -->
        <test-method status="SKIP" signature="testReadLargeFile()[pri:0, instance:org.forgerock.openidm.util.FileUtilTest@24d8116d]" name="testReadLargeFile" duration-ms="0" started-at="2014-07-22T17:16:58Z" finished-at="2014-07-22T17:16:58Z">
          <reporter-output>
          </reporter-output>
        </test-method> <!-- testReadLargeFile -->
      </class> <!-- org.forgerock.openidm.util.FileUtilTest -->
      <class name="org.forgerock.openidm.osgi.OsgiNameTest">
        <test-method status="PASS" signature="checkValidNames()[pri:0, instance:org.forgerock.openidm.osgi.OsgiNameTest@4b272332]" name="checkValidNames" duration-ms="3" started-at="2014-07-22T17:16:58Z" finished-at="2014-07-22T17:16:58Z">
          <reporter-output>
          </reporter-output>
        </test-method> <!-- checkValidNames -->
      </class> <!-- org.forgerock.openidm.osgi.OsgiNameTest -->
    </test> <!-- Command line test -->
  </suite> <!-- Command line suite -->
</testng-results>
